\BOOKMARK [0][-]{chapter.1}{Introduction}{}% 1
\BOOKMARK [1][-]{section*.4}{Playing the Game}{chapter.1}% 2
\BOOKMARK [1][-]{section*.12}{Glossary}{chapter.1}% 3
\BOOKMARK [0][-]{chapter.2}{Characters}{}% 4
\BOOKMARK [1][-]{section*.13}{Creation Process}{chapter.2}% 5
\BOOKMARK [1][-]{section*.22}{Races}{chapter.2}% 6
\BOOKMARK [1][-]{section*.28}{SPECIAL}{chapter.2}% 7
\BOOKMARK [1][-]{section*.36}{Secondary Statistics}{chapter.2}% 8
\BOOKMARK [1][-]{section*.51}{Skills}{chapter.2}% 9
\BOOKMARK [1][-]{section*.68}{Traits}{chapter.2}% 10
\BOOKMARK [0][-]{chapter.3}{Equipment}{}% 11
\BOOKMARK [1][-]{section*.106}{Caps \046 Currency}{chapter.3}% 12
\BOOKMARK [1][-]{section*.107}{Quick Slots}{chapter.3}% 13
\BOOKMARK [1][-]{section*.108}{Weapon Slots}{chapter.3}% 14
\BOOKMARK [1][-]{section*.109}{Weapon Characteristics}{chapter.3}% 15
\BOOKMARK [1][-]{section*.129}{Apparel}{chapter.3}% 16
\BOOKMARK [1][-]{section*.136}{Mundane Items}{chapter.3}% 17
\BOOKMARK [1][-]{section*.141}{Optional Equipment Rules}{chapter.3}% 18
\BOOKMARK [2][-]{section*.142}{Item Condition, Degradation \046 Repair}{section*.141}% 19
\BOOKMARK [2][-]{section*.148}{Modifying Equipment}{section*.141}% 20
\BOOKMARK [0][-]{chapter.4}{Character Advancement}{}% 21
\BOOKMARK [1][-]{section*.149}{Leveling Up}{chapter.4}% 22
\BOOKMARK [1][-]{section*.150}{Improving Skills}{chapter.4}% 23
\BOOKMARK [1][-]{section*.151}{Improving Strain and Aerial Maneuvers}{chapter.4}% 24
\BOOKMARK [1][-]{section*.152}{Gaining Perks}{chapter.4}% 25
\BOOKMARK [0][-]{chapter.5}{Game Rules}{}% 26
\BOOKMARK [1][-]{section*.159}{SPECIAL Rolls}{chapter.5}% 27
\BOOKMARK [1][-]{section*.160}{Skill Rolls}{chapter.5}% 28
\BOOKMARK [1][-]{section*.162}{Assisting}{chapter.5}% 29
\BOOKMARK [1][-]{section*.163}{Opposed Rolls}{chapter.5}% 30
\BOOKMARK [1][-]{section*.164}{Critical Success and Failure}{chapter.5}% 31
\BOOKMARK [1][-]{section*.165}{SPECIAL \046 Skill Value Modifiers}{chapter.5}% 32
\BOOKMARK [1][-]{section*.166}{Character Death}{chapter.5}% 33
\BOOKMARK [1][-]{section*.167}{Environmental \046 Other Hazards}{chapter.5}% 34
\BOOKMARK [1][-]{section*.177}{Sneaking}{chapter.5}% 35
\BOOKMARK [1][-]{section*.178}{Long Distance Travel}{chapter.5}% 36
\BOOKMARK [1][-]{section*.182}{Flight}{chapter.5}% 37
\BOOKMARK [0][-]{chapter.6}{Additional Rules}{}% 38
\BOOKMARK [1][-]{section*.183}{Scavenging}{chapter.6}% 39
\BOOKMARK [1][-]{section*.184}{Invention}{chapter.6}% 40
\BOOKMARK [1][-]{section*.187}{NPC Disposition}{chapter.6}% 41
\BOOKMARK [1][-]{section*.188}{PipBuck}{chapter.6}% 42
\BOOKMARK [1][-]{section*.200}{Optional Rules}{chapter.6}% 43
\BOOKMARK [2][-]{section*.201}{Sleep Deprivation}{section*.200}% 44
\BOOKMARK [2][-]{section*.202}{Hunger \046 Thirst}{section*.200}% 45
\BOOKMARK [0][-]{chapter.7}{Combat}{}% 46
\BOOKMARK [1][-]{section*.203}{Combat Sequence}{chapter.7}% 47
\BOOKMARK [1][-]{section*.204}{Initiative}{chapter.7}% 48
\BOOKMARK [1][-]{section*.205}{Combat Turn}{chapter.7}% 49
\BOOKMARK [1][-]{section*.206}{Combat Statistics}{chapter.7}% 50
\BOOKMARK [2][-]{section*.207}{Combat Variables}{section*.206}% 51
\BOOKMARK [2][-]{section*.223}{Crippled}{section*.206}% 52
\BOOKMARK [2][-]{section*.224}{Area of Effect}{section*.206}% 53
\BOOKMARK [2][-]{section*.225}{Status Effects}{section*.206}% 54
\BOOKMARK [1][-]{section*.237}{Combat Actions}{chapter.7}% 55
\BOOKMARK [2][-]{section*.238}{Movement Actions}{section*.237}% 56
\BOOKMARK [2][-]{section*.252}{Attack Actions}{section*.237}% 57
\BOOKMARK [2][-]{section*.263}{Combat Tricks}{section*.237}% 58
\BOOKMARK [2][-]{section*.268}{Defensive actions}{section*.237}% 59
\BOOKMARK [2][-]{section*.271}{Other Actions}{section*.237}% 60
\BOOKMARK [1][-]{section*.281}{Damage Calculations}{chapter.7}% 61
\BOOKMARK [2][-]{section*.282}{Damage \046 Damage Threshold}{section*.281}% 62
\BOOKMARK [2][-]{section*.283}{Losing HP Tokens}{section*.281}% 63
\BOOKMARK [2][-]{section*.284}{Pain Thresholds}{section*.281}% 64
\BOOKMARK [2][-]{section*.285}{Critical Damage \046 Critical Damage Threshold}{section*.281}% 65
\BOOKMARK [2][-]{section*.286}{SPECIAL Damage}{section*.281}% 66
\BOOKMARK [2][-]{section*.287}{Healing HP}{section*.281}% 67
\BOOKMARK [0][-]{chapter.8}{Magic \046 Spells}{}% 68
\BOOKMARK [1][-]{section*.291}{Spell Rules}{chapter.8}% 69
\BOOKMARK [1][-]{section*.292}{Spell Characteristics}{chapter.8}% 70
\BOOKMARK [1][-]{section*.300}{Earth Pony Magic}{chapter.8}% 71
\BOOKMARK [1][-]{section*.303}{Pegasus \046 Griffin Aerial Maneuvers}{chapter.8}% 72
\BOOKMARK [1][-]{section*.306}{Unicorn Magic}{chapter.8}% 73
\BOOKMARK [1][-]{section*.309}{Zebra Magic}{chapter.8}% 74
\BOOKMARK [2][-]{section*.310}{Alchemy}{section*.309}% 75
\BOOKMARK [2][-]{section*.315}{Shamanism}{section*.309}% 76
\BOOKMARK [0][-]{chapter*.321}{Combat Quick Reference Sheet}{}% 77
