This is pdfTeX, Version 3.14159265-2.6-1.40.19 (MiKTeX 2.9.6630 64-bit) (preloaded format=pdflatex 2018.6.29)  25 AUG 2019 15:19
entering extended mode
**./FOEWV_TEX.tex
(FOEWV_TEX.tex
LaTeX2e <2017-04-15>
Babel <3.18> and hyphenation patterns for 75 language(s) loaded.
("C:\Users\Roope O\AppData\Local\Programs\MiKTeX 2.9\tex\latex\base\book.cls"
Document Class: book 2014/09/29 v1.4h Standard LaTeX document class
("C:\Users\Roope O\AppData\Local\Programs\MiKTeX 2.9\tex\latex\base\bk11.clo"
File: bk11.clo 2014/09/29 v1.4h Standard LaTeX file (size option)
)
\c@part=\count79
\c@chapter=\count80
\c@section=\count81
\c@subsection=\count82
\c@subsubsection=\count83
\c@paragraph=\count84
\c@subparagraph=\count85
\c@figure=\count86
\c@table=\count87
\abovecaptionskip=\skip41
\belowcaptionskip=\skip42
\bibindent=\dimen102
)
("C:\Users\Roope O\AppData\Local\Programs\MiKTeX 2.9\tex\latex\base\inputenc.st
y"
Package: inputenc 2015/03/17 v1.2c Input encoding file
\inpenc@prehook=\toks14
\inpenc@posthook=\toks15

("C:\Users\Roope O\AppData\Local\Programs\MiKTeX 2.9\tex\latex\base\latin1.def"
File: latin1.def 2015/03/17 v1.2c Input encoding file
))
("C:\Users\Roope O\AppData\Local\Programs\MiKTeX 2.9\tex\latex\amsmath\amsmath.
sty"
Package: amsmath 2017/09/02 v2.17a AMS math features
\@mathmargin=\skip43

For additional information on amsmath, use the `?' option.

("C:\Users\Roope O\AppData\Local\Programs\MiKTeX 2.9\tex\latex\amsmath\amstext.
sty"
Package: amstext 2000/06/29 v2.01 AMS text

("C:\Users\Roope O\AppData\Local\Programs\MiKTeX 2.9\tex\latex\amsmath\amsgen.s
ty"
File: amsgen.sty 1999/11/30 v2.0 generic functions
\@emptytoks=\toks16
\ex@=\dimen103
))
("C:\Users\Roope O\AppData\Local\Programs\MiKTeX 2.9\tex\latex\amsmath\amsbsy.s
ty"
Package: amsbsy 1999/11/29 v1.2d Bold Symbols
\pmbraise@=\dimen104
)
("C:\Users\Roope O\AppData\Local\Programs\MiKTeX 2.9\tex\latex\amsmath\amsopn.s
ty"
Package: amsopn 2016/03/08 v2.02 operator names
)
\inf@bad=\count88
LaTeX Info: Redefining \frac on input line 213.
\uproot@=\count89
\leftroot@=\count90
LaTeX Info: Redefining \overline on input line 375.
\classnum@=\count91
\DOTSCASE@=\count92
LaTeX Info: Redefining \ldots on input line 472.
LaTeX Info: Redefining \dots on input line 475.
LaTeX Info: Redefining \cdots on input line 596.
\Mathstrutbox@=\box26
\strutbox@=\box27
\big@size=\dimen105
LaTeX Font Info:    Redeclaring font encoding OML on input line 712.
LaTeX Font Info:    Redeclaring font encoding OMS on input line 713.
\macc@depth=\count93
\c@MaxMatrixCols=\count94
\dotsspace@=\muskip10
\c@parentequation=\count95
\dspbrk@lvl=\count96
\tag@help=\toks17
\row@=\count97
\column@=\count98
\maxfields@=\count99
\andhelp@=\toks18
\eqnshift@=\dimen106
\alignsep@=\dimen107
\tagshift@=\dimen108
\tagwidth@=\dimen109
\totwidth@=\dimen110
\lineht@=\dimen111
\@envbody=\toks19
\multlinegap=\skip44
\multlinetaggap=\skip45
\mathdisplay@stack=\toks20
LaTeX Info: Redefining \[ on input line 2817.
LaTeX Info: Redefining \] on input line 2818.
)
("C:\Users\Roope O\AppData\Local\Programs\MiKTeX 2.9\tex\latex\amsfonts\amsfont
s.sty"
Package: amsfonts 2013/01/14 v3.01 Basic AMSFonts support
\symAMSa=\mathgroup4
\symAMSb=\mathgroup5
LaTeX Font Info:    Overwriting math alphabet `\mathfrak' in version `bold'
(Font)                  U/euf/m/n --> U/euf/b/n on input line 106.
)
("C:\Users\Roope O\AppData\Local\Programs\MiKTeX 2.9\tex\latex\amsfonts\amssymb
.sty"
Package: amssymb 2013/01/14 v3.01 AMS font symbols
)
("C:\Users\Roope O\AppData\Local\Programs\MiKTeX 2.9\tex\latex\graphics\graphic
x.sty"
Package: graphicx 2017/06/01 v1.1a Enhanced LaTeX Graphics (DPC,SPQR)

("C:\Users\Roope O\AppData\Local\Programs\MiKTeX 2.9\tex\latex\graphics\keyval.
sty"
Package: keyval 2014/10/28 v1.15 key=value parser (DPC)
\KV@toks@=\toks21
)
("C:\Users\Roope O\AppData\Local\Programs\MiKTeX 2.9\tex\latex\graphics\graphic
s.sty"
Package: graphics 2017/06/25 v1.2c Standard LaTeX Graphics (DPC,SPQR)

("C:\Users\Roope O\AppData\Local\Programs\MiKTeX 2.9\tex\latex\graphics\trig.st
y"
Package: trig 2016/01/03 v1.10 sin cos tan (DPC)
)
("C:\Users\Roope O\AppData\Local\Programs\MiKTeX 2.9\tex\latex\graphics-cfg\gra
phics.cfg"
File: graphics.cfg 2016/06/04 v1.11 sample graphics configuration
)
Package graphics Info: Driver file: pdftex.def on input line 99.

("C:\Users\Roope O\AppData\Local\Programs\MiKTeX 2.9\tex\latex\graphics-def\pdf
tex.def"
File: pdftex.def 2018/01/08 v1.0l Graphics/color driver for pdftex
))
\Gin@req@height=\dimen112
\Gin@req@width=\dimen113
)
("C:\Users\Roope O\AppData\Local\Programs\MiKTeX 2.9\tex\latex\xcolor\xcolor.st
y"
Package: xcolor 2016/05/11 v2.12 LaTeX color extensions (UK)

("C:\Users\Roope O\AppData\Local\Programs\MiKTeX 2.9\tex\latex\graphics-cfg\col
or.cfg"
File: color.cfg 2016/01/02 v1.6 sample color configuration
)
Package xcolor Info: Driver file: pdftex.def on input line 225.

("C:\Users\Roope O\AppData\Local\Programs\MiKTeX 2.9\tex\latex\colortbl\colortb
l.sty"
Package: colortbl 2018/05/02 v1.0c Color table columns (DPC)

("C:\Users\Roope O\AppData\Local\Programs\MiKTeX 2.9\tex\latex\tools\array.sty"
Package: array 2016/10/06 v2.4d Tabular extension package (FMi)
\col@sep=\dimen114
\extrarowheight=\dimen115
\NC@list=\toks22
\extratabsurround=\skip46
\backup@length=\skip47
)
\everycr=\toks23
\minrowclearance=\skip48
)
\rownum=\count100
Package xcolor Info: Model `cmy' substituted by `cmy0' on input line 1348.
Package xcolor Info: Model `hsb' substituted by `rgb' on input line 1352.
Package xcolor Info: Model `RGB' extended on input line 1364.
Package xcolor Info: Model `HTML' substituted by `rgb' on input line 1366.
Package xcolor Info: Model `Hsb' substituted by `hsb' on input line 1367.
Package xcolor Info: Model `tHsb' substituted by `hsb' on input line 1368.
Package xcolor Info: Model `HSB' substituted by `hsb' on input line 1369.
Package xcolor Info: Model `Gray' substituted by `gray' on input line 1370.
Package xcolor Info: Model `wave' substituted by `hsb' on input line 1371.
)
("C:\Users\Roope O\AppData\Local\Programs\MiKTeX 2.9\tex\latex\wrapfig\wrapfig.
sty"
\wrapoverhang=\dimen116
\WF@size=\dimen117
\c@WF@wrappedlines=\count101
\WF@box=\box28
\WF@everypar=\toks24
Package: wrapfig 2003/01/31  v 3.6
)
("C:\Users\Roope O\AppData\Local\Programs\MiKTeX 2.9\tex\latex\tools\multicol.s
ty"
Package: multicol 2017/04/11 v1.8q multicolumn formatting (FMi)
\c@tracingmulticols=\count102


Package multicol Warning: May not work with the twocolumn option on input line 
134.

\mult@box=\box29
\multicol@leftmargin=\dimen118
\c@unbalance=\count103
\c@collectmore=\count104
\doublecol@number=\count105
\multicoltolerance=\count106
\multicolpretolerance=\count107
\full@width=\dimen119
\page@free=\dimen120
\premulticols=\dimen121
\postmulticols=\dimen122
\multicolsep=\skip49
\multicolbaselineskip=\skip50
\partial@page=\box30
\last@line=\box31
\maxbalancingoverflow=\dimen123
\mult@rightbox=\box32
\mult@grightbox=\box33
\mult@gfirstbox=\box34
\mult@firstbox=\box35
\@tempa=\box36
\@tempa=\box37
\@tempa=\box38
\@tempa=\box39
\@tempa=\box40
\@tempa=\box41
\@tempa=\box42
\@tempa=\box43
\@tempa=\box44
\@tempa=\box45
\@tempa=\box46
\@tempa=\box47
\@tempa=\box48
\@tempa=\box49
\@tempa=\box50
\@tempa=\box51
\@tempa=\box52
\c@columnbadness=\count108
\c@finalcolumnbadness=\count109
\last@try=\dimen124
\multicolovershoot=\dimen125
\multicolundershoot=\dimen126
\mult@nat@firstbox=\box53
\colbreak@box=\box54
\mc@col@check@num=\count110
)
("C:\Users\Roope O\AppData\Local\Programs\MiKTeX 2.9\tex\latex\multirow\multiro
w.sty"
Package: multirow 2016/11/25 v2.2 Span multiple rows of a table
\multirow@colwidth=\skip51
\multirow@cntb=\count111
\multirow@dima=\skip52
\bigstrutjot=\dimen127
)
("C:\Users\Roope O\AppData\Local\Programs\MiKTeX 2.9\tex\latex\paralist\paralis
t.sty"
Package: paralist 2017/01/22 v2.7 Extended list environments
\pltopsep=\skip53
\plpartopsep=\skip54
\plitemsep=\skip55
\plparsep=\skip56
\pl@lab=\toks25
)
("C:\Users\Roope O\AppData\Local\Programs\MiKTeX 2.9\tex\latex\tools\longtable.
sty"
Package: longtable 2014/10/28 v4.11 Multi-page Table package (DPC)
\LTleft=\skip57
\LTright=\skip58
\LTpre=\skip59
\LTpost=\skip60
\LTchunksize=\count112
\LTcapwidth=\dimen128
\LT@head=\box55
\LT@firsthead=\box56
\LT@foot=\box57
\LT@lastfoot=\box58
\LT@cols=\count113
\LT@rows=\count114
\c@LT@tables=\count115
\c@LT@chunks=\count116
\LT@p@ftn=\toks26
)
("C:\Users\Roope O\AppData\Local\Programs\MiKTeX 2.9\tex\latex\tabu\tabu.sty"
Package: tabu 2011/02/26 v2.8 - flexible LaTeX tabulars (FC)

("C:\Users\Roope O\AppData\Local\Programs\MiKTeX 2.9\tex\latex\ltxmisc\varwidth
.sty"
Package: varwidth 2009/03/30 ver 0.92;  Variable-width minipages
\@vwid@box=\box59
\sift@deathcycles=\count117
\@vwid@loff=\dimen129
\@vwid@roff=\dimen130
)
\c@taburow=\count118
\tabu@nbcols=\count119
\tabu@cnt=\count120
\tabu@Xcol=\count121
\tabu@alloc=\count122
\tabu@nested=\count123
\tabu@target=\dimen131
\tabu@spreadtarget=\dimen132
\tabu@naturalX=\dimen133
\tabucolX=\dimen134
\tabu@Xsum=\dimen135
\extrarowdepth=\dimen136
\abovetabulinesep=\dimen137
\belowtabulinesep=\dimen138
\tabustrutrule=\dimen139
\tabu@thebody=\toks27
\tabu@footnotes=\toks28
\tabu@box=\box60
\tabu@arstrutbox=\box61
\tabu@hleads=\box62
\tabu@vleads=\box63
\tabu@cellskip=\skip61
)
("C:\Users\Roope O\AppData\Local\Programs\MiKTeX 2.9\tex\latex\soul\soul.sty"
Package: soul 2003/11/17 v2.4 letterspacing/underlining (mf)
\SOUL@word=\toks29
\SOUL@lasttoken=\toks30
\SOUL@cmds=\toks31
\SOUL@buffer=\toks32
\SOUL@token=\toks33
\SOUL@spaceskip=\skip62
\SOUL@ttwidth=\dimen140
\SOUL@uldp=\dimen141
\SOUL@ulht=\dimen142
)
("C:\Users\Roope O\AppData\Local\Programs\MiKTeX 2.9\tex\latex\titling\titling.
sty"
Package: titling 2009/09/04 v2.1d maketitle typesetting
\thanksmarkwidth=\skip63
\thanksmargin=\skip64
\droptitle=\skip65
)
("C:\Users\Roope O\AppData\Local\Programs\MiKTeX 2.9\tex\latex\pdfpages\pdfpage
s.sty"
Package: pdfpages 2017/10/31 v0.5l Insert pages of external PDF documents (AM)

("C:\Users\Roope O\AppData\Local\Programs\MiKTeX 2.9\tex\latex\base\ifthen.sty"
Package: ifthen 2014/09/29 v1.1c Standard LaTeX ifthen package (DPC)
) ("C:\Users\Roope O\AppData\Local\Programs\MiKTeX 2.9\tex\latex\tools\calc.sty
"
Package: calc 2014/10/28 v4.3 Infix arithmetic (KKT,FJ)
\calc@Acount=\count124
\calc@Bcount=\count125
\calc@Adimen=\dimen143
\calc@Bdimen=\dimen144
\calc@Askip=\skip66
\calc@Bskip=\skip67
LaTeX Info: Redefining \setlength on input line 80.
LaTeX Info: Redefining \addtolength on input line 81.
\calc@Ccount=\count126
\calc@Cskip=\skip68
)
("C:\Users\Roope O\AppData\Local\Programs\MiKTeX 2.9\tex\latex\eso-pic\eso-pic.
sty"
Package: eso-pic 2018/04/12 v2.0h eso-pic (RN)

("C:\Users\Roope O\AppData\Local\Programs\MiKTeX 2.9\tex\generic\oberdiek\atbeg
shi.sty"
Package: atbegshi 2016/06/09 v1.18 At begin shipout hook (HO)

("C:\Users\Roope O\AppData\Local\Programs\MiKTeX 2.9\tex\generic\oberdiek\infwa
rerr.sty"
Package: infwarerr 2016/05/16 v1.4 Providing info/warning/error messages (HO)
)
("C:\Users\Roope O\AppData\Local\Programs\MiKTeX 2.9\tex\generic\oberdiek\ltxcm
ds.sty"
Package: ltxcmds 2016/05/16 v1.23 LaTeX kernel commands for general use (HO)
)
("C:\Users\Roope O\AppData\Local\Programs\MiKTeX 2.9\tex\generic\oberdiek\ifpdf
.sty"
Package: ifpdf 2017/03/15 v3.2 Provides the ifpdf switch
)))
\AM@pagewidth=\dimen145
\AM@pageheight=\dimen146

("C:\Users\Roope O\AppData\Local\Programs\MiKTeX 2.9\tex\latex\pdfpages\pppdfte
x.def"
File: pppdftex.def 2017/10/31 v0.5l Pdfpages driver for pdfTeX (AM)
)
\AM@pagebox=\box64
\AM@global@opts=\toks34
\AM@toc@title=\toks35
\c@AM@survey=\count127
\AM@templatesizebox=\box65
)
("C:\Users\Roope O\AppData\Local\Programs\MiKTeX 2.9\tex\latex\hyperref\hyperre
f.sty"
Package: hyperref 2018/02/06 v6.86b Hypertext links for LaTeX

("C:\Users\Roope O\AppData\Local\Programs\MiKTeX 2.9\tex\generic\oberdiek\hobsu
b-hyperref.sty"
Package: hobsub-hyperref 2016/05/16 v1.14 Bundle oberdiek, subset hyperref (HO)


("C:\Users\Roope O\AppData\Local\Programs\MiKTeX 2.9\tex\generic\oberdiek\hobsu
b-generic.sty"
Package: hobsub-generic 2016/05/16 v1.14 Bundle oberdiek, subset generic (HO)
Package: hobsub 2016/05/16 v1.14 Construct package bundles (HO)
Package hobsub Info: Skipping package `infwarerr' (already loaded).
Package hobsub Info: Skipping package `ltxcmds' (already loaded).
Package: ifluatex 2016/05/16 v1.4 Provides the ifluatex switch (HO)
Package ifluatex Info: LuaTeX not detected.
Package: ifvtex 2016/05/16 v1.6 Detect VTeX and its facilities (HO)
Package ifvtex Info: VTeX not detected.
Package: intcalc 2016/05/16 v1.2 Expandable calculations with integers (HO)
Package hobsub Info: Skipping package `ifpdf' (already loaded).
Package: etexcmds 2016/05/16 v1.6 Avoid name clashes with e-TeX commands (HO)
Package etexcmds Info: Could not find \expanded.
(etexcmds)             That can mean that you are not using pdfTeX 1.50 or
(etexcmds)             that some package has redefined \expanded.
(etexcmds)             In the latter case, load this package earlier.
Package: kvsetkeys 2016/05/16 v1.17 Key value parser (HO)
Package: kvdefinekeys 2016/05/16 v1.4 Define keys (HO)
Package: pdftexcmds 2018/01/21 v0.26 Utility functions of pdfTeX for LuaTeX (HO
)
Package pdftexcmds Info: LuaTeX not detected.
Package pdftexcmds Info: \pdf@primitive is available.
Package pdftexcmds Info: \pdf@ifprimitive is available.
Package pdftexcmds Info: \pdfdraftmode found.
Package: pdfescape 2016/05/16 v1.14 Implements pdfTeX's escape features (HO)
Package: bigintcalc 2016/05/16 v1.4 Expandable calculations on big integers (HO
)
Package: bitset 2016/05/16 v1.2 Handle bit-vector datatype (HO)
Package: uniquecounter 2016/05/16 v1.3 Provide unlimited unique counter (HO)
)
Package hobsub Info: Skipping package `hobsub' (already loaded).
Package: letltxmacro 2016/05/16 v1.5 Let assignment for LaTeX macros (HO)
Package: hopatch 2016/05/16 v1.3 Wrapper for package hooks (HO)
Package: xcolor-patch 2016/05/16 xcolor patch
Package: atveryend 2016/05/16 v1.9 Hooks at the very end of document (HO)
Package atveryend Info: \enddocument detected (standard20110627).
Package hobsub Info: Skipping package `atbegshi' (already loaded).
Package: refcount 2016/05/16 v3.5 Data extraction from label references (HO)
Package: hycolor 2016/05/16 v1.8 Color options for hyperref/bookmark (HO)
)
("C:\Users\Roope O\AppData\Local\Programs\MiKTeX 2.9\tex\generic\ifxetex\ifxete
x.sty"
Package: ifxetex 2010/09/12 v0.6 Provides ifxetex conditional
)
("C:\Users\Roope O\AppData\Local\Programs\MiKTeX 2.9\tex\latex\oberdiek\auxhook
.sty"
Package: auxhook 2016/05/16 v1.4 Hooks for auxiliary files (HO)
)
("C:\Users\Roope O\AppData\Local\Programs\MiKTeX 2.9\tex\latex\oberdiek\kvoptio
ns.sty"
Package: kvoptions 2016/05/16 v3.12 Key value format for package options (HO)
)
\@linkdim=\dimen147
\Hy@linkcounter=\count128
\Hy@pagecounter=\count129

("C:\Users\Roope O\AppData\Local\Programs\MiKTeX 2.9\tex\latex\hyperref\pd1enc.
def"
File: pd1enc.def 2018/02/06 v6.86b Hyperref: PDFDocEncoding definition (HO)
)
\Hy@SavedSpaceFactor=\count130

("C:\Users\Roope O\AppData\Local\Programs\MiKTeX 2.9\tex\latex\00miktex\hyperre
f.cfg"
File: hyperref.cfg 2002/06/06 v1.2 hyperref configuration of TeXLive
)
Package hyperref Info: Hyper figures OFF on input line 4509.
Package hyperref Info: Link nesting OFF on input line 4514.
Package hyperref Info: Hyper index ON on input line 4517.
Package hyperref Info: Plain pages OFF on input line 4524.
Package hyperref Info: Backreferencing OFF on input line 4529.
Package hyperref Info: Implicit mode ON; LaTeX internals redefined.
Package hyperref Info: Bookmarks ON on input line 4762.
\c@Hy@tempcnt=\count131

("C:\Users\Roope O\AppData\Local\Programs\MiKTeX 2.9\tex\latex\url\url.sty"
\Urlmuskip=\muskip11
Package: url 2013/09/16  ver 3.4  Verb mode for urls, etc.
)
LaTeX Info: Redefining \url on input line 5115.
\XeTeXLinkMargin=\dimen148
\Fld@menulength=\count132
\Field@Width=\dimen149
\Fld@charsize=\dimen150
Package hyperref Info: Hyper figures OFF on input line 6369.
Package hyperref Info: Link nesting OFF on input line 6374.
Package hyperref Info: Hyper index ON on input line 6377.
Package hyperref Info: backreferencing OFF on input line 6384.
Package hyperref Info: Link coloring OFF on input line 6389.
Package hyperref Info: Link coloring with OCG OFF on input line 6394.
Package hyperref Info: PDF/A mode OFF on input line 6399.
LaTeX Info: Redefining \ref on input line 6439.
LaTeX Info: Redefining \pageref on input line 6443.
\Hy@abspage=\count133
\c@Item=\count134
\c@Hfootnote=\count135
)
Package hyperref Info: Driver (autodetected): hpdftex.

("C:\Users\Roope O\AppData\Local\Programs\MiKTeX 2.9\tex\latex\hyperref\hpdftex
.def"
File: hpdftex.def 2018/02/06 v6.86b Hyperref driver for pdfTeX
\Fld@listcount=\count136
\c@bookmark@seq@number=\count137

("C:\Users\Roope O\AppData\Local\Programs\MiKTeX 2.9\tex\latex\oberdiek\rerunfi
lecheck.sty"
Package: rerunfilecheck 2016/05/16 v1.8 Rerun checks for auxiliary files (HO)
Package uniquecounter Info: New unique counter `rerunfilecheck' on input line 2
82.
)
\Hy@SectionHShift=\skip69
)
Package hyperref Info: Option `colorlinks' set `true' on input line 26.
 (FOEWV_TEX.aux)
\openout1 = `FOEWV_TEX.aux'.

LaTeX Font Info:    Checking defaults for OML/cmm/m/it on input line 32.
LaTeX Font Info:    ... okay on input line 32.
LaTeX Font Info:    Checking defaults for T1/cmr/m/n on input line 32.
LaTeX Font Info:    ... okay on input line 32.
LaTeX Font Info:    Checking defaults for OT1/cmr/m/n on input line 32.
LaTeX Font Info:    ... okay on input line 32.
LaTeX Font Info:    Checking defaults for OMS/cmsy/m/n on input line 32.
LaTeX Font Info:    ... okay on input line 32.
LaTeX Font Info:    Checking defaults for OMX/cmex/m/n on input line 32.
LaTeX Font Info:    ... okay on input line 32.
LaTeX Font Info:    Checking defaults for U/cmr/m/n on input line 32.
LaTeX Font Info:    ... okay on input line 32.
LaTeX Font Info:    Checking defaults for PD1/pdf/m/n on input line 32.
LaTeX Font Info:    ... okay on input line 32.

("C:\Users\Roope O\AppData\Local\Programs\MiKTeX 2.9\tex\context\base\supp-pdf.
mkii"
[Loading MPS to PDF converter (version 2006.09.02).]
\scratchcounter=\count138
\scratchdimen=\dimen151
\scratchbox=\box66
\nofMPsegments=\count139
\nofMParguments=\count140
\everyMPshowfont=\toks36
\MPscratchCnt=\count141
\MPscratchDim=\dimen152
\MPnumerator=\count142
\makeMPintoPDFobject=\count143
\everyMPtoPDFconversion=\toks37
)
("C:\Users\Roope O\AppData\Local\Programs\MiKTeX 2.9\tex\latex\oberdiek\epstopd
f-base.sty"
Package: epstopdf-base 2016/05/15 v2.6 Base part for package epstopdf

("C:\Users\Roope O\AppData\Local\Programs\MiKTeX 2.9\tex\latex\oberdiek\grfext.
sty"
Package: grfext 2016/05/16 v1.2 Manage graphics extensions (HO)
)
Package epstopdf-base Info: Redefining graphics rule for `.eps' on input line 4
38.
Package grfext Info: Graphics extension search list:
(grfext)             [.pdf,.png,.jpg,.mps,.jpeg,.jbig2,.jb2,.PDF,.PNG,.JPG,.JPE
G,.JBIG2,.JB2,.eps]
(grfext)             \AppendGraphicsExtensions on input line 456.
)
\AtBeginShipoutBox=\box67

("C:\Users\Roope O\AppData\Local\Programs\MiKTeX 2.9\tex\latex\oberdiek\pdflsca
pe.sty"
Package: pdflscape 2016/05/14 v0.11 Display of landscape pages in PDF (HO)

("C:\Users\Roope O\AppData\Local\Programs\MiKTeX 2.9\tex\latex\graphics\lscape.
sty"
Package: lscape 2000/10/22 v3.01 Landscape Pages (DPC)
)
Package pdflscape Info: Auto-detected driver: pdftex on input line 81.
)
Package hyperref Info: Link coloring ON on input line 32.

("C:\Users\Roope O\AppData\Local\Programs\MiKTeX 2.9\tex\latex\hyperref\nameref
.sty"
Package: nameref 2016/05/21 v2.44 Cross-referencing by name of section

("C:\Users\Roope O\AppData\Local\Programs\MiKTeX 2.9\tex\generic\oberdiek\getti
tlestring.sty"
Package: gettitlestring 2016/05/16 v1.5 Cleanup title references (HO)
)
\c@section@level=\count144
)
LaTeX Info: Redefining \ref on input line 32.
LaTeX Info: Redefining \pageref on input line 32.
LaTeX Info: Redefining \nameref on input line 32.
 (FOEWV_TEX.out) (FOEWV_TEX.out)
\@outlinefile=\write3
\openout3 = `FOEWV_TEX.out'.

<WORD/COVER-CORE.pdf, id=311, 597.23125pt x 845.1575pt>
File: WORD/COVER-CORE.pdf Graphic file (type pdf)
<use WORD/COVER-CORE.pdf>
Package pdftex.def Info: WORD/COVER-CORE.pdf  used on input line 34.
(pdftex.def)             Requested size: 597.22978pt x 845.15544pt.
File: WORD/COVER-CORE.pdf Graphic file (type pdf)
<use WORD/COVER-CORE.pdf>
Package pdftex.def Info: WORD/COVER-CORE.pdf  used on input line 34.
(pdftex.def)             Requested size: 597.22978pt x 845.15544pt.
<WORD/COVER-CORE.pdf, id=314, page=1, 597.23125pt x 845.1575pt>
File: WORD/COVER-CORE.pdf Graphic file (type pdf)
<use WORD/COVER-CORE.pdf, page 1>
Package pdftex.def Info: WORD/COVER-CORE.pdf , page1 used on input line 34.
(pdftex.def)             Requested size: 597.22978pt x 845.15544pt.
File: WORD/COVER-CORE.pdf Graphic file (type pdf)
<use WORD/COVER-CORE.pdf, page 1>
Package pdftex.def Info: WORD/COVER-CORE.pdf , page1 used on input line 34.
(pdftex.def)             Requested size: 597.25711pt x 845.19412pt.
File: WORD/COVER-CORE.pdf Graphic file (type pdf)
<use WORD/COVER-CORE.pdf, page 1>
Package pdftex.def Info: WORD/COVER-CORE.pdf , page1 used on input line 34.
(pdftex.def)             Requested size: 597.25711pt x 845.19412pt.
File: WORD/COVER-CORE.pdf Graphic file (type pdf)
<use WORD/COVER-CORE.pdf, page 1>
Package pdftex.def Info: WORD/COVER-CORE.pdf , page1 used on input line 34.
(pdftex.def)             Requested size: 597.25711pt x 845.19412pt.

! Undefined control sequence.
\@outputdblcol ...}}\@combinedblfloats \@setmarks 
                                                  \@outputpage \begingroup \...
l.34 	\includepdf[pages={1}]{WORD/COVER-CORE.pdf}
                                                 	
The control sequence at the end of the top line
of your error message was never \def'ed. If you have
misspelled it (e.g., `\hobx'), type `I' and the correct
spelling (e.g., `I\hbox'). Otherwise just continue,
and I'll forget about whatever was undefined.

File: WORD/COVER-CORE.pdf Graphic file (type pdf)
<use WORD/COVER-CORE.pdf, page 1>
Package pdftex.def Info: WORD/COVER-CORE.pdf , page1 used on input line 34.
(pdftex.def)             Requested size: 597.25711pt x 845.19412pt.
[1

 <./WORD/COVER-CORE.pdf>]
<Art/ISA_Logo.jpg, id=335, 77.53969pt x 74.52844pt>
File: Art/ISA_Logo.jpg Graphic file (type jpg)
<use Art/ISA_Logo.jpg>
Package pdftex.def Info: Art/ISA_Logo.jpg  used on input line 73.
(pdftex.def)             Requested size: 85.35826pt x 82.04292pt.
pdfTeX warning (ext4): destination with the same identifier (name{page.1}) has 
been already used, duplicate ignored
<to be read again> 
                   \relax 
l.77 	\twocolumn
                 [1{C:/Users/Roope O/AppData/Local/MiKTeX/2.9/pdftex/config/pdf
tex.map}

 <./Art/ISA_Logo.jpg>] [2



] (FOEWV_TEX.toc
LaTeX Font Info:    Try loading font information for U+msa on input line 2.

("C:\Users\Roope O\AppData\Local\Programs\MiKTeX 2.9\tex\latex\amsfonts\umsa.fd
"
File: umsa.fd 2013/01/14 v3.01 AMS symbols A
)
LaTeX Font Info:    Try loading font information for U+msb on input line 2.

("C:\Users\Roope O\AppData\Local\Programs\MiKTeX 2.9\tex\latex\amsfonts\umsb.fd
"
File: umsb.fd 2013/01/14 v3.01 AMS symbols B
) [3] [4])
\tf@toc=\write4
\openout4 = `FOEWV_TEX.toc'.

 [5] [6


]
Chapter 1.

Underfull \vbox (badness 1062) has occurred while \output is active []

 [7]
Underfull \hbox (badness 1194) in paragraph at lines 102--103
\OT1/cmr/m/n/10.95 dry and grim, with great beasts roam-ing
 []


Underfull \hbox (badness 1189) in paragraph at lines 120--121
[]\OT1/cmr/m/n/10.95 Characters in-ter-act with the world, the
 []

[8]
Underfull \hbox (badness 5077) in paragraph at lines 148--149
[]\OT1/cmr/m/n/10.95 - This chap-ter
 []


Underfull \hbox (badness 2662) in paragraph at lines 149--150
[]\OT1/cmr/m/n/10.95 - Sec-ond chap-ter
 []


Underfull \hbox (badness 10000) in paragraph at lines 151--152
[]\OT1/cmr/m/n/10.95 -
 []


Underfull \hbox (badness 6927) in paragraph at lines 151--152
\OT1/cmr/m/n/10.95 char-ac-ter learns some-thing new, or
 []


Underfull \hbox (badness 4765) in paragraph at lines 151--152
\OT1/cmr/m/n/10.95 chap-ter cov-ers that sec-tion of your
 []

[9]
Underfull \hbox (badness 1072) in paragraph at lines 162--163
\OT1/cmr/m/n/10.95 and some more com-mon role-play-ing game
 []


Underfull \hbox (badness 3128) in paragraph at lines 176--177
[]\OT1/cmr/m/n/10.95 - The host of the
 []

[10]
Underfull \hbox (badness 1622) in paragraph at lines 195--196
[]\OT1/cmr/m/n/10.95 - Char-ac-ter's statis-
 []


Underfull \hbox (badness 1762) in paragraph at lines 197--198
\OT1/cmr/m/n/10.95 seven SPE-CIAL at-tributes: Strength,
 []


Underfull \hbox (badness 1062) in paragraph at lines 200--201
[]\OT1/cmr/m/n/10.95 - The com-put-ers of this world,
 []

<Art/AJ_barn.jpg, id=470, 430.23611pt x 430.23611pt>
File: Art/AJ_barn.jpg Graphic file (type jpg)
<use Art/AJ_barn.jpg>
Package pdftex.def Info: Art/AJ_barn.jpg  used on input line 208.
(pdftex.def)             Requested size: 398.33858pt x 398.3495pt.
[11] [12 <./Art/AJ_barn.jpg>]
Chapter 2.

Underfull \hbox (badness 10000) in paragraph at lines 228--231

 []

LaTeX Font Info:    Try loading font information for OMS+cmr on input line 231.

("C:\Users\Roope O\AppData\Local\Programs\MiKTeX 2.9\tex\latex\base\omscmr.fd"
File: omscmr.fd 2014/09/29 v2.5h Standard LaTeX font definitions
)
LaTeX Font Info:    Font shape `OMS/cmr/m/n' in size <10.95> not available
(Font)              Font shape `OMS/cmsy/m/n' tried instead on input line 231.
[13

] [14] [15

]
<ART/Races/EP_F.jpg, id=501, 344.6723pt x 344.6723pt>
File: ART/Races/EP_F.jpg Graphic file (type jpg)
<use ART/Races/EP_F.jpg>
Package pdftex.def Info: ART/Races/EP_F.jpg  used on input line 298.
(pdftex.def)             Requested size: 176.80067pt x 176.80609pt.
<ART/Races/EP_M.jpg, id=502, 345.15572pt x 345.15572pt>
File: ART/Races/EP_M.jpg Graphic file (type jpg)
<use ART/Races/EP_M.jpg>
Package pdftex.def Info: ART/Races/EP_M.jpg  used on input line 303.
(pdftex.def)             Requested size: 176.80067pt x 176.80653pt.
 [16

 <./ART/Races/EP_F.jpg> <./ART/Races/EP_M.jpg>]
<ART/Races/PEG_F.jpg, id=508, 344.1889pt x 344.1889pt>
File: ART/Races/PEG_F.jpg Graphic file (type jpg)
<use ART/Races/PEG_F.jpg>
Package pdftex.def Info: ART/Races/PEG_F.jpg  used on input line 325.
(pdftex.def)             Requested size: 176.80067pt x 176.79971pt.
<ART/Races/PEG_M.jpg, id=509, 345.15572pt x 345.15572pt>
File: ART/Races/PEG_M.jpg Graphic file (type jpg)
<use ART/Races/PEG_M.jpg>
Package pdftex.def Info: ART/Races/PEG_M.jpg  used on input line 330.
(pdftex.def)             Requested size: 176.80067pt x 176.80653pt.

Underfull \hbox (badness 1533) in paragraph at lines 341--342
[]\OT1/cmr/m/n/10.95 Pegasi may per-form
 []

[17

 <./ART/Races/PEG_F.jpg> <./ART/Races/PEG_M.jpg>]
<ART/Races/UNI_F.jpg, id=515, 344.1889pt x 344.1889pt>
File: ART/Races/UNI_F.jpg Graphic file (type jpg)
<use ART/Races/UNI_F.jpg>
Package pdftex.def Info: ART/Races/UNI_F.jpg  used on input line 350.
(pdftex.def)             Requested size: 176.80067pt x 176.79971pt.
<ART/Races/UNI_M.jpg, id=516, 344.1889pt x 344.1889pt>
File: ART/Races/UNI_M.jpg Graphic file (type jpg)
<use ART/Races/UNI_M.jpg>
Package pdftex.def Info: ART/Races/UNI_M.jpg  used on input line 355.
(pdftex.def)             Requested size: 176.80067pt x 176.79971pt.
 [18

 <./ART/Races/UNI_F.jpg> <./ART/Races/UNI_M.jpg>]
<ART/Races/GRI_F.jpg, id=523, 344.1889pt x 344.1889pt>
File: ART/Races/GRI_F.jpg Graphic file (type jpg)
<use ART/Races/GRI_F.jpg>
Package pdftex.def Info: ART/Races/GRI_F.jpg  used on input line 378.
(pdftex.def)             Requested size: 176.80067pt x 176.79971pt.
<ART/Races/GRI_M.jpg, id=524, 345.15572pt x 345.15572pt>
File: ART/Races/GRI_M.jpg Graphic file (type jpg)
<use ART/Races/GRI_M.jpg>
Package pdftex.def Info: ART/Races/GRI_M.jpg  used on input line 383.
(pdftex.def)             Requested size: 176.80067pt x 176.80653pt.

Underfull \hbox (badness 3168) in paragraph at lines 391--392
\OT1/cmr/m/n/10.95 abil-ity to per-form Aerial Ma-neu-vers.
 []


Underfull \hbox (badness 1472) in paragraph at lines 392--393
[]\OT1/cmr/m/n/10.95 Griffons pos-sess nat-u-ral talons,
 []

[19

 <./ART/Races/GRI_F.jpg> <./ART/Races/GRI_M.jpg>]
<ART/Races/ZEB_F.jpg, id=530, 345.39743pt x 345.39743pt>
File: ART/Races/ZEB_F.jpg Graphic file (type jpg)
<use ART/Races/ZEB_F.jpg>
Package pdftex.def Info: ART/Races/ZEB_F.jpg  used on input line 401.
(pdftex.def)             Requested size: 176.80067pt x 176.7986pt.
<ART/Races/ZEB_M.jpg, id=531, 344.1889pt x 344.1889pt>
File: ART/Races/ZEB_M.jpg Graphic file (type jpg)
<use ART/Races/ZEB_M.jpg>
Package pdftex.def Info: ART/Races/ZEB_M.jpg  used on input line 406.
(pdftex.def)             Requested size: 176.80067pt x 176.79971pt.

Underfull \hbox (badness 1454) in paragraph at lines 411--412
\OT1/cmr/m/n/10.95 to al-ter one's self. In ad-di-tion to this,
 []


Underfull \hbox (badness 10000) in paragraph at lines 418--419
[]\OT1/cmr/m/n/10.95 Zebras can use
 []


Underfull \hbox (badness 4168) in paragraph at lines 419--420
[]\OT1/cmr/m/n/10.95 Zebras are nat-u-rally re-
 []

[20

 <./ART/Races/ZEB_F.jpg> <./ART/Races/ZEB_M.jpg>]
Underfull \hbox (badness 1210) in paragraph at lines 432--433
\OT1/cmr/m/n/10.95 do not af-fect \OT1/cmr/bx/n/10.95 Skills\OT1/cmr/m/n/10.95 
, but they can af-fect
 []


Underfull \hbox (badness 5862) in paragraph at lines 435--436
\OT1/cmr/m/n/10.95 A mea-sure of your char-ac-ter's phys-i-cal
 []

[21

]
Underfull \hbox (badness 2150) in paragraph at lines 479--480
[]\OT1/cmr/m/n/10.95 Aerial Ma-neu-vers of fly-ing char-ac-ters
 []


Underfull \hbox (badness 2150) in paragraph at lines 497--498
[]\OT1/cmr/m/n/10.95 Aerial Ma-neu-vers of fly-ing char-ac-ters
 []


Underfull \hbox (badness 2150) in paragraph at lines 537--538
[]\OT1/cmr/m/n/10.95 Aerial Ma-neu-vers of fly-ing char-ac-ters
 []

[22] [23]
Underfull \hbox (badness 4060) in paragraph at lines 678--679
[]\OT1/cmr/m/n/10.95 Insanity me-ter is equal to your base
 []

[24]
Underfull \vbox (badness 1983) has occurred while \output is active []

 [25]
[26]
Underfull \vbox (badness 1371) has occurred while \output is active []


Underfull \vbox (badness 10000) has occurred while \output is active []

 [27]
Underfull \hbox (badness 1194) in paragraph at lines 795--796
\OT1/cmr/m/n/10.95 chant or scav-enger, or ex-chang-ing mu-tual
 []


Underfull \hbox (badness 7203) in paragraph at lines 817--818
\OT1/cmr/m/n/10.95 char-ac-ter deals with weapons that fire
 []

[28] [29] [30] [31] [32]
Underfull \hbox (badness 5878) in paragraph at lines 993--994
[]\OT1/cmr/m/n/10.95 Ghouls, due to their severely slowed
 []

[33] [34] [35] [36]
Chapter 3.

Underfull \hbox (badness 1127) in paragraph at lines 1181--1183
\OT1/cmr/m/n/10.95 Sometimes the dif-fer-ence be-tween life and
 []


Underfull \hbox (badness 2443) in paragraph at lines 1192--1193
[]\OT1/cmr/m/n/10.95 With ex-plo-sives and other
 []


Underfull \hbox (badness 2799) in paragraph at lines 1193--1194
[]\OT1/cmr/m/n/10.95 This de-ter-mines the max-i-mum
 []


Underfull \hbox (badness 2529) in paragraph at lines 1194--1195
[]\OT1/cmr/m/it/10.95 [Optional Rule] \OT1/cmr/m/n/10.95 All pieces of
 []


Underfull \hbox (badness 1675) in paragraph at lines 1195--1196
\OT1/cmr/m/n/10.95 weapons ac-count the char-ac-ter's STR
 []


Underfull \hbox (badness 10000) in paragraph at lines 1196--1197
[]\OT1/cmr/m/n/10.95 Certain
 []


Underfull \hbox (badness 1502) in paragraph at lines 1196--1197
\OT1/cmr/m/n/10.95 weapons and spells cause DOT, such
 []


Underfull \hbox (badness 1831) in paragraph at lines 1196--1197
\OT1/cmr/m/n/10.95 de-scrip-tion, or ended with a counter
 []

[37

]
Underfull \hbox (badness 10000) in paragraph at lines 1199--1200
[]\OT1/cmr/m/n/10.95 The value
 []


Underfull \hbox (badness 5147) in paragraph at lines 1199--1200
\OT1/cmr/m/n/10.95 pro-tects you from at-tacks, re-duc-ing
 []


Underfull \hbox (badness 4608) in paragraph at lines 1200--1201
[]\OT1/cmr/m/n/10.95 Weapons that have this
 []


Underfull \hbox (badness 2486) in paragraph at lines 1202--1203
[]\OT1/cmr/m/n/10.95 Ranged weapons vary how
 []


Underfull \hbox (badness 10000) in paragraph at lines 1204--1205
[]\OT1/cmr/m/n/10.95 This lists the weapon's Short,
 []


Underfull \hbox (badness 1122) in paragraph at lines 1204--1205
\OT1/cmr/m/n/10.95 ranges for the pur-poses of the game.
 []


Underfull \hbox (badness 1436) in paragraph at lines 1205--1206
[]\OT1/cmr/m/n/10.95 Melee and Un-armed weapons can
 []


Underfull \hbox (badness 1590) in paragraph at lines 1207--1208
\OT1/cmr/m/n/10.95 less STR than the min-i-mum re-quire-
 []

[38]
Underfull \hbox (badness 10000) in paragraph at lines 1243--1244
[]\OT1/cmr/bx/it/10.95 Example: \OT1/cmr/m/it/10.95 Emer-ald Glint has
 []


Underfull \hbox (badness 7814) in paragraph at lines 1243--1244
\OT1/cmr/m/it/10.95 equipped a Gretta M9 pis-tol
 []


Underfull \hbox (badness 2384) in paragraph at lines 1243--1244
\OT1/cmr/m/it/10.95 in her first Weapon Slot and
 []


Underfull \hbox (badness 2368) in paragraph at lines 1243--1244
\OT1/cmr/m/it/10.95 Weapon Slot. She takes out
 []


Underfull \hbox (badness 1067) in paragraph at lines 1243--1244
\OT1/cmr/m/it/10.95 uses 3 AP from her to-tal AP
 []


Underfull \hbox (badness 1178) in paragraph at lines 1243--1244
\OT1/cmr/m/it/10.95 throw-ing the first grenade, she
 []

[39] [40]
Underfull \hbox (badness 1377) in paragraph at lines 1286--1287
\OT1/cmr/m/n/10.95 with a marker ``Hold-out Weapon'' in the
 []


Underfull \hbox (badness 4341) in paragraph at lines 1290--1291
[]\OT1/cmr/m/n/10.95 Weapons with-out the Hold-out weapon
 []

[41]
Underfull \hbox (badness 2591) in paragraph at lines 1322--1323
[]\OT1/cmr/m/n/10.95 Unarmed weapons have Spe-cial at-tacks
 []

[42]
Underfull \vbox (badness 1005) has occurred while \output is active []

 [43]
[44] [45]
Underfull \hbox (badness 1509) in paragraph at lines 1553--1554
[]\OT1/cmr/bx/it/10.95 Example 1: \OT1/cmr/m/it/10.95 Emer-ald Glint was
 []


Underfull \hbox (badness 1112) in paragraph at lines 1553--1554
\OT1/cmr/m/it/10.95 Her cur-rent ar-mor is \OT1/cmr/bx/it/10.95 Leather
 []


Underfull \hbox (badness 10000) in paragraph at lines 1559--1560
[]\OT1/cmr/bx/it/10.95 Example 2: \OT1/cmr/m/it/10.95 Emer-ald Glint's
 []


Underfull \hbox (badness 4467) in paragraph at lines 1559--1560
\OT1/cmr/m/it/10.95 DT value has dropped by 1.
 []


Underfull \vbox (badness 3029) has occurred while \output is active []

 [46]
Underfull \hbox (badness 1721) in paragraph at lines 1586--1587
\OT1/cmr/m/it/10.95 ify her trusty ri-fle, the IF-77
 []

[47]
<"ART/Chapter 3_Sparkle Cola".jpg, id=766, 2007.5pt x 2509.375pt>
File: "ART/Chapter 3_Sparkle Cola".jpg Graphic file (type jpg)
<use "ART/Chapter 3_Sparkle Cola".jpg>
Package pdftex.def Info: "ART/Chapter 3_Sparkle Cola".jpg  used on input line 1
593.
(pdftex.def)             Requested size: 455.24408pt x 569.02666pt.

Overfull \hbox (234.24408pt too wide) in paragraph at lines 1593--1594
 [][] 
 []

[48 <./ART/Chapter 3_Sparkle Cola.jpg>]
Chapter 4.

Underfull \hbox (badness 1406) in paragraph at lines 1675--1675
[][]\OT1/cmr/bx/n/14.4 Improving Strain and Aerial
 []

[49

] [50]
<"ART/Chapter 4_Cybernetics".jpg, id=783, 259.10849pt x 259.10849pt>
File: "ART/Chapter 4_Cybernetics".jpg Graphic file (type jpg)
<use "ART/Chapter 4_Cybernetics".jpg>
Package pdftex.def Info: "ART/Chapter 4_Cybernetics".jpg  used on input line 17
11.
(pdftex.def)             Requested size: 209.94933pt x 209.95975pt.

Underfull \hbox (badness 5374) in paragraph at lines 1721--1722
[]\OT1/cmr/m/n/10.95 Cybernetic im-plants can be found in
 []

[51 <./ART/Chapter 4_Cybernetics.jpg>]
Underfull \hbox (badness 1102) in paragraph at lines 1744--1745
\OT1/cmr/m/it/10.95 ous. Side ef-fects in-clude, but
 []


Underfull \hbox (badness 1817) in paragraph at lines 1750--1751
[]\OT1/cmr/m/n/10.95 Pre-War Books can grant a per-ma-nent
 []

[52]
Chapter 5.
[53

]
Underfull \hbox (badness 5119) in paragraph at lines 1797--1798
[]\OT1/cmr/m/n/10.95 These tasks the
 []


Underfull \hbox (badness 4132) in paragraph at lines 1799--1800
[]\OT1/cmr/m/n/10.95 An oth-er-wise or-di-nary task
 []


Underfull \hbox (badness 10000) in paragraph at lines 1804--1805
[]\OT1/cmr/m/n/10.95 These tasks are
 []

[54]
Underfull \vbox (badness 3000) has occurred while \output is active []

 [55]
Underfull \hbox (badness 1057) in paragraph at lines 1858--1859
\OT1/cmr/m/it/10.95 i-fiers have been cal-cu-lated, she
 []


Underfull \hbox (badness 1226) in paragraph at lines 1883--1884
\OT1/cmr/m/it/10.95 sus-tained pre-vi-ous in-juries that
 []

[56] [57]
Underfull \vbox (badness 10000) has occurred while \output is active []

 [58]
Underfull \hbox (badness 4205) in paragraph at lines 1987--1988
\OT1/cmr/m/it/10.95 stand-ing un-der a falling rock
 []

[59]
Underfull \hbox (badness 10000) in paragraph at lines 2004--2005
[]
 []


Underfull \hbox (badness 1552) in paragraph at lines 2005--2006
[]\OT1/cmr/m/n/10.95 such as vi-sual or
 []


Underfull \hbox (badness 10000) in paragraph at lines 2006--2007
[]
 []


Underfull \hbox (badness 2035) in paragraph at lines 2006--2007
\OT1/cmr/m/n/10.95 cause mus-cle re-lax-ation or numb-ness,
 []


Underfull \hbox (badness 1231) in paragraph at lines 2006--2007
\OT1/cmr/m/n/10.95 low-er-ing a char-ac-ter's STR and AGI.
 []


Underfull \hbox (badness 1603) in paragraph at lines 2006--2007
\OT1/cmr/m/n/10.95 These ef-fects can be both short and
 []

[60] [61]
<ART/Sneak.jpg, id=849, 273.36913pt x 231.07063pt>
File: ART/Sneak.jpg Graphic file (type jpg)
<use ART/Sneak.jpg>
Package pdftex.def Info: ART/Sneak.jpg  used on input line 2118.
(pdftex.def)             Requested size: 187.85135pt x 158.79013pt.
 [62 <./ART/Sneak.jpg>] [63]
Underfull \hbox (badness 1342) in paragraph at lines 2154--2155
\OT1/cmr/m/n/10.95 sail-ing through the wa-ter-ways, and fly-ing
 []

[64


] [65

] [66

]
Chapter 6.

Underfull \hbox (badness 1292) in paragraph at lines 2209--2210
\OT1/cmr/m/n/10.95 The great-est plea-sure of Waste-land is all
 []

[67]
Underfull \hbox (badness 1924) in paragraph at lines 2233--2234
[]\OT1/cmr/m/n/10.95 Invention and mod-i-fi-ca-tion build-ing use
 []


Underfull \hbox (badness 4556) in paragraph at lines 2238--2239
[]\OT1/cmr/bx/it/10.95 Example 1: \OT1/cmr/m/it/10.95 Emer-ald Glint is
 []


Underfull \hbox (badness 4556) in paragraph at lines 2242--2243
[]\OT1/cmr/bx/it/10.95 Example 2: \OT1/cmr/m/it/10.95 Emer-ald Glint is
 []


Underfull \hbox (badness 2529) in paragraph at lines 2242--2243
\OT1/cmr/m/it/10.95 take into ac-count the ar-mor's
 []

[68] [69] [70] [71

] [72]
Underfull \hbox (badness 1742) in paragraph at lines 2334--2335
[]\OT1/cmr/bx/it/10.95 Example 2: \OT1/cmr/m/it/10.95 In an-other vil-lage,
 []


Underfull \hbox (badness 2310) in paragraph at lines 2334--2335
\OT1/cmr/m/it/10.95 Feath-er-fall - a ghoul - comes
 []


Underfull \hbox (badness 1406) in paragraph at lines 2334--2335
\OT1/cmr/m/it/10.95 trust rather than from Neu-tral
 []


Underfull \hbox (badness 2635) in paragraph at lines 2334--2335
\OT1/cmr/m/it/10.95 stance, mak-ing the in-ter-ac-tion
 []


Underfull \hbox (badness 2635) in paragraph at lines 2338--2339
[]\OT1/cmr/bx/it/10.95 Example 3: \OT1/cmr/m/it/10.95 Like-wise, Maabara
 []

[73


]
Underfull \hbox (badness 2197) in paragraph at lines 2353--2354
\OT1/cmr/m/n/10.95 and E.F.S. Pip-Bucks are sub-ject to dis-
 []

<ART/Pip.jpg, id=909, 345.39743pt x 345.39743pt>
File: ART/Pip.jpg Graphic file (type jpg)
<use ART/Pip.jpg>
Package pdftex.def Info: ART/Pip.jpg  used on input line 2357.
(pdftex.def)             Requested size: 271.20276pt x 271.21663pt.

Underfull \hbox (badness 4899) in paragraph at lines 2368--2369
\OT1/cmr/m/n/10.95 The Pip-Buck ships with a pre-installed
 []


Underfull \hbox (badness 5119) in paragraph at lines 2368--2369
\OT1/cmr/m/n/10.95 Stable-Tec Eques-trian Po-si-tion-ing Sys-tem
 []

[74] [75 <./ART/Pip.jpg>]
Underfull \hbox (badness 2310) in paragraph at lines 2451--2452
\OT1/cmr/m/it/10.95 last few days work-ing on her
 []

[76]
Underfull \hbox (badness 1137) in paragraph at lines 2470--2471
\OT1/cmr/m/it/10.95 though he has stayed hy-drated.
 []


Overfull \hbox (20.26013pt too wide) in paragraph at lines 2482--2490
 [][] 
 []

[77] [78

]
Chapter 7.

Underfull \hbox (badness 1769) in paragraph at lines 2520--2521
[]\OT1/cmr/m/n/10.95 All com-bat-ants make an Ini-tia-tive roll,
 []

[79]
Underfull \hbox (badness 1163) in paragraph at lines 2557--2558
\OT1/cmr/m/it/10.95 friend Feath-er-fall - who has a
 []


Underfull \hbox (badness 1215) in paragraph at lines 2557--2558
\OT1/cmr/m/it/10.95 next to her for Emer-ald Glint
 []


Underfull \hbox (badness 1389) in paragraph at lines 2557--2558
\OT1/cmr/m/it/10.95 Glint's player may de-clare her
 []


Underfull \vbox (badness 4048) has occurred while \output is active []

 [80]
Underfull \hbox (badness 1817) in paragraph at lines 2578--2579
[]\OT1/cmr/m/n/10.95 These mod-i-fiers af-fect only ranged and
 []


Underfull \hbox (badness 1946) in paragraph at lines 2632--2633
[]\OT1/cmr/bx/n/10.95 Minor Dis-trac-tion: \OT1/cmr/m/n/10.95 penalty of 10.
 []

[81]
Underfull \hbox (badness 1902) in paragraph at lines 2634--2635
[]\OT1/cmr/bx/n/10.95 Major Dis-trac-tion: \OT1/cmr/m/n/10.95 penalty of 30.
 []


Underfull \hbox (badness 1616) in paragraph at lines 2683--2684
[]\OT1/cmr/bx/it/10.95 Example 1: \OT1/cmr/m/it/10.95 Feath-er-fall tries to
 []


Underfull \hbox (badness 6910) in paragraph at lines 2683--2684
\OT1/cmr/m/it/10.95 shoot a raider hid-ing be-hind
 []


Underfull \hbox (badness 1521) in paragraph at lines 2683--2684
\OT1/cmr/m/it/10.95 a Wooden ta-ble. Feath-er-fall's
 []

[82]
Underfull \hbox (badness 1648) in paragraph at lines 2687--2688
[]\OT1/cmr/bx/it/10.95 Example 2: \OT1/cmr/m/it/10.95 Feath-er-fall has de-
 []


Underfull \vbox (badness 6625) has occurred while \output is active []

 [83]
Overfull \hbox (8.66103pt too wide) in paragraph at lines 2746--2754
 [][] 
 []

<FoE_PnP_Burst_Templates_v2.png, id=990, 878.28125pt x 375.4025pt>
File: FoE_PnP_Burst_Templates_v2.png Graphic file (type png)
<use FoE_PnP_Burst_Templates_v2.png>
Package pdftex.def Info: FoE_PnP_Burst_Templates_v2.png  used on input line 276
3.
(pdftex.def)             Requested size: 398.33858pt x 170.26422pt.
[84] [85 <./FoE_PnP_Burst_Templates_v2.png>] [86] [87] [88]
Underfull \hbox (badness 2173) in paragraph at lines 2920--2921
[]\OT1/cmr/m/n/10.95 Attacks are sub-ject to mod-i-fiers called
 []


Underfull \hbox (badness 2790) in paragraph at lines 2933--2934
\OT1/cmr/m/n/10.95 Attacks made with thrown weapons and
 []

[89]
<ART/fight_1.jpg, id=1051, 288.11317pt x 288.11317pt>
File: ART/fight_1.jpg Graphic file (type jpg)
<use ART/fight_1.jpg>
Package pdftex.def Info: ART/fight_1.jpg  used on input line 2943.
(pdftex.def)             Requested size: 176.80067pt x 176.79947pt.
 [90 <./ART/fight_1.jpg>] [91]
Underfull \hbox (badness 1173) in paragraph at lines 3019--3020
[]\OT1/cmr/m/n/10.95 Interacting with en-vi-ron-ment, such as
 []


Underfull \hbox (badness 1675) in paragraph at lines 3021--3022
\OT1/cmr/m/n/10.95 crip-pled limbs), Sci-ence (hack-ing), or
 []

[92] [93

] [94] [95]
Underfull \hbox (badness 6032) in paragraph at lines 3267--3268
[]\OT1/cmr/m/n/10.95 For ex-am-ple, with su-per sledge, the
 []

[96]
Underfull \hbox (badness 4595) in paragraph at lines 3279--3280
\OT1/cmr/m/n/10.95 Characters one day or an-other will be
 []


Underfull \hbox (badness 1472) in paragraph at lines 3324--3325
[]\OT1/cmr/bx/it/10.95 Note: \OT1/cmr/m/it/10.95 Ex-plo-sive weapons do not
 []

[97]
Underfull \hbox (badness 10000) in paragraph at lines 3346--3347
[]\OT1/cmr/m/n/10.95 Successful Medicine-check gives the
 []


Underfull \hbox (badness 5091) in paragraph at lines 3346--3347
\OT1/cmr/m/n/10.95 wounded char-ac-ter +1 to their Heal-ing
 []

[98]
Chapter 8.
<ART/book.jpg, id=1121, 207.4149pt x 206.9331pt>
File: ART/book.jpg Graphic file (type jpg)
<use ART/book.jpg>
Package pdftex.def Info: ART/book.jpg  used on input line 3402.
(pdftex.def)             Requested size: 154.69933pt x 154.34373pt.
[99

 <./ART/book.jpg>]
Underfull \hbox (badness 2253) in paragraph at lines 3414--3415
\OT1/cmr/m/n/10.95 Using spells is much like at-tack-ing with
 []

[100

]
Underfull \hbox (badness 1558) in paragraph at lines 3445--3446
\OT1/cmr/m/it/10.95 him into go-ing to an-other di-
 []


Underfull \hbox (badness 2229) in paragraph at lines 3445--3446
\OT1/cmr/m/it/10.95 higher against Emer-ald Glint's
 []

[101

]
Underfull \hbox (badness 1043) in paragraph at lines 3465--3466
[]\OT1/cmr/m/n/10.95 Unlike other ponies' ar-cane pow-ers, the
 []

<"ART/Chapter 8_Aerial Maneuver Wonderbolt edit".jpg, id=1141, 402.43997pt x 40
2.43997pt>
File: "ART/Chapter 8_Aerial Maneuver Wonderbolt edit".jpg Graphic file (type jp
g)
<use "ART/Chapter 8_Aerial Maneuver Wonderbolt edit".jpg>
Package pdftex.def Info: "ART/Chapter 8_Aerial Maneuver Wonderbolt edit".jpg  u
sed on input line 3510.
(pdftex.def)             Requested size: 361.60138pt x 361.59697pt.
[102

]
Underfull \vbox (badness 2261) has occurred while \output is active []

 [103 <./ART/Chapter 8_Aerial Maneuver Wonderbolt edit.jpg>]
Underfull \hbox (badness 10000) in paragraph at lines 3578--3580
[]\OT1/cmr/bx/n/10.95 Wonderbolt Ma-neu-vers
 []


Underfull \hbox (badness 1142) in paragraph at lines 3580--3581
[]\OT1/cmr/m/n/10.95 Commander Easyglide's Es-prit de
 []

<"ART/Chapter 8_Unicorn magic".jpg, id=1154, 459.48251pt x 268.2933pt>
File: "ART/Chapter 8_Unicorn magic".jpg Graphic file (type jpg)
<use "ART/Chapter 8_Unicorn magic".jpg>
Package pdftex.def Info: "ART/Chapter 8_Unicorn magic".jpg  used on input line 
3591.
(pdftex.def)             Requested size: 406.79724pt x 237.53577pt.
[104]
Underfull \hbox (badness 3690) in paragraph at lines 3600--3601
[]\OT1/cmr/m/n/10.95 Arcane spells are di-vided into \OT1/cmr/bx/n/10.95 Magic
 []


Underfull \vbox (badness 4713) has occurred while \output is active []

 [105 <./ART/Chapter 8_Unicorn magic.jpg>] [106] [107]
<"ART/Chapter 8_Alchemy zeeb".jpg, id=1177, 374.64381pt x 435.07024pt>
File: "ART/Chapter 8_Alchemy zeeb".jpg Graphic file (type jpg)
<use "ART/Chapter 8_Alchemy zeeb".jpg>
Package pdftex.def Info: "ART/Chapter 8_Alchemy zeeb".jpg  used on input line 3
770.
(pdftex.def)             Requested size: 406.79724pt x 472.43137pt.


LaTeX Warning: `h' float specifier changed to `ht'.


Underfull \hbox (badness 1122) in paragraph at lines 3796--3797
\OT1/cmr/m/it/10.95 son of her own mak-ing. She
 []

[108] [109 <./ART/Chapter 8_Alchemy zeeb.jpg>]
Underfull \hbox (badness 1629) in paragraph at lines 3807--3808
\OT1/cmr/m/n/10.95 Shamans pos-sess a unique sec-ondary stat
 []


Underfull \hbox (badness 5064) in paragraph at lines 3812--3813
\OT1/cmr/m/n/10.95 Different spir-its have dif-fer-ent strengths.
 []

<"ART/Chapter 8_shamanism".jpg, id=1189, 457.30716pt x 403.40678pt>
File: "ART/Chapter 8_shamanism".jpg Graphic file (type jpg)
<use "ART/Chapter 8_shamanism".jpg>
Package pdftex.def Info: "ART/Chapter 8_shamanism".jpg  used on input line 3843
.
(pdftex.def)             Requested size: 361.60138pt x 318.99564pt.

Underfull \hbox (badness 1337) in paragraph at lines 3861--3862
[]\OT1/cmr/m/n/10.95 Crafting Spirit Pris-ons isn't par-tic-u-larly
 []

[110

] [111] [112 <./ART/Chapter 8_shamanism.jpg>]
Underfull \hbox (badness 1331) in paragraph at lines 3901--3902
[]\OT1/cmr/m/n/10.95 Once their HP reaches 0, the spirit is
 []


Underfull \hbox (badness 2970) in paragraph at lines 3918--3919
[]\OT1/cmr/m/n/10.95 Enchantments are per-ma-nent (or semi-
 []


Underfull \hbox (badness 1210) in paragraph at lines 3918--3919
\OT1/cmr/m/n/10.95 but oc-ca-sion-ally with other items. Each
 []


Underfull \hbox (badness 1661) in paragraph at lines 3920--3921
[]\OT1/cmr/m/n/10.95 Different spir-its grant dif-fer-ent en-chant-
 []

[113] [114]
Overfull \hbox (1.91994pt too wide) in paragraph at lines 4006--4006
[]\OT1/cmr/m/n/10.95 Suppressive 
 []


Underfull \vbox (badness 10000) detected at line 4006
 []

[115


] [116]
Underfull \vbox (badness 10000) detected at line 4027
 []


Underfull \vbox (badness 10000) has occurred while \output is active []

 [117]
Underfull \hbox (badness 10000) in paragraph at lines 4050--4066
[][]
 []


Underfull \hbox (badness 10000) in paragraph at lines 4050--4066

 []

File: FoE_PnP_Burst_Templates_v2.png Graphic file (type png)
<use FoE_PnP_Burst_Templates_v2.png>
Package pdftex.def Info: FoE_PnP_Burst_Templates_v2.png  used on input line 406
8.
(pdftex.def)             Requested size: 398.33858pt x 170.26422pt.
<ART/Sunrise.jpg, id=1231, 457.30716pt x 337.42114pt>
File: ART/Sunrise.jpg Graphic file (type jpg)
<use ART/Sunrise.jpg>
Package pdftex.def Info: ART/Sunrise.jpg  used on input line 4073.
(pdftex.def)             Requested size: 497.20276pt x 366.87558pt.

Overfull \hbox (45.20276pt too wide) in paragraph at lines 4073--4074
 [][] 
 []

Package atveryend Info: Empty hook `BeforeClearDocument' on input line 4076.
[118] [119 <./ART/Sunrise.jpg>]
Package atveryend Info: Empty hook `AfterLastShipout' on input line 4076.
 (FOEWV_TEX.aux)
Package atveryend Info: Executing hook `AtVeryEndDocument' on input line 4076.
Package atveryend Info: Executing hook `AtEndAfterFileList' on input line 4076.

Package rerunfilecheck Info: File `FOEWV_TEX.out' has not changed.
(rerunfilecheck)             Checksum: FF85B09C0FD0DC104B864F0D35118DC8;4912.
Package atveryend Info: Empty hook `AtVeryVeryEnd' on input line 4076.
 ) 
Here is how much of TeX's memory you used:
 9453 strings out of 493305
 137006 string characters out of 3128930
 285895 words of memory out of 3000000
 12338 multiletter control sequences out of 15000+200000
 12389 words of font info for 45 fonts, out of 3000000 for 9000
 1141 hyphenation exceptions out of 8191
 41i,24n,43p,746b,595s stack positions out of 5000i,500n,10000p,200000b,50000s
<C:/Users/Roope O/AppData/Local/Programs/MiKTeX 2.9/fonts/type1/public/amsfon
ts/cm/cmbx10.pfb><C:/Users/Roope O/AppData/Local/Programs/MiKTeX 2.9/fonts/type
1/public/amsfonts/cm/cmbx12.pfb><C:/Users/Roope O/AppData/Local/Programs/MiKTeX
 2.9/fonts/type1/public/amsfonts/cm/cmbxti10.pfb><C:/Users/Roope O/AppData/Loca
l/Programs/MiKTeX 2.9/fonts/type1/public/amsfonts/cm/cmmi10.pfb><C:/Users/Roope
 O/AppData/Local/Programs/MiKTeX 2.9/fonts/type1/public/amsfonts/cm/cmr10.pfb><
C:/Users/Roope O/AppData/Local/Programs/MiKTeX 2.9/fonts/type1/public/amsfonts/
cm/cmr8.pfb><C:/Users/Roope O/AppData/Local/Programs/MiKTeX 2.9/fonts/type1/pub
lic/amsfonts/cm/cmsl10.pfb><C:/Users/Roope O/AppData/Local/Programs/MiKTeX 2.9/
fonts/type1/public/amsfonts/cm/cmsy10.pfb><C:/Users/Roope O/AppData/Local/Progr
ams/MiKTeX 2.9/fonts/type1/public/amsfonts/cm/cmsy8.pfb><C:/Users/Roope O/AppDa
ta/Local/Programs/MiKTeX 2.9/fonts/type1/public/amsfonts/cm/cmti10.pfb>
Output written on FOEWV_TEX.pdf (120 pages, 10645928 bytes).
PDF statistics:
 1379 PDF objects out of 1440 (max. 8388607)
 495 named destinations out of 1000 (max. 500000)
 757 words of extra memory for PDF output out of 10000 (max. 10000000)

