\BOOKMARK [0][-]{chapter.1}{Aerial Maneuvers}{}% 1
\BOOKMARK [1][-]{section*.2}{Basic Maneuvers}{chapter.1}% 2
\BOOKMARK [2][-]{section*.3}{Buccaneer Blaze [AGI]}{section*.2}% 3
\BOOKMARK [2][-]{section*.4}{Cloud Manipulation [CHA]}{section*.2}% 4
\BOOKMARK [2][-]{section*.5}{Contrail [AGI]}{section*.2}% 5
\BOOKMARK [2][-]{section*.6}{Creeping Barrage [AGI]}{section*.2}% 6
\BOOKMARK [2][-]{section*.7}{Defensive Spiral [END]}{section*.2}% 7
\BOOKMARK [2][-]{section*.8}{Defog Twirl [CHA]}{section*.2}% 8
\BOOKMARK [2][-]{section*.9}{Dirt Drag [END]}{section*.2}% 9
\BOOKMARK [2][-]{section*.10}{Divebomb [END]}{section*.2}% 10
\BOOKMARK [2][-]{section*.11}{Fantastic Flash [CHA]}{section*.2}% 11
\BOOKMARK [2][-]{section*.12}{Fire Trail [CHA]}{section*.2}% 12
\BOOKMARK [2][-]{section*.13}{Hightail Sweep [AGI]}{section*.2}% 13
\BOOKMARK [2][-]{section*.14}{Plummet [END]}{section*.2}% 14
\BOOKMARK [2][-]{section*.15}{Sonic Rain-Nuke [END]}{section*.2}% 15
\BOOKMARK [2][-]{section*.16}{Sun Celebration [CHA]}{section*.2}% 16
\BOOKMARK [2][-]{section*.17}{Tactical Weather Manipulation [CHA]}{section*.2}% 17
\BOOKMARK [2][-]{section*.18}{Tornado [AGI]}{section*.2}% 18
\BOOKMARK [2][-]{section*.19}{Twister [END]}{section*.2}% 19
\BOOKMARK [2][-]{section*.20}{Weave Defense [AGI]}{section*.2}% 20
\BOOKMARK [1][-]{section*.21}{Wonderbolt \046 Talon Maneuvers}{chapter.1}% 21
\BOOKMARK [2][-]{section*.22}{Blackwing's Mettle}{section*.21}% 22
\BOOKMARK [2][-]{section*.23}{Carrion's Blight}{section*.21}% 23
\BOOKMARK [2][-]{section*.24}{Commander Easyglider's Esprit de Corps}{section*.21}% 24
\BOOKMARK [2][-]{section*.25}{Fleetfoot's Fix-it-up}{section*.21}% 25
\BOOKMARK [2][-]{section*.26}{Gawd's Glorious Featherbedding}{section*.21}% 26
\BOOKMARK [2][-]{section*.27}{General Firefly's Double Inside-Out Loop}{section*.21}% 27
\BOOKMARK [2][-]{section*.28}{Gilda's Feline Frenzium Furiatus}{section*.21}% 28
\BOOKMARK [2][-]{section*.29}{Henrietta's Threatful Bravura}{section*.21}% 29
\BOOKMARK [2][-]{section*.30}{Rainbow Dash's Sonic Rainboom}{section*.21}% 30
\BOOKMARK [2][-]{section*.31}{Spitfire's Icarian Sun Salutation}{section*.21}% 31
\BOOKMARK [2][-]{section*.32}{Surprise's Sneak Sweep}{section*.21}% 32
\BOOKMARK [0][-]{chapter.2}{Earth Pony Magic}{}% 33
\BOOKMARK [1][-]{section*.33}{Adrenaline Rush [STR]}{chapter.2}% 34
\BOOKMARK [1][-]{section*.34}{Cheer [CHA]}{chapter.2}% 35
\BOOKMARK [1][-]{section*.35}{Comforting Words [CHA]}{chapter.2}% 36
\BOOKMARK [1][-]{section*.36}{Crash this Barn [STR]}{chapter.2}% 37
\BOOKMARK [1][-]{section*.37}{Earthly Warning [PER]}{chapter.2}% 38
\BOOKMARK [1][-]{section*.38}{Enchanted Hooves [STR]}{chapter.2}% 39
\BOOKMARK [1][-]{section*.39}{Enhance Plant [CHA]}{chapter.2}% 40
\BOOKMARK [1][-]{section*.40}{Find Poison [PER]}{chapter.2}% 41
\BOOKMARK [1][-]{section*.41}{Fortify [STR]}{chapter.2}% 42
\BOOKMARK [1][-]{section*.42}{Healing Hooves [CHA]}{chapter.2}% 43
\BOOKMARK [1][-]{section*.43}{Improve Obstacle [PER]}{chapter.2}% 44
\BOOKMARK [1][-]{section*.44}{Inner Circle [CHA]}{chapter.2}% 45
\BOOKMARK [1][-]{section*.45}{Mend [STR]}{chapter.2}% 46
\BOOKMARK [1][-]{section*.46}{Overgrow [STR]}{chapter.2}% 47
\BOOKMARK [1][-]{section*.47}{Plant Calling [CHA]}{chapter.2}% 48
\BOOKMARK [1][-]{section*.48}{Protection of the Earth [STR]}{chapter.2}% 49
\BOOKMARK [1][-]{section*.49}{Rooted [STR]}{chapter.2}% 50
\BOOKMARK [1][-]{section*.50}{Smart Cookie's Invocation [PER]}{chapter.2}% 51
\BOOKMARK [1][-]{section*.51}{Sound Mind [CHA]}{chapter.2}% 52
\BOOKMARK [1][-]{section*.52}{Stone Shield [STR]}{chapter.2}% 53
\BOOKMARK [0][-]{chapter.3}{Unicorn Magic}{}% 54
\BOOKMARK [1][-]{section*.53}{\0431 Assistant [CHA/INT]}{chapter.3}% 55
\BOOKMARK [1][-]{section*.54}{Alarm [END]}{chapter.3}% 56
\BOOKMARK [1][-]{section*.55}{Amplify [CHA]}{chapter.3}% 57
\BOOKMARK [1][-]{section*.56}{Anesthetic [INT]}{chapter.3}% 58
\BOOKMARK [1][-]{section*.57}{Arcane Blast [INT]}{chapter.3}% 59
\BOOKMARK [1][-]{section*.58}{Arcane Mark}{chapter.3}% 60
\BOOKMARK [1][-]{section*.59}{Bend Surface [INT]}{chapter.3}% 61
\BOOKMARK [1][-]{section*.60}{Blood Weapons [END]}{chapter.3}% 62
\BOOKMARK [1][-]{section*.61}{Bonds Of Friendship [CHA/INT]}{chapter.3}% 63
\BOOKMARK [1][-]{section*.62}{Bone Mending [INT]}{chapter.3}% 64
\BOOKMARK [1][-]{section*.63}{Bypass [CHA]}{chapter.3}% 65
\BOOKMARK [1][-]{section*.64}{Call Object [INT]}{chapter.3}% 66
\BOOKMARK [1][-]{section*.65}{Calm Mind [INT]}{chapter.3}% 67
\BOOKMARK [1][-]{section*.66}{Clean [INT]}{chapter.3}% 68
\BOOKMARK [1][-]{section*.67}{Cloak of Elements [END]}{chapter.3}% 69
\BOOKMARK [1][-]{section*.68}{Combat Pre-cognition [PER]}{chapter.3}% 70
\BOOKMARK [1][-]{section*.69}{Come to Life [END]}{chapter.3}% 71
\BOOKMARK [1][-]{section*.70}{Compulsion [CHA]}{chapter.3}% 72
\BOOKMARK [1][-]{section*.71}{Detection [PER]}{chapter.3}% 73
\BOOKMARK [1][-]{section*.72}{Devouring Darkness [END]}{chapter.3}% 74
\BOOKMARK [1][-]{section*.73}{Discord [CHA]}{chapter.3}% 75
\BOOKMARK [1][-]{section*.74}{Eldritch Knives [INT]}{chapter.3}% 76
\BOOKMARK [1][-]{section*.75}{Enhancement [INT]}{chapter.3}% 77
\BOOKMARK [1][-]{section*.76}{Equestria's Love [END]}{chapter.3}% 78
\BOOKMARK [1][-]{section*.77}{Failsafe [END]}{chapter.3}% 79
\BOOKMARK [1][-]{section*.78}{Fear [END]}{chapter.3}% 80
\BOOKMARK [1][-]{section*.79}{Friendly Critter's Help [END]}{chapter.3}% 81
\BOOKMARK [1][-]{section*.80}{Growth [END]}{chapter.3}% 82
\BOOKMARK [1][-]{section*.81}{Heart Attack [END]}{chapter.3}% 83
\BOOKMARK [1][-]{section*.82}{Hidden Aura [CHA/INT]}{chapter.3}% 84
\BOOKMARK [1][-]{section*.83}{Invisibility [CHA]}{chapter.3}% 85
\BOOKMARK [1][-]{section*.84}{Life Surge [END]}{chapter.3}% 86
\BOOKMARK [1][-]{section*.85}{Light}{chapter.3}% 87
\BOOKMARK [1][-]{section*.86}{Magic Mirror [PER]}{chapter.3}% 88
\BOOKMARK [1][-]{section*.87}{Magic Trance [CHA]}{chapter.3}% 89
\BOOKMARK [1][-]{section*.88}{Magical Fireworks [CHA]}{chapter.3}% 90
\BOOKMARK [1][-]{section*.89}{Memory Manipulation [PER]}{chapter.3}% 91
\BOOKMARK [1][-]{section*.90}{Mirage [CHA]}{chapter.3}% 92
\BOOKMARK [1][-]{section*.91}{Mental Bulwark [END]}{chapter.3}% 93
\BOOKMARK [1][-]{section*.92}{Mind Probe [PER]}{chapter.3}% 94
\BOOKMARK [1][-]{section*.93}{Panacea [INT]}{chapter.3}% 95
\BOOKMARK [1][-]{section*.94}{Petrify [END]}{chapter.3}% 96
\BOOKMARK [1][-]{section*.95}{Phantasmagoria [CHA]}{chapter.3}% 97
\BOOKMARK [1][-]{section*.96}{Phase [END]}{chapter.3}% 98
\BOOKMARK [1][-]{section*.97}{Pocket Sand [INT]}{chapter.3}% 99
\BOOKMARK [1][-]{section*.98}{Power of Friendship [CHA/INT]}{chapter.3}% 100
\BOOKMARK [1][-]{section*.99}{Rad-Guard [END]}{chapter.3}% 101
\BOOKMARK [1][-]{section*.100}{Regeneration [INT]}{chapter.3}% 102
\BOOKMARK [1][-]{section*.101}{Remake [END]}{chapter.3}% 103
\BOOKMARK [1][-]{section*.102}{Resilience [CHA]}{chapter.3}% 104
\BOOKMARK [1][-]{section*.103}{Restoration [INT]}{chapter.3}% 105
\BOOKMARK [1][-]{section*.104}{Shadow Form [END]}{chapter.3}% 106
\BOOKMARK [1][-]{section*.105}{Shape Magic [END]}{chapter.3}% 107
\BOOKMARK [1][-]{section*.106}{Shield [INT]}{chapter.3}% 108
\BOOKMARK [1][-]{section*.107}{Silver Shroud [CHA]}{chapter.3}% 109
\BOOKMARK [1][-]{section*.108}{Simulacrum [CHA]}{chapter.3}% 110
\BOOKMARK [1][-]{section*.109}{Soft Light [CHA]}{chapter.3}% 111
\BOOKMARK [1][-]{section*.110}{Soul Jar [END]}{chapter.3}% 112
\BOOKMARK [1][-]{section*.111}{Spy Connections [PER]}{chapter.3}% 113
\BOOKMARK [1][-]{section*.112}{Standstill [CHA]}{chapter.3}% 114
\BOOKMARK [1][-]{section*.113}{Steady Walk [END]}{chapter.3}% 115
\BOOKMARK [1][-]{section*.114}{Storm Cloud [INT]}{chapter.3}% 116
\BOOKMARK [1][-]{section*.115}{Target [CHA]}{chapter.3}% 117
\BOOKMARK [1][-]{section*.116}{Telekinesis}{chapter.3}% 118
\BOOKMARK [1][-]{section*.117}{Telepathy [PER]}{chapter.3}% 119
\BOOKMARK [1][-]{section*.118}{Teleport}{chapter.3}% 120
\BOOKMARK [1][-]{section*.119}{Thrown Voice [CHA]}{chapter.3}% 121
\BOOKMARK [1][-]{section*.120}{Toughen Hide [END]}{chapter.3}% 122
\BOOKMARK [1][-]{section*.121}{Transformation [END]}{chapter.3}% 123
\BOOKMARK [1][-]{section*.122}{Vile Crystals [END]}{chapter.3}% 124
\BOOKMARK [1][-]{section*.123}{Wall of Energy [INT]}{chapter.3}% 125
\BOOKMARK [1][-]{section*.124}{Want it, Need it [CHA]}{chapter.3}% 126
\BOOKMARK [0][-]{chapter.4}{Zebra Magic}{}% 127
\BOOKMARK [1][-]{section*.125}{Alchemy Recipes}{chapter.4}% 128
\BOOKMARK [2][-]{section*.126}{All-Nighter}{section*.125}% 129
\BOOKMARK [2][-]{section*.127}{Antivenom}{section*.125}% 130
\BOOKMARK [2][-]{section*.128}{Assassin Powder}{section*.125}% 131
\BOOKMARK [2][-]{section*.129}{Balefire Potion}{section*.125}% 132
\BOOKMARK [2][-]{section*.130}{Beat-No-More}{section*.125}% 133
\BOOKMARK [2][-]{section*.131}{Bitter Drink}{section*.125}% 134
\BOOKMARK [2][-]{section*.132}{Blood-stopping Goo}{section*.125}% 135
\BOOKMARK [2][-]{section*.133}{Bone-Strengthening Brew}{section*.125}% 136
\BOOKMARK [2][-]{section*.134}{Bounce}{section*.125}% 137
\BOOKMARK [2][-]{section*.135}{Breath of the Phoenix}{section*.125}% 138
\BOOKMARK [2][-]{section*.136}{Bug-bane Oil}{section*.125}% 139
\BOOKMARK [2][-]{section*.137}{Cloudwalk Talisman}{section*.125}% 140
\BOOKMARK [2][-]{section*.138}{Fixer-Upper}{section*.125}% 141
\BOOKMARK [2][-]{section*.139}{Flesh Talisman}{section*.125}% 142
\BOOKMARK [2][-]{section*.140}{Flight Talisman}{section*.125}% 143
\BOOKMARK [2][-]{section*.141}{Greater Healing Potion}{section*.125}% 144
\BOOKMARK [2][-]{section*.142}{Healing Potion}{section*.125}% 145
\BOOKMARK [2][-]{section*.143}{Healing Powder}{section*.125}% 146
\BOOKMARK [2][-]{section*.144}{Infused Bandages}{section*.125}% 147
\BOOKMARK [2][-]{section*.145}{Itching Oil}{section*.125}% 148
\BOOKMARK [2][-]{section*.146}{Killing Joke Remedy}{section*.125}% 149
\BOOKMARK [2][-]{section*.147}{Kiss Of the Phoenix}{section*.125}% 150
\BOOKMARK [2][-]{section*.148}{Major Flame Bane Potion}{section*.125}% 151
\BOOKMARK [2][-]{section*.149}{Major Grounding Potion}{section*.125}% 152
\BOOKMARK [2][-]{section*.150}{Major Warming Potion}{section*.125}% 153
\BOOKMARK [2][-]{section*.151}{Mask Talisman}{section*.125}% 154
\BOOKMARK [2][-]{section*.152}{Mindflay Potion}{section*.125}% 155
\BOOKMARK [2][-]{section*.153}{Minor Flame Bane Potion}{section*.125}% 156
\BOOKMARK [2][-]{section*.154}{Minor Grounding Potion}{section*.125}% 157
\BOOKMARK [2][-]{section*.155}{Minor Restoration Potion}{section*.125}% 158
\BOOKMARK [2][-]{section*.156}{Minor Warming Potion}{section*.125}% 159
\BOOKMARK [2][-]{section*.157}{Plant-bane Oil}{section*.125}% 160
\BOOKMARK [2][-]{section*.158}{Poisonous Oil}{section*.125}% 161
\BOOKMARK [2][-]{section*.159}{Potent Antivenom}{section*.125}% 162
\BOOKMARK [2][-]{section*.160}{Potion of Weathering}{section*.125}% 163
\BOOKMARK [2][-]{section*.161}{Quickhoof Potion}{section*.125}% 164
\BOOKMARK [2][-]{section*.162}{Rad-Gone}{section*.125}% 165
\BOOKMARK [2][-]{section*.163}{Rad-Less}{section*.125}% 166
\BOOKMARK [2][-]{section*.164}{Sleeping Powder}{section*.125}% 167
\BOOKMARK [2][-]{section*.165}{Smoke Bombs}{section*.125}% 168
\BOOKMARK [2][-]{section*.166}{Spirit Renewal Potion}{section*.125}% 169
\BOOKMARK [2][-]{section*.167}{Superior Smoke Bomb}{section*.125}% 170
\BOOKMARK [2][-]{section*.168}{Thinner Oil}{section*.125}% 171
\BOOKMARK [2][-]{section*.169}{Vitality Booster}{section*.125}% 172
\BOOKMARK [2][-]{section*.170}{Wall Crawling Paste}{section*.125}% 173
\BOOKMARK [2][-]{section*.171}{World-Weathering Potion}{section*.125}% 174
\BOOKMARK [1][-]{section*.172}{Spirit Magic}{chapter.4}% 175
\BOOKMARK [2][-]{section*.173}{Spirit of Diamond}{section*.172}% 176
\BOOKMARK [2][-]{section*.176}{Spirit of Flame}{section*.172}% 177
\BOOKMARK [2][-]{section*.179}{Spirit of Friendship}{section*.172}% 178
\BOOKMARK [2][-]{section*.182}{Spirit of Life}{section*.172}% 179
\BOOKMARK [2][-]{section*.185}{Spirit of Light}{section*.172}% 180
\BOOKMARK [2][-]{section*.188}{Spirit of Lightning}{section*.172}% 181
\BOOKMARK [2][-]{section*.191}{Spirit of Machines}{section*.172}% 182
\BOOKMARK [2][-]{section*.194}{Spirit of Nature}{section*.172}% 183
\BOOKMARK [2][-]{section*.197}{Spirit of Poisons}{section*.172}% 184
\BOOKMARK [2][-]{section*.200}{Spirit of Riddles}{section*.172}% 185
\BOOKMARK [2][-]{section*.203}{Spirit of Waves}{section*.172}% 186
\BOOKMARK [2][-]{section*.206}{Spirit of Whispers}{section*.172}% 187
\BOOKMARK [2][-]{section*.209}{Spirit of Wind}{section*.172}% 188
