This is pdfTeX, Version 3.141592653-2.6-1.40.22 (MiKTeX 21.2) (preloaded format=pdflatex 2021.3.10)  4 DEC 2021 21:31
entering extended mode
**./MAGICOD_TEX.tex
(MAGICOD_TEX.tex
LaTeX2e <2020-10-01> patch level 4
L3 programming layer <2021-02-18> xparse <2020-03-03>
(C:\Users\Tiia\AppData\Local\Programs\MiKTeX\tex/latex/base\book.cls
Document Class: book 2020/04/10 v1.4m Standard LaTeX document class
(C:\Users\Tiia\AppData\Local\Programs\MiKTeX\tex/latex/base\bk11.clo
File: bk11.clo 2020/04/10 v1.4m Standard LaTeX file (size option)
)
\c@part=\count179
\c@chapter=\count180
\c@section=\count181
\c@subsection=\count182
\c@subsubsection=\count183
\c@paragraph=\count184
\c@subparagraph=\count185
\c@figure=\count186
\c@table=\count187
\abovecaptionskip=\skip47
\belowcaptionskip=\skip48
\bibindent=\dimen138
)
(C:\Users\Tiia\AppData\Local\Programs\MiKTeX\tex/latex/base\inputenc.sty
Package: inputenc 2020/08/01 v1.3d Input encoding file
\inpenc@prehook=\toks15
\inpenc@posthook=\toks16

(C:\Users\Tiia\AppData\Local\Programs\MiKTeX\tex/latex/base\latin1.def
File: latin1.def 2020/08/01 v1.3d Input encoding file
))
(C:\Users\Tiia\AppData\Local\Programs\MiKTeX\tex/latex/amsmath\amsmath.sty
Package: amsmath 2020/09/23 v2.17i AMS math features
\@mathmargin=\skip49

For additional information on amsmath, use the `?' option.
(C:\Users\Tiia\AppData\Local\Programs\MiKTeX\tex/latex/amsmath\amstext.sty
Package: amstext 2000/06/29 v2.01 AMS text

(C:\Users\Tiia\AppData\Local\Programs\MiKTeX\tex/latex/amsmath\amsgen.sty
File: amsgen.sty 1999/11/30 v2.0 generic functions
\@emptytoks=\toks17
\ex@=\dimen139
))
(C:\Users\Tiia\AppData\Local\Programs\MiKTeX\tex/latex/amsmath\amsbsy.sty
Package: amsbsy 1999/11/29 v1.2d Bold Symbols
\pmbraise@=\dimen140
)
(C:\Users\Tiia\AppData\Local\Programs\MiKTeX\tex/latex/amsmath\amsopn.sty
Package: amsopn 2016/03/08 v2.02 operator names
)
\inf@bad=\count188
LaTeX Info: Redefining \frac on input line 234.
\uproot@=\count189
\leftroot@=\count190
LaTeX Info: Redefining \overline on input line 399.
\classnum@=\count191
\DOTSCASE@=\count192
LaTeX Info: Redefining \ldots on input line 496.
LaTeX Info: Redefining \dots on input line 499.
LaTeX Info: Redefining \cdots on input line 620.
\Mathstrutbox@=\box47
\strutbox@=\box48
\big@size=\dimen141
LaTeX Font Info:    Redeclaring font encoding OML on input line 743.
LaTeX Font Info:    Redeclaring font encoding OMS on input line 744.
\macc@depth=\count193
\c@MaxMatrixCols=\count194
\dotsspace@=\muskip16
\c@parentequation=\count195
\dspbrk@lvl=\count196
\tag@help=\toks18
\row@=\count197
\column@=\count198
\maxfields@=\count199
\andhelp@=\toks19
\eqnshift@=\dimen142
\alignsep@=\dimen143
\tagshift@=\dimen144
\tagwidth@=\dimen145
\totwidth@=\dimen146
\lineht@=\dimen147
\@envbody=\toks20
\multlinegap=\skip50
\multlinetaggap=\skip51
\mathdisplay@stack=\toks21
LaTeX Info: Redefining \[ on input line 2923.
LaTeX Info: Redefining \] on input line 2924.
)
(C:\Users\Tiia\AppData\Local\Programs\MiKTeX\tex/latex/amsfonts\amsfonts.sty
Package: amsfonts 2013/01/14 v3.01 Basic AMSFonts support
\symAMSa=\mathgroup4
\symAMSb=\mathgroup5
LaTeX Font Info:    Redeclaring math symbol \hbar on input line 98.
LaTeX Font Info:    Overwriting math alphabet `\mathfrak' in version `bold'
(Font)                  U/euf/m/n --> U/euf/b/n on input line 106.
)
(C:\Users\Tiia\AppData\Local\Programs\MiKTeX\tex/latex/amsfonts\amssymb.sty
Package: amssymb 2013/01/14 v3.01 AMS font symbols
)
(C:\Users\Tiia\AppData\Local\Programs\MiKTeX\tex/latex/graphics\graphicx.sty
Package: graphicx 2020/09/09 v1.2b Enhanced LaTeX Graphics (DPC,SPQR)

(C:\Users\Tiia\AppData\Local\Programs\MiKTeX\tex/latex/graphics\keyval.sty
Package: keyval 2014/10/28 v1.15 key=value parser (DPC)
\KV@toks@=\toks22
)
(C:\Users\Tiia\AppData\Local\Programs\MiKTeX\tex/latex/graphics\graphics.sty
Package: graphics 2020/08/30 v1.4c Standard LaTeX Graphics (DPC,SPQR)

(C:\Users\Tiia\AppData\Local\Programs\MiKTeX\tex/latex/graphics\trig.sty
Package: trig 2016/01/03 v1.10 sin cos tan (DPC)
)
(C:\Users\Tiia\AppData\Local\Programs\MiKTeX\tex/latex/graphics-cfg\graphics.cf
g
File: graphics.cfg 2016/06/04 v1.11 sample graphics configuration
)
Package graphics Info: Driver file: pdftex.def on input line 105.

(C:\Users\Tiia\AppData\Local\Programs\MiKTeX\tex/latex/graphics-def\pdftex.def
File: pdftex.def 2020/10/05 v1.2a Graphics/color driver for pdftex
))
\Gin@req@height=\dimen148
\Gin@req@width=\dimen149
) (C:\Users\Tiia\AppData\Local\Programs\MiKTeX\tex/latex/xcolor\xcolor.sty
Package: xcolor 2016/05/11 v2.12 LaTeX color extensions (UK)

(C:\Users\Tiia\AppData\Local\Programs\MiKTeX\tex/latex/graphics-cfg\color.cfg
File: color.cfg 2016/01/02 v1.6 sample color configuration
)
Package xcolor Info: Driver file: pdftex.def on input line 225.

(C:\Users\Tiia\AppData\Local\Programs\MiKTeX\tex/latex/colortbl\colortbl.sty
Package: colortbl 2020/01/04 v1.0e Color table columns (DPC)

(C:\Users\Tiia\AppData\Local\Programs\MiKTeX\tex/latex/latex-tools\array.sty
Package: array 2020/10/01 v2.5c Tabular extension package (FMi)
\col@sep=\dimen150
\ar@mcellbox=\box49
\extrarowheight=\dimen151
\NC@list=\toks23
\extratabsurround=\skip52
\backup@length=\skip53
\ar@cellbox=\box50
)
\everycr=\toks24
\minrowclearance=\skip54
)
\rownum=\count266
Package xcolor Info: Model `cmy' substituted by `cmy0' on input line 1348.
Package xcolor Info: Model `hsb' substituted by `rgb' on input line 1352.
Package xcolor Info: Model `RGB' extended on input line 1364.
Package xcolor Info: Model `HTML' substituted by `rgb' on input line 1366.
Package xcolor Info: Model `Hsb' substituted by `hsb' on input line 1367.
Package xcolor Info: Model `tHsb' substituted by `hsb' on input line 1368.
Package xcolor Info: Model `HSB' substituted by `hsb' on input line 1369.
Package xcolor Info: Model `Gray' substituted by `gray' on input line 1370.
Package xcolor Info: Model `wave' substituted by `hsb' on input line 1371.
) (C:\Users\Tiia\AppData\Local\Programs\MiKTeX\tex/latex/wrapfig\wrapfig.sty
\wrapoverhang=\dimen152
\WF@size=\dimen153
\c@WF@wrappedlines=\count267
\WF@box=\box51
\WF@everypar=\toks25
Package: wrapfig 2003/01/31  v 3.6
)
(C:\Users\Tiia\AppData\Local\Programs\MiKTeX\tex/latex/latex-tools\multicol.sty
Package: multicol 2019/12/09 v1.8y multicolumn formatting (FMi)
\c@tracingmulticols=\count268

Package multicol Warning: May not work with the twocolumn option on input line 
141.

\mult@box=\box52
\multicol@leftmargin=\dimen154
\c@unbalance=\count269
\c@collectmore=\count270
\doublecol@number=\count271
\multicoltolerance=\count272
\multicolpretolerance=\count273
\full@width=\dimen155
\page@free=\dimen156
\premulticols=\dimen157
\postmulticols=\dimen158
\multicolsep=\skip55
\multicolbaselineskip=\skip56
\partial@page=\box53
\last@line=\box54
\maxbalancingoverflow=\dimen159
\mult@rightbox=\box55
\mult@grightbox=\box56
\mult@gfirstbox=\box57
\mult@firstbox=\box58
\@tempa=\box59
\@tempa=\box60
\@tempa=\box61
\@tempa=\box62
\@tempa=\box63
\@tempa=\box64
\@tempa=\box65
\@tempa=\box66
\@tempa=\box67
\@tempa=\box68
\@tempa=\box69
\@tempa=\box70
\@tempa=\box71
\@tempa=\box72
\@tempa=\box73
\@tempa=\box74
\@tempa=\box75
\@tempa=\box76
\@tempa=\box77
\@tempa=\box78
\@tempa=\box79
\@tempa=\box80
\@tempa=\box81
\@tempa=\box82
\@tempa=\box83
\@tempa=\box84
\@tempa=\box85
\@tempa=\box86
\@tempa=\box87
\@tempa=\box88
\@tempa=\box89
\@tempa=\box90
\@tempa=\box91
\@tempa=\box92
\@tempa=\box93
\@tempa=\box94
\@tempa=\box95
\c@minrows=\count274
\c@columnbadness=\count275
\c@finalcolumnbadness=\count276
\last@try=\dimen160
\multicolovershoot=\dimen161
\multicolundershoot=\dimen162
\mult@nat@firstbox=\box96
\colbreak@box=\box97
\mc@col@check@num=\count277
) (C:\Users\Tiia\AppData\Local\Programs\MiKTeX\tex/latex/multirow\multirow.sty
Package: multirow 2021/01/29 v2.7 Span multiple rows of a table
\multirow@colwidth=\skip57
\multirow@cntb=\count278
\multirow@dima=\skip58
\bigstrutjot=\dimen163
) (C:\Users\Tiia\AppData\Local\Programs\MiKTeX\tex/latex/paralist\paralist.sty
Package: paralist 2017/01/22 v2.7 Extended list environments
\pltopsep=\skip59
\plpartopsep=\skip60
\plitemsep=\skip61
\plparsep=\skip62
\pl@lab=\toks26
)
(C:\Users\Tiia\AppData\Local\Programs\MiKTeX\tex/latex/latex-tools\longtable.st
y
Package: longtable 2020/01/07 v4.13 Multi-page Table package (DPC)
\LTleft=\skip63
\LTright=\skip64
\LTpre=\skip65
\LTpost=\skip66
\LTchunksize=\count279
\LTcapwidth=\dimen164
\LT@head=\box98
\LT@firsthead=\box99
\LT@foot=\box100
\LT@lastfoot=\box101
\LT@cols=\count280
\LT@rows=\count281
\c@LT@tables=\count282
\c@LT@chunks=\count283
\LT@p@ftn=\toks27
) (C:\Users\Tiia\AppData\Local\Programs\MiKTeX\tex/latex/tabu\tabu.sty
Package: tabu 2019/01/11 v2.9 - flexible LaTeX tabulars (FC+tabu-fixed)

(C:\Users\Tiia\AppData\Local\Programs\MiKTeX\tex/latex/varwidth\varwidth.sty
Package: varwidth 2009/03/30 ver 0.92;  Variable-width minipages
\@vwid@box=\box102
\sift@deathcycles=\count284
\@vwid@loff=\dimen165
\@vwid@roff=\dimen166
)
\c@taburow=\count285
\tabu@nbcols=\count286
\tabu@cnt=\count287
\tabu@Xcol=\count288
\tabu@alloc=\count289
\tabu@nested=\count290
\tabu@target=\dimen167
\tabu@spreadtarget=\dimen168
\tabu@naturalX=\dimen169
\tabucolX=\dimen170
\tabu@Xsum=\dimen171
\extrarowdepth=\dimen172
\abovetabulinesep=\dimen173
\belowtabulinesep=\dimen174
\tabustrutrule=\dimen175
\tabu@thebody=\toks28
\tabu@footnotes=\toks29
\tabu@box=\box103
\tabu@arstrutbox=\box104
\tabu@hleads=\box105
\tabu@vleads=\box106
\tabu@cellskip=\skip67
)
(C:\Users\Tiia\AppData\Local\Programs\MiKTeX\tex/generic/soul\soul.sty
Package: soul 2003/11/17 v2.4 letterspacing/underlining (mf)
\SOUL@word=\toks30
\SOUL@lasttoken=\toks31
\SOUL@cmds=\toks32
\SOUL@buffer=\toks33
\SOUL@token=\toks34
\SOUL@spaceskip=\skip68
\SOUL@ttwidth=\dimen176
\SOUL@uldp=\dimen177
\SOUL@ulht=\dimen178
)
(C:\Users\Tiia\AppData\Local\Programs\MiKTeX\tex/latex/titling\titling.sty
Package: titling 2009/09/04 v2.1d maketitle typesetting
\thanksmarkwidth=\skip69
\thanksmargin=\skip70
\droptitle=\skip71
)
(C:\Users\Tiia\AppData\Local\Programs\MiKTeX\tex/latex/pdfpages\pdfpages.sty
Package: pdfpages 2021/03/06 v0.5t Insert pages of external PDF documents (AM)

(C:\Users\Tiia\AppData\Local\Programs\MiKTeX\tex/latex/base\ifthen.sty
Package: ifthen 2014/09/29 v1.1c Standard LaTeX ifthen package (DPC)
)
(C:\Users\Tiia\AppData\Local\Programs\MiKTeX\tex/latex/latex-tools\calc.sty
Package: calc 2017/05/25 v4.3 Infix arithmetic (KKT,FJ)
\calc@Acount=\count291
\calc@Bcount=\count292
\calc@Adimen=\dimen179
\calc@Bdimen=\dimen180
\calc@Askip=\skip72
\calc@Bskip=\skip73
LaTeX Info: Redefining \setlength on input line 80.
LaTeX Info: Redefining \addtolength on input line 81.
\calc@Ccount=\count293
\calc@Cskip=\skip74
)
(C:\Users\Tiia\AppData\Local\Programs\MiKTeX\tex/latex/eso-pic\eso-pic.sty
Package: eso-pic 2020/10/14 v3.0a eso-pic (RN)
\ESO@tempdima=\dimen181
\ESO@tempdimb=\dimen182
)
\AM@pagewidth=\dimen183
\AM@pageheight=\dimen184
\AM@fboxrule=\dimen185

(C:\Users\Tiia\AppData\Local\Programs\MiKTeX\tex/latex/pdfpages\pppdftex.def
File: pppdftex.def 2021/03/06 v0.5t Pdfpages driver for pdfTeX (AM)
)
\pdfpages@includegraphics@status=\count294
\AM@pagebox=\box107
\AM@global@opts=\toks35
\AM@pagecnt=\count295
\AM@toc@title=\toks36
\c@AM@survey=\count296
\AM@templatesizebox=\box108
)
(C:\Users\Tiia\AppData\Local\Programs\MiKTeX\tex/latex/hyperref\hyperref.sty
Package: hyperref 2021-02-10 v7.00j Hypertext links for LaTeX

(C:\Users\Tiia\AppData\Local\Programs\MiKTeX\tex/generic/ltxcmds\ltxcmds.sty
Package: ltxcmds 2020-05-10 v1.25 LaTeX kernel commands for general use (HO)
)
(C:\Users\Tiia\AppData\Local\Programs\MiKTeX\tex/generic/iftex\iftex.sty
Package: iftex 2020/03/06 v1.0d TeX engine tests
)
(C:\Users\Tiia\AppData\Local\Programs\MiKTeX\tex/generic/pdftexcmds\pdftexcmds.
sty
Package: pdftexcmds 2020-06-27 v0.33 Utility functions of pdfTeX for LuaTeX (HO
)

(C:\Users\Tiia\AppData\Local\Programs\MiKTeX\tex/generic/infwarerr\infwarerr.st
y
Package: infwarerr 2019/12/03 v1.5 Providing info/warning/error messages (HO)
)
Package pdftexcmds Info: \pdf@primitive is available.
Package pdftexcmds Info: \pdf@ifprimitive is available.
Package pdftexcmds Info: \pdfdraftmode found.
)
(C:\Users\Tiia\AppData\Local\Programs\MiKTeX\tex/generic/kvsetkeys\kvsetkeys.st
y
Package: kvsetkeys 2019/12/15 v1.18 Key value parser (HO)
)
(C:\Users\Tiia\AppData\Local\Programs\MiKTeX\tex/generic/kvdefinekeys\kvdefinek
eys.sty
Package: kvdefinekeys 2019-12-19 v1.6 Define keys (HO)
)
(C:\Users\Tiia\AppData\Local\Programs\MiKTeX\tex/generic/pdfescape\pdfescape.st
y
Package: pdfescape 2019/12/09 v1.15 Implements pdfTeX's escape features (HO)
) (C:\Users\Tiia\AppData\Local\Programs\MiKTeX\tex/latex/hycolor\hycolor.sty
Package: hycolor 2020-01-27 v1.10 Color options for hyperref/bookmark (HO)
)
(C:\Users\Tiia\AppData\Local\Programs\MiKTeX\tex/latex/letltxmacro\letltxmacro.
sty
Package: letltxmacro 2019/12/03 v1.6 Let assignment for LaTeX macros (HO)
) (C:\Users\Tiia\AppData\Local\Programs\MiKTeX\tex/latex/auxhook\auxhook.sty
Package: auxhook 2019-12-17 v1.6 Hooks for auxiliary files (HO)
)
(C:\Users\Tiia\AppData\Local\Programs\MiKTeX\tex/latex/kvoptions\kvoptions.sty
Package: kvoptions 2020-10-07 v3.14 Key value format for package options (HO)
)
\@linkdim=\dimen186
\Hy@linkcounter=\count297
\Hy@pagecounter=\count298
(C:\Users\Tiia\AppData\Local\Programs\MiKTeX\tex/latex/hyperref\pd1enc.def
File: pd1enc.def 2021-02-10 v7.00j Hyperref: PDFDocEncoding definition (HO)
Now handling font encoding PD1 ...
... no UTF-8 mapping file for font encoding PD1
)
(C:\Users\Tiia\AppData\Local\Programs\MiKTeX\tex/latex/hyperref\hyperref-langpa
tches.def
File: hyperref-langpatches.def 2021-02-10 v7.00j Hyperref: patches for babel la
nguages
)
(C:\Users\Tiia\AppData\Local\Programs\MiKTeX\tex/generic/intcalc\intcalc.sty
Package: intcalc 2019/12/15 v1.3 Expandable calculations with integers (HO)
)
(C:\Users\Tiia\AppData\Local\Programs\MiKTeX\tex/generic/etexcmds\etexcmds.sty
Package: etexcmds 2019/12/15 v1.7 Avoid name clashes with e-TeX commands (HO)
)
\Hy@SavedSpaceFactor=\count299
(C:\Users\Tiia\AppData\Local\Programs\MiKTeX\tex/latex/hyperref\puenc.def
File: puenc.def 2021-02-10 v7.00j Hyperref: PDF Unicode definition (HO)
Now handling font encoding PU ...
... no UTF-8 mapping file for font encoding PU
)
Package hyperref Info: Hyper figures OFF on input line 4192.
Package hyperref Info: Link nesting OFF on input line 4197.
Package hyperref Info: Hyper index ON on input line 4200.
Package hyperref Info: Plain pages OFF on input line 4207.
Package hyperref Info: Backreferencing OFF on input line 4212.
Package hyperref Info: Implicit mode ON; LaTeX internals redefined.
Package hyperref Info: Bookmarks ON on input line 4445.
\c@Hy@tempcnt=\count300

(C:\Users\Tiia\AppData\Local\Programs\MiKTeX\tex/latex/url\url.sty
\Urlmuskip=\muskip17
Package: url 2013/09/16  ver 3.4  Verb mode for urls, etc.
)
LaTeX Info: Redefining \url on input line 4804.
\XeTeXLinkMargin=\dimen187

(C:\Users\Tiia\AppData\Local\Programs\MiKTeX\tex/generic/bitset\bitset.sty
Package: bitset 2019/12/09 v1.3 Handle bit-vector datatype (HO)

(C:\Users\Tiia\AppData\Local\Programs\MiKTeX\tex/generic/bigintcalc\bigintcalc.
sty
Package: bigintcalc 2019/12/15 v1.5 Expandable calculations on big integers (HO
)
))
\Fld@menulength=\count301
\Field@Width=\dimen188
\Fld@charsize=\dimen189
Package hyperref Info: Hyper figures OFF on input line 6075.
Package hyperref Info: Link nesting OFF on input line 6080.
Package hyperref Info: Hyper index ON on input line 6083.
Package hyperref Info: backreferencing OFF on input line 6090.
Package hyperref Info: Link coloring OFF on input line 6095.
Package hyperref Info: Link coloring with OCG OFF on input line 6100.
Package hyperref Info: PDF/A mode OFF on input line 6105.
LaTeX Info: Redefining \ref on input line 6145.
LaTeX Info: Redefining \pageref on input line 6149.

(C:\Users\Tiia\AppData\Local\Programs\MiKTeX\tex/latex/base\atbegshi-ltx.sty
Package: atbegshi-ltx 2020/08/17 v1.0a Emulation of the original atbegshi packa
ge
with kernel methods
)
\Hy@abspage=\count302
\c@Item=\count303
\c@Hfootnote=\count304
)
Package hyperref Info: Driver (autodetected): hpdftex.

(C:\Users\Tiia\AppData\Local\Programs\MiKTeX\tex/latex/hyperref\hpdftex.def
File: hpdftex.def 2021-02-10 v7.00j Hyperref driver for pdfTeX

(C:\Users\Tiia\AppData\Local\Programs\MiKTeX\tex/latex/base\atveryend-ltx.sty
Package: atveryend-ltx 2020/08/19 v1.0a Emulation of the original atvery packag
e
with kernel methods
)
\Fld@listcount=\count305
\c@bookmark@seq@number=\count306

(C:\Users\Tiia\AppData\Local\Programs\MiKTeX\tex/latex/rerunfilecheck\rerunfile
check.sty
Package: rerunfilecheck 2019/12/05 v1.9 Rerun checks for auxiliary files (HO)

(C:\Users\Tiia\AppData\Local\Programs\MiKTeX\tex/generic/uniquecounter\uniqueco
unter.sty
Package: uniquecounter 2019/12/15 v1.4 Provide unlimited unique counter (HO)
)
Package uniquecounter Info: New unique counter `rerunfilecheck' on input line 2
86.
)
\Hy@SectionHShift=\skip75
)
Package hyperref Info: Option `colorlinks' set `true' on input line 28.

(C:\Users\Tiia\AppData\Local\Programs\MiKTeX\tex/latex/l3backend\l3backend-pdft
ex.def
File: l3backend-pdftex.def 2021-02-18 L3 backend support: PDF output (pdfTeX)
\l__color_backend_stack_int=\count307
\l__pdf_internal_box=\box109
) (MAGICOD_TEX.aux)
\openout1 = `MAGICOD_TEX.aux'.

LaTeX Font Info:    Checking defaults for OML/cmm/m/it on input line 33.
LaTeX Font Info:    ... okay on input line 33.
LaTeX Font Info:    Checking defaults for OMS/cmsy/m/n on input line 33.
LaTeX Font Info:    ... okay on input line 33.
LaTeX Font Info:    Checking defaults for OT1/cmr/m/n on input line 33.
LaTeX Font Info:    ... okay on input line 33.
LaTeX Font Info:    Checking defaults for T1/cmr/m/n on input line 33.
LaTeX Font Info:    ... okay on input line 33.
LaTeX Font Info:    Checking defaults for TS1/cmr/m/n on input line 33.
LaTeX Font Info:    ... okay on input line 33.
LaTeX Font Info:    Checking defaults for OMX/cmex/m/n on input line 33.
LaTeX Font Info:    ... okay on input line 33.
LaTeX Font Info:    Checking defaults for U/cmr/m/n on input line 33.
LaTeX Font Info:    ... okay on input line 33.
LaTeX Font Info:    Checking defaults for PD1/pdf/m/n on input line 33.
LaTeX Font Info:    ... okay on input line 33.
LaTeX Font Info:    Checking defaults for PU/pdf/m/n on input line 33.
LaTeX Font Info:    ... okay on input line 33.

(C:\Users\Tiia\AppData\Local\Programs\MiKTeX\tex/context/base/mkii\supp-pdf.mki
i
[Loading MPS to PDF converter (version 2006.09.02).]
\scratchcounter=\count308
\scratchdimen=\dimen190
\scratchbox=\box110
\nofMPsegments=\count309
\nofMParguments=\count310
\everyMPshowfont=\toks37
\MPscratchCnt=\count311
\MPscratchDim=\dimen191
\MPnumerator=\count312
\makeMPintoPDFobject=\count313
\everyMPtoPDFconversion=\toks38
)
(C:\Users\Tiia\AppData\Local\Programs\MiKTeX\tex/latex/epstopdf-pkg\epstopdf-ba
se.sty
Package: epstopdf-base 2020-01-24 v2.11 Base part for package epstopdf
Package epstopdf-base Info: Redefining graphics rule for `.eps' on input line 4
85.
)
(C:\Users\Tiia\AppData\Local\Programs\MiKTeX\tex/latex/pdflscape\pdflscape.sty
Package: pdflscape 2019/12/05 v0.12 Display of landscape pages in PDF (HO)

(C:\Users\Tiia\AppData\Local\Programs\MiKTeX\tex/latex/graphics\lscape.sty
Package: lscape 2020/05/28 v3.02 Landscape Pages (DPC)
)
Package pdflscape Info: Auto-detected driver: pdftex on input line 81.
)
Package hyperref Info: Link coloring ON on input line 33.

(C:\Users\Tiia\AppData\Local\Programs\MiKTeX\tex/latex/hyperref\nameref.sty
Package: nameref 2021-04-02 v2.47 Cross-referencing by name of section

(C:\Users\Tiia\AppData\Local\Programs\MiKTeX\tex/latex/refcount\refcount.sty
Package: refcount 2019/12/15 v3.6 Data extraction from label references (HO)
)
(C:\Users\Tiia\AppData\Local\Programs\MiKTeX\tex/generic/gettitlestring\gettitl
estring.sty
Package: gettitlestring 2019/12/15 v1.6 Cleanup title references (HO)
)
\c@section@level=\count314
)
LaTeX Info: Redefining \ref on input line 33.
LaTeX Info: Redefining \pageref on input line 33.
LaTeX Info: Redefining \nameref on input line 33.
 (MAGICOD_TEX.out) (MAGICOD_TEX.out)
\@outlinefile=\write3
\openout3 = `MAGICOD_TEX.out'.

<WORD/COVER-MAGICOD.pdf, id=855, 597.23125pt x 845.1575pt>
File: WORD/COVER-MAGICOD.pdf Graphic file (type pdf)
<use WORD/COVER-MAGICOD.pdf>
Package pdftex.def Info: WORD/COVER-MAGICOD.pdf  used on input line 35.
(pdftex.def)             Requested size: 597.22978pt x 845.15544pt.
File: WORD/COVER-MAGICOD.pdf Graphic file (type pdf)
<use WORD/COVER-MAGICOD.pdf>
Package pdftex.def Info: WORD/COVER-MAGICOD.pdf  used on input line 35.
(pdftex.def)             Requested size: 597.22978pt x 845.15544pt.
<WORD/COVER-MAGICOD.pdf, id=858, page=1, 597.23125pt x 845.1575pt>
File: WORD/COVER-MAGICOD.pdf Graphic file (type pdf)
<use WORD/COVER-MAGICOD.pdf, page 1>
Package pdftex.def Info: WORD/COVER-MAGICOD.pdf , page1 used on input line 35.
(pdftex.def)             Requested size: 597.22978pt x 845.15544pt.
File: WORD/COVER-MAGICOD.pdf Graphic file (type pdf)
<use WORD/COVER-MAGICOD.pdf, page 1>
Package pdftex.def Info: WORD/COVER-MAGICOD.pdf , page1 used on input line 35.
(pdftex.def)             Requested size: 597.25711pt x 845.19412pt.
File: WORD/COVER-MAGICOD.pdf Graphic file (type pdf)
<use WORD/COVER-MAGICOD.pdf, page 1>
Package pdftex.def Info: WORD/COVER-MAGICOD.pdf , page1 used on input line 35.
(pdftex.def)             Requested size: 597.25711pt x 845.19412pt.
File: WORD/COVER-MAGICOD.pdf Graphic file (type pdf)
<use WORD/COVER-MAGICOD.pdf, page 1>
Package pdftex.def Info: WORD/COVER-MAGICOD.pdf , page1 used on input line 35.
(pdftex.def)             Requested size: 597.25711pt x 845.19412pt.

! Undefined control sequence.
\@outputdblcol ...}}\@combinedblfloats \@setmarks 
                                                  \@outputpage \begingroup \...
l.35 ...ludepdf[pages={1}]{WORD/COVER-MAGICOD.pdf}
                                                  		
The control sequence at the end of the top line
of your error message was never \def'ed. If you have
misspelled it (e.g., `\hobx'), type `I' and the correct
spelling (e.g., `I\hbox'). Otherwise just continue,
and I'll forget about whatever was undefined.

File: WORD/COVER-MAGICOD.pdf Graphic file (type pdf)
<use WORD/COVER-MAGICOD.pdf, page 1>
Package pdftex.def Info: WORD/COVER-MAGICOD.pdf , page1 used on input line 35.
(pdftex.def)             Requested size: 597.25711pt x 845.19412pt.
[1

 <./WORD/COVER-MAGICOD.pdf>]
<ART/ISA_Logo.jpg, id=879, 77.53969pt x 74.52844pt>
File: ART/ISA_Logo.jpg Graphic file (type jpg)
<use ART/ISA_Logo.jpg>
Package pdftex.def Info: ART/ISA_Logo.jpg  used on input line 75.
(pdftex.def)             Requested size: 85.35826pt x 82.04292pt.
pdfTeX warning (ext4): destination with the same identifier (name{page.1}) has 
been already used, duplicate ignored
<to be read again> 
                   \relax 
l.78 \twocolumn
                [1{C:/Users/Tiia/AppData/Local/MiKTeX/pdftex/config/pdftex.map}

 <./ART/ISA_Logo.jpg>] [2



] (MAGICOD_TEX.toc
LaTeX Font Info:    Trying to load font information for U+msa on input line 3.

(C:\Users\Tiia\AppData\Local\Programs\MiKTeX\tex/latex/amsfonts\umsa.fd
File: umsa.fd 2013/01/14 v3.01 AMS symbols A
)
LaTeX Font Info:    Trying to load font information for U+msb on input line 3.

(C:\Users\Tiia\AppData\Local\Programs\MiKTeX\tex/latex/amsfonts\umsb.fd
File: umsb.fd 2013/01/14 v3.01 AMS symbols B
)
[3] [4] [5] [6] [7])
\tf@toc=\write4
\openout4 = `MAGICOD_TEX.toc'.

 [8]
Chapter 1.

Underfull \hbox (badness 2165) in paragraph at lines 91--92
\OT1/cmr/m/it/10.95 magic cours-ing through Eques-tria.
 []


Underfull \hbox (badness 1571) in paragraph at lines 106--107
\OT1/cmr/m/n/10.95 ing into ac-count the char-ac-ter's level
 []

[9


] [10

]
Chapter 2.
[11]
Underfull \hbox (badness 10000) in paragraph at lines 224--225
[]\OT1/cmr/m/n/10.95 The Ma-neu-ver re-quires a suc-cess-ful
 []


Underfull \hbox (badness 6396) in paragraph at lines 224--225
\OT1/cmr/m/n/10.95 Firearms/MEW roll in ad-di-tion to the
 []


Underfull \hbox (badness 1478) in paragraph at lines 226--227
[]\OT1/cmr/m/n/10.95 If the Thau-maturgy roll fails, the flier
 []

[12] [13] [14] [15] [16]
Underfull \hbox (badness 1845) in paragraph at lines 787--788
[]\OT1/cmr/m/it/10.95 - Grun-hilda, Talon Mer-ce-nary, 5
 []

[17]
Underfull \hbox (badness 1102) in paragraph at lines 859--859
[][]\OT1/cmr/bx/n/12 Commander Easyglider's Es-prit de
 []

[18] [19] [20] [21] [22

]
Chapter 3.

Underfull \hbox (badness 5741) in paragraph at lines 1159--1160
[]\OT1/cmr/m/it/10.95 - Sugar Bounce, Car-a-va-neer, 4
 []


Underfull \hbox (badness 3907) in paragraph at lines 1164--1165
\OT1/cmr/m/n/10.95 branches: \OT1/cmr/bx/n/10.95 Charm\OT1/cmr/m/n/10.95 , \OT1
/cmr/bx/n/10.95 Sight\OT1/cmr/m/n/10.95 , and \OT1/cmr/bx/n/10.95 Might\OT1/cmr
/m/n/10.95 .
 []

[23]
Underfull \hbox (badness 2980) in paragraph at lines 1238--1239
[]\OT1/cmr/bx/n/10.95 Example: \OT1/cmr/m/n/10.95 Shin-ing Ex-am-ple at-
 []


Underfull \hbox (badness 1178) in paragraph at lines 1238--1239
\OT1/cmr/m/n/10.95 san-ity is 6, and she cur-rently
 []


Underfull \hbox (badness 1077) in paragraph at lines 1238--1239
\OT1/cmr/m/n/10.95 am-ple's Thau-maturgy suf-fers a
 []

[24]
Underfull \hbox (badness 3138) in paragraph at lines 1328--1329
[]\OT1/cmr/m/n/10.95 Ally can ig-nore one Pain Thresh-old
 []


Underfull \vbox (badness 1817) has occurred while \output is active []

 [25]
[26] [27] [28]
Underfull \hbox (badness 1142) in paragraph at lines 1828--1829
\OT1/cmr/m/n/10.95 shorter, with fol-low-ing ef-fects avail-able to
 []

[29]
Underfull \vbox (badness 4024) has occurred while \output is active []

 [30]
[31] [32

]
Chapter 4.

Underfull \hbox (badness 4531) in paragraph at lines 2003--2004
[]\OT1/cmr/m/n/10.95 Unicorn magic is di-vided into sev-eral
 []


Underfull \hbox (badness 3168) in paragraph at lines 2003--2004
\OT1/cmr/m/n/10.95 schools: \OT1/cmr/bx/n/10.95 Gen-eral\OT1/cmr/m/n/10.95 , \O
T1/cmr/bx/n/10.95 Con-ju-ra-tion\OT1/cmr/m/n/10.95 , \OT1/cmr/bx/n/10.95 Dark\O
T1/cmr/m/n/10.95 ,
 []


Underfull \hbox (badness 2134) in paragraph at lines 2003--2004
\OT1/cmr/bx/n/10.95 En-hance-ment\OT1/cmr/m/n/10.95 , \OT1/cmr/bx/n/10.95 Il-lu
-sion\OT1/cmr/m/n/10.95 , \OT1/cmr/bx/n/10.95 Med-i-cal\OT1/cmr/m/n/10.95 , \OT
1/cmr/bx/n/10.95 Per-
 []

[33] [34] [35]
Underfull \hbox (badness 2495) in paragraph at lines 2231--2232
[]\OT1/cmr/m/n/10.95 Upon learn-ing the spell, the char-ac-ter
 []

[36]
Underfull \hbox (badness 1237) in paragraph at lines 2259--2260
[]\OT1/cmr/m/n/10.95 When lev-i-tat-ing weapons with Pre-ci-sion
 []

[37] [38] [39] [40] [41]
Underfull \hbox (badness 2042) in paragraph at lines 2664--2665
[]\OT1/cmr/m/n/10.95 Spell con-jures a num-ber of de-ter-mined
 []

[42] [43] [44]
Underfull \vbox (badness 10000) has occurred while \output is active []


Underfull \hbox (badness 1033) in paragraph at lines 2930--2931
[]\OT1/cmr/m/n/10.95 The spell's ef-fects are per-ma-nent un-less
 []

[45] [46]
Underfull \hbox (badness 3229) in paragraph at lines 3083--3084
[]\OT1/cmr/m/n/10.95 The caster puts aside any dis-trac-tion,
 []

[47] [48]
Underfull \hbox (badness 2762) in paragraph at lines 3278--3279
[]\OT1/cmr/m/n/10.95 The caster con-jures a daz-zling dis-play
 []

[49]
Underfull \hbox (badness 1533) in paragraph at lines 3383--3384
[]\OT1/cmr/m/n/10.95 The caster pro-vides an il-lu-sion-ary aura
 []

[50]
Underfull \hbox (badness 1221) in paragraph at lines 3425--3426
[]\OT1/cmr/m/n/10.95 2 DT, 3+(2) dam-
 []

[51] [52] [53]
Underfull \hbox (badness 1142) in paragraph at lines 3744--3745
[]\OT1/cmr/m/n/10.95 The spell re-stores HP ac-cord-ing to the
 []

[54]
Underfull \hbox (badness 1354) in paragraph at lines 3902--3903
[]\OT1/cmr/m/n/10.95 Detects ob-jects, magic or crea-tures the
 []

[55] [56] [57]
Underfull \hbox (badness 2351) in paragraph at lines 4158--4159
[]\OT1/cmr/m/n/10.95 Grants pro-tec-tion against en-vi-ron-men-tal
 []

[58] [59]
Underfull \hbox (badness 10000) in paragraph at lines 4298--4299
[]\OT1/cmr/m/n/10.95 20% Rad Re-sis-
 []


Overfull \hbox (3.34575pt too wide) in paragraph at lines 4381--4390
[][] 
 []

[60] [61]
Underfull \hbox (badness 10000) in paragraph at lines 4471--4472
[]\OT1/cmr/m/n/10.95 +2 DT, +1+(2)
 []


Underfull \hbox (badness 10000) in paragraph at lines 4472--4473
[]\OT1/cmr/m/n/10.95 +3 DT, +2+(1)
 []

[62] [63] [64

]
Chapter 5.

Underfull \hbox (badness 1122) in paragraph at lines 4683--4684
[]\OT1/cmr/m/n/10.95 Spirit Magic is di-vided into sec-tions as
 []


Underfull \hbox (badness 1221) in paragraph at lines 4683--4684
\OT1/cmr/m/n/10.95 de-fined by the spirit's do-main: \OT1/cmr/bx/n/10.95 Em-ber
s\OT1/cmr/m/n/10.95 ,
 []


Underfull \hbox (badness 1048) in paragraph at lines 4683--4684
\OT1/cmr/bx/n/10.95 Ma-chines\OT1/cmr/m/n/10.95 , \OT1/cmr/bx/n/10.95 Na-ture\O
T1/cmr/m/n/10.95 , \OT1/cmr/bx/n/10.95 Seren-ity\OT1/cmr/m/n/10.95 , \OT1/cmr/b
x/n/10.95 Shad-ows\OT1/cmr/m/n/10.95 ,
 []


Underfull \vbox (badness 10000) has occurred while \output is active []


Underfull \hbox (badness 8189) in paragraph at lines 4721--4722
[]\OT1/cmr/m/n/10.95 Large Splash; 4
 []

[65

]
Underfull \hbox (badness 1043) in paragraph at lines 4749--4750
[]\OT1/cmr/m/n/10.95 The caster con-jures up a slightly grim-
 []


Underfull \hbox (badness 3138) in paragraph at lines 4796--4797
[]\OT1/cmr/m/n/10.95 Ally can ig-nore one Pain Thresh-old
 []

[66] [67]
Underfull \hbox (badness 2435) in paragraph at lines 4966--4967
[]\OT1/cmr/m/n/10.95 This spell ig-nores DT, and can ap-ply
 []

[68] [69]
Underfull \hbox (badness 10000) in paragraph at lines 5207--5208
[]\OT1/cmr/m/n/10.95 Tiny Splash Tem-
 []


Underfull \hbox (badness 2521) in paragraph at lines 5209--5210
[]\OT1/cmr/m/n/10.95 Large Splash Tem-
 []


Package hyperref Warning: bookmark level for unknown susection defaults to 0.


Package hyperref Warning: Difference (2) between bookmark levels is greater 
(hyperref)                than one, level fixed on input line 5306.

[70]
Underfull \vbox (badness 10000) has occurred while \output is active []

 [71]
Underfull \hbox (badness 1371) in paragraph at lines 5523--5524
[]\OT1/cmr/m/n/10.95 Potency adds ad-di-tional dam-age to the
 []

[72]
Underfull \hbox (badness 4036) in paragraph at lines 5550--5551
[]\OT1/cmr/m/n/10.95 The spirit of na-ture surges from the
 []

[73]
Underfull \vbox (badness 2726) has occurred while \output is active []


Underfull \hbox (badness 1158) in paragraph at lines 5739--5740
[]\OT1/cmr/m/n/10.95 The caster sac-ri-fices some of their own
 []


Underfull \hbox (badness 1087) in paragraph at lines 5741--5742
[]\OT1/cmr/m/n/10.95 The spell?s range is de-ter-mined by the
 []

[74]
Underfull \hbox (badness 3724) in paragraph at lines 5896--5897
[]\OT1/cmr/m/n/10.95 Large Splash area,
 []

[75]
Underfull \hbox (badness 10000) in paragraph at lines 5966--5967
[]\OT1/cmr/m/n/10.95 1+(3) DMG, 3
 []

[76]
Underfull \hbox (badness 3323) in paragraph at lines 6087--6088
[]\OT1/cmr/m/n/10.95 The tar-gets in range also can-not use
 []


Underfull \hbox (badness 2384) in paragraph at lines 6087--6088
\OT1/cmr/m/n/10.95 Withdraw-action to move away from the
 []


Underfull \hbox (badness 10000) in paragraph at lines 6094--6095
[]\OT1/cmr/m/n/10.95 Small Splash, 3
 []

[77]
Underfull \vbox (badness 10000) has occurred while \output is active []

 [78]
Underfull \vbox (badness 10000) has occurred while \output is active []

 [79]
Underfull \vbox (badness 1436) has occurred while \output is active []

 [80]
Underfull \hbox (badness 5217) in paragraph at lines 6523--6524
[]\OT1/cmr/bx/n/10.95 Example: \OT1/cmr/m/n/10.95 Kenobi at-tempts to
 []


Underfull \hbox (badness 1502) in paragraph at lines 6523--6524
\OT1/cmr/m/n/10.95 half of her max-i-mum In-san-ity
 []


Underfull \hbox (badness 3713) in paragraph at lines 6523--6524
\OT1/cmr/m/n/10.95 points, Kenobi's Thau-maturgy
 []

[81] [82]
Underfull \vbox (badness 10000) has occurred while \output is active []

 [83]
Underfull \vbox (badness 3547) has occurred while \output is active []

 [84]
Underfull \hbox (badness 1057) in paragraph at lines 6947--6948
[]\OT1/cmr/m/n/10.95 The spirit cir-cles around the im-me-di-ate
 []


Underfull \hbox (badness 1533) in paragraph at lines 6949--6950
[]\OT1/cmr/m/n/10.95 The caster pro-vides an il-lu-sion-ary aura
 []

[85] [86

] (MAGICOD_TEX.aux)
Package rerunfilecheck Info: File `MAGICOD_TEX.out' has not changed.
(rerunfilecheck)             Checksum: 552749D8D48D8916F0A3DBC6A82E9EF5;27773.
 ) 
Here is how much of TeX's memory you used:
 12207 strings out of 479334
 176276 string characters out of 2857559
 499975 words of memory out of 3000000
 29162 multiletter control sequences out of 15000+200000
 412520 words of font info for 59 fonts, out of 3000000 for 9000
 1141 hyphenation exceptions out of 8191
 71i,17n,77p,654b,461s stack positions out of 5000i,500n,10000p,200000b,50000s
 <C:\Users\Tiia\AppData\Local\MiKTeX\fonts/pk/ljfour/jknappen/ec/dpi600\tcrm1
095.pk><C:/Users/Tiia/AppData/Local/Programs/MiKTeX/fonts/type1/public/amsfonts
/cm/cmbx10.pfb><C:/Users/Tiia/AppData/Local/Programs/MiKTeX/fonts/type1/public/
amsfonts/cm/cmbx12.pfb><C:/Users/Tiia/AppData/Local/Programs/MiKTeX/fonts/type1
/public/amsfonts/cm/cmbxti10.pfb><C:/Users/Tiia/AppData/Local/Programs/MiKTeX/f
onts/type1/public/amsfonts/cm/cmmi10.pfb><C:/Users/Tiia/AppData/Local/Programs/
MiKTeX/fonts/type1/public/amsfonts/cm/cmr10.pfb><C:/Users/Tiia/AppData/Local/Pr
ograms/MiKTeX/fonts/type1/public/amsfonts/cm/cmsl10.pfb><C:/Users/Tiia/AppData/
Local/Programs/MiKTeX/fonts/type1/public/amsfonts/cm/cmti10.pfb>
Output written on MAGICOD_TEX.pdf (87 pages, 1780453 bytes).
PDF statistics:
 1556 PDF objects out of 1728 (max. 8388607)
 303 named destinations out of 1000 (max. 500000)
 1730 words of extra memory for PDF output out of 10000 (max. 10000000)

