\BOOKMARK [0][-]{chapter.1}{\376\377\000I\000n\000t\000r\000o\000d\000u\000c\000t\000i\000o\000n}{}% 1
\BOOKMARK [0][-]{chapter.2}{\376\377\000R\000u\000l\000e\000s}{}% 2
\BOOKMARK [0][-]{chapter.3}{\376\377\000C\000r\000i\000t\000t\000e\000r\000s\000\040\000\046\000\040\000M\000u\000t\000a\000n\000t\000s}{}% 3
\BOOKMARK [1][-]{section*.4}{\376\377\000A\000l\000i\000c\000o\000r\000n\000s}{chapter.3}% 4
\BOOKMARK [2][-]{section*.5}{\376\377\000B\000l\000u\000e\000\040\000A\000l\000i\000c\000o\000r\000n}{section*.4}% 5
\BOOKMARK [2][-]{section*.8}{\376\377\000G\000r\000e\000e\000n\000\040\000A\000l\000i\000c\000o\000r\000n}{section*.4}% 6
\BOOKMARK [2][-]{section*.11}{\376\377\000P\000u\000r\000p\000l\000e\000\040\000A\000l\000i\000c\000o\000r\000n}{section*.4}% 7
\BOOKMARK [1][-]{section*.15}{\376\377\000B\000a\000l\000e\000f\000i\000r\000e\000\040\000P\000h\000o\000e\000n\000i\000x}{chapter.3}% 8
\BOOKMARK [1][-]{section*.19}{\376\377\000B\000l\000o\000o\000d\000w\000i\000n\000g}{chapter.3}% 9
\BOOKMARK [1][-]{section*.23}{\376\377\000B\000l\000o\000a\000t\000s\000p\000r\000i\000t\000e}{chapter.3}% 10
\BOOKMARK [2][-]{section*.26}{\376\377\000F\000i\000l\000l\000y\000d\000e\000l\000p\000h\000i\000a\000\040\000B\000l\000o\000a\000t\000s\000p\000r\000i\000t\000e}{section*.23}% 11
\BOOKMARK [2][-]{section*.29}{\376\377\000N\000e\000c\000r\000o\000s\000p\000r\000i\000t\000e}{section*.23}% 12
\BOOKMARK [1][-]{section*.33}{\376\377\000B\000r\000a\000h\000m\000i\000n}{chapter.3}% 13
\BOOKMARK [1][-]{section*.37}{\376\377\000B\000u\000g\000b\000e\000a\000r}{chapter.3}% 14
\BOOKMARK [1][-]{section*.41}{\376\377\000C\000h\000a\000n\000g\000e\000l\000i\000n\000g}{chapter.3}% 15
\BOOKMARK [2][-]{section*.44}{\376\377\000C\000h\000a\000n\000g\000e\000l\000i\000n\000g\000\040\000Q\000u\000e\000e\000n}{section*.41}% 16
\BOOKMARK [1][-]{section*.48}{\376\377\000C\000h\000i\000m\000e\000r\000a}{chapter.3}% 17
\BOOKMARK [1][-]{section*.52}{\376\377\000C\000o\000c\000k\000a\000t\000r\000i\000c\000e}{chapter.3}% 18
\BOOKMARK [1][-]{section*.56}{\376\377\000D\000r\000a\000g\000o\000n}{chapter.3}% 19
\BOOKMARK [1][-]{section*.60}{\376\377\000E\000n\000c\000l\000a\000v\000e}{chapter.3}% 20
\BOOKMARK [1][-]{section*.64}{\376\377\000E\000q\000u\000i\000t\000r\000o\000n}{chapter.3}% 21
\BOOKMARK [1][-]{section*.68}{\376\377\000F\000e\000r\000a\000l\000\040\000D\000o\000g}{chapter.3}% 22
\BOOKMARK [2][-]{section*.71}{\376\377\000F\000e\000r\000a\000l\000\040\000M\000o\000n\000g\000r\000e\000l}{section*.68}% 23
\BOOKMARK [1][-]{section*.75}{\376\377\000F\000e\000r\000a\000l\000\040\000G\000h\000o\000u\000l}{chapter.3}% 24
\BOOKMARK [2][-]{section*.78}{\376\377\000G\000l\000o\000w\000i\000n\000g\000\040\000O\000n\000e}{section*.75}% 25
\BOOKMARK [2][-]{section*.81}{\376\377\000C\000a\000n\000t\000e\000r\000l\000o\000t\000\040\000G\000h\000o\000u\000l}{section*.75}% 26
\BOOKMARK [1][-]{section*.85}{\376\377\000F\000i\000r\000e\000\040\000A\000n\000t}{chapter.3}% 27
\BOOKMARK [2][-]{section*.88}{\376\377\000F\000i\000r\000e\000\040\000A\000n\000t\000\040\000Q\000u\000e\000e\000n}{section*.85}% 28
\BOOKMARK [1][-]{section*.92}{\376\377\000F\000i\000r\000e\000b\000u\000s\000h}{chapter.3}% 29
\BOOKMARK [1][-]{section*.96}{\376\377\000F\000l\000a\000s\000h\000\040\000B\000e\000e}{chapter.3}% 30
\BOOKMARK [1][-]{section*.100}{\376\377\000F\000l\000o\000a\000t\000e\000r}{chapter.3}% 31
\BOOKMARK [1][-]{section*.104}{\376\377\000G\000e\000c\000k\000o}{chapter.3}% 32
\BOOKMARK [2][-]{section*.107}{\376\377\000F\000i\000r\000e\000\040\000G\000e\000c\000k\000o}{section*.104}% 33
\BOOKMARK [2][-]{section*.110}{\376\377\000G\000o\000l\000d\000e\000n\000\040\000G\000e\000c\000k\000o}{section*.104}% 34
\BOOKMARK [1][-]{section*.114}{\376\377\000G\000h\000o\000s\000t}{chapter.3}% 35
\BOOKMARK [1][-]{section*.118}{\376\377\000G\000i\000a\000n\000t\000\040\000A\000n\000t}{chapter.3}% 36
\BOOKMARK [2][-]{section*.121}{\376\377\000G\000i\000a\000n\000t\000\040\000A\000n\000t\000\040\000Q\000u\000e\000e\000n}{section*.118}% 37
\BOOKMARK [1][-]{section*.125}{\376\377\000H\000e\000l\000l\000h\000o\000u\000n\000d}{chapter.3}% 38
\BOOKMARK [1][-]{section*.129}{\376\377\000H\000o\000s\000p\000i\000t\000a\000l\000\040\000H\000o\000r\000r\000o\000r}{chapter.3}% 39
\BOOKMARK [1][-]{section*.133}{\376\377\000H\000y\000d\000r\000a}{chapter.3}% 40
\BOOKMARK [1][-]{section*.137}{\376\377\000J\000a\000c\000k\000a\000l\000o\000p\000e}{chapter.3}% 41
\BOOKMARK [2][-]{section*.140}{\376\377\000A\000l\000-\000M\000i\000'\000r\000a\000j}{section*.137}% 42
\BOOKMARK [1][-]{section*.144}{\376\377\000M\000a\000n\000t\000i\000c\000o\000r\000e}{chapter.3}% 43
\BOOKMARK [1][-]{section*.148}{\376\377\000M\000e\000r\000c\000e\000n\000a\000r\000y}{chapter.3}% 44
\BOOKMARK [1][-]{section*.152}{\376\377\000M\000i\000s\000t\000e\000r\000\040\000H\000o\000o\000f\000y}{chapter.3}% 45
\BOOKMARK [2][-]{section*.155}{\376\377\000S\000i\000r\000\040\000G\000a\000l\000l\000a\000n\000t}{section*.152}% 46
\BOOKMARK [1][-]{section*.159}{\376\377\000M\000o\000l\000e\000r\000a\000t}{chapter.3}% 47
\BOOKMARK [1][-]{section*.163}{\376\377\000M\000o\000s\000s\000\040\000S\000h\000a\000m\000b\000l\000e\000r}{chapter.3}% 48
\BOOKMARK [2][-]{section*.166}{\376\377\000B\000l\000a\000c\000k\000\040\000F\000u\000n\000g\000u\000s\000\040\000S\000h\000a\000m\000b\000l\000e\000r}{section*.163}% 49
\BOOKMARK [1][-]{section*.170}{\376\377\000M\000y\000l\000i\000n\000g}{chapter.3}% 50
\BOOKMARK [2][-]{section*.173}{\376\377\000M\000y\000l\000i\000n\000g\000\040\000Q\000u\000e\000e\000n}{section*.170}% 51
\BOOKMARK [1][-]{section*.177}{\376\377\000P\000u\000c\000k\000w\000u\000d\000g\000i\000e}{chapter.3}% 52
\BOOKMARK [1][-]{section*.181}{\376\377\000Q\000u\000a\000r\000r\000a\000y\000\040\000E\000e\000l}{chapter.3}% 53
\BOOKMARK [1][-]{section*.185}{\376\377\000R\000a\000d\000b\000i\000t}{chapter.3}% 54
\BOOKMARK [1][-]{section*.189}{\376\377\000R\000a\000d\000-\000B\000u\000t\000t\000e\000r\000f\000l\000y}{chapter.3}% 55
\BOOKMARK [1][-]{section*.193}{\376\377\000R\000a\000d\000h\000o\000g}{chapter.3}% 56
\BOOKMARK [1][-]{section*.197}{\376\377\000R\000a\000d\000r\000e\000l}{chapter.3}% 57
\BOOKMARK [1][-]{section*.201}{\376\377\000R\000a\000d\000i\000g\000a\000t\000o\000r}{chapter.3}% 58
\BOOKMARK [2][-]{section*.204}{\376\377\000G\000i\000a\000n\000t\000\040\000C\000r\000a\000g\000a\000d\000i\000l\000e}{section*.201}% 59
\BOOKMARK [1][-]{section*.208}{\376\377\000R\000a\000d\000r\000o\000a\000c\000h}{chapter.3}% 60
\BOOKMARK [1][-]{section*.212}{\376\377\000R\000a\000d\000s\000c\000o\000r\000p\000i\000o\000n}{chapter.3}% 61
\BOOKMARK [1][-]{section*.216}{\376\377\000R\000a\000d\000s\000t\000a\000g}{chapter.3}% 62
\BOOKMARK [1][-]{section*.220}{\376\377\000R\000a\000i\000d\000e\000r}{chapter.3}% 63
\BOOKMARK [1][-]{section*.224}{\376\377\000R\000o\000b\000o\000b\000r\000a\000i\000n}{chapter.3}% 64
\BOOKMARK [1][-]{section*.228}{\376\377\000S\000a\000l\000a\000m\000a\000n\000d\000e\000r}{chapter.3}% 65
\BOOKMARK [1][-]{section*.232}{\376\377\000S\000h\000a\000d\000e}{chapter.3}% 66
\BOOKMARK [1][-]{section*.236}{\376\377\000S\000l\000a\000v\000e\000r}{chapter.3}% 67
\BOOKMARK [1][-]{section*.240}{\376\377\000S\000n\000a\000k\000e\000,\000\040\000T\000w\000o\000-\000h\000e\000a\000d\000e\000d}{chapter.3}% 68
\BOOKMARK [2][-]{section*.243}{\376\377\000S\000n\000a\000k\000e\000,\000\040\000T\000h\000r\000e\000e\000-\000h\000e\000a\000d\000e\000d}{section*.240}% 69
\BOOKMARK [1][-]{section*.247}{\376\377\000S\000p\000i\000d\000e\000r}{chapter.3}% 70
\BOOKMARK [2][-]{section*.250}{\376\377\000S\000p\000i\000d\000e\000r\000,\000\040\000G\000i\000a\000n\000t}{section*.247}% 71
\BOOKMARK [1][-]{section*.254}{\376\377\000S\000p\000i\000d\000e\000r\000-\000B\000o\000t}{chapter.3}% 72
\BOOKMARK [1][-]{section*.258}{\376\377\000S\000p\000o\000r\000e\000\040\000C\000a\000r\000r\000i\000e\000r}{chapter.3}% 73
\BOOKMARK [1][-]{section*.262}{\376\377\000S\000p\000o\000r\000e\000\040\000P\000l\000a\000n\000t}{chapter.3}% 74
\BOOKMARK [1][-]{section*.266}{\376\377\000S\000p\000r\000i\000t\000e\000\040\000B\000o\000t}{chapter.3}% 75
\BOOKMARK [1][-]{section*.270}{\376\377\000S\000t\000e\000e\000l\000\040\000R\000a\000n\000g\000e\000r}{chapter.3}% 76
\BOOKMARK [1][-]{section*.274}{\376\377\000S\000t\000a\000r\000-\000S\000p\000a\000w\000n}{chapter.3}% 77
\BOOKMARK [1][-]{section*.278}{\376\377\000T\000a\000n\000k\000b\000u\000g}{chapter.3}% 78
\BOOKMARK [1][-]{section*.282}{\376\377\000T\000h\000u\000g}{chapter.3}% 79
\BOOKMARK [1][-]{section*.286}{\376\377\000T\000i\000m\000b\000e\000r\000w\000o\000l\000f}{chapter.3}% 80
\BOOKMARK [1][-]{section*.290}{\376\377\000T\000r\000i\000g\000g\000e\000r\000b\000l\000o\000o\000m}{chapter.3}% 81
\BOOKMARK [2][-]{section*.293}{\376\377\000P\000a\000l\000e\000\040\000T\000r\000i\000g\000g\000e\000r\000b\000l\000o\000o\000m}{section*.290}% 82
\BOOKMARK [1][-]{section*.297}{\376\377\000T\000u\000r\000r\000e\000t}{chapter.3}% 83
\BOOKMARK [1][-]{section*.301}{\376\377\000T\000w\000i\000t\000t\000e\000r\000m\000i\000t\000e}{chapter.3}% 84
\BOOKMARK [1][-]{section*.305}{\376\377\000U\000l\000t\000r\000a\000-\000S\000e\000n\000t\000i\000n\000e\000l}{chapter.3}% 85
\BOOKMARK [1][-]{section*.309}{\376\377\000W\000e\000e\000d\000l\000i\000n\000g}{chapter.3}% 86
\BOOKMARK [1][-]{section*.313}{\376\377\000W\000i\000n\000d\000i\000g\000o}{chapter.3}% 87
\BOOKMARK [1][-]{section*.317}{\376\377\000W\000o\000o\000d\000-\000R\000o\000t\000\040\000W\000a\000s\000p}{chapter.3}% 88
\BOOKMARK [1][-]{section*.321}{\376\377\000Y\000a\000o\000\040\000G\000u\000a\000i}{chapter.3}% 89
\BOOKMARK [2][-]{section*.324}{\376\377\000G\000h\000o\000u\000l\000i\000f\000i\000e\000d\000\040\000Y\000a\000o\000\040\000G\000u\000a\000i}{section*.321}% 90
\BOOKMARK [1][-]{section*.328}{\376\377\000Z\000e\000b\000r\000a}{chapter.3}% 91
\BOOKMARK [0][-]{chapter*.332}{\376\377\000C\000r\000i\000t\000t\000e\000r\000s\000\040\000b\000y\000\040\000C\000a\000t\000e\000g\000o\000r\000y}{}% 92
