\BOOKMARK [0][-]{chapter.1}{\376\377\000I\000n\000t\000r\000o\000d\000u\000c\000t\000i\000o\000n}{}% 1
\BOOKMARK [0][-]{chapter.2}{\376\377\000R\000a\000c\000e\000s}{}% 2
\BOOKMARK [1][-]{section.2.1}{\376\377\000A\000d\000d\000i\000t\000i\000o\000n\000a\000l\000\040\000R\000a\000c\000e\000s}{chapter.2}% 3
\BOOKMARK [2][-]{section*.2}{\376\377\000A\000b\000y\000s\000s\000i\000n\000i\000a\000n}{section.2.1}% 4
\BOOKMARK [1][-]{section*.3}{\376\377\000B\000a\000t\000\040\000P\000o\000n\000y}{chapter.2}% 5
\BOOKMARK [1][-]{section*.4}{\376\377\000B\000r\000a\000h\000m\000i\000n}{chapter.2}% 6
\BOOKMARK [1][-]{section*.5}{\376\377\000B\000u\000f\000f\000a\000l\000o}{chapter.2}% 7
\BOOKMARK [1][-]{section*.6}{\376\377\000C\000h\000a\000n\000g\000e\000l\000i\000n\000g}{chapter.2}% 8
\BOOKMARK [1][-]{section*.7}{\376\377\000C\000r\000y\000s\000t\000a\000l\000\040\000P\000o\000n\000y}{chapter.2}% 9
\BOOKMARK [1][-]{section*.8}{\376\377\000D\000e\000e\000r}{chapter.2}% 10
\BOOKMARK [1][-]{section*.9}{\376\377\000D\000i\000a\000m\000o\000n\000d\000\040\000D\000o\000g}{chapter.2}% 11
\BOOKMARK [1][-]{section*.10}{\376\377\000D\000o\000n\000k\000e\000y}{chapter.2}% 12
\BOOKMARK [1][-]{section*.11}{\376\377\000H\000a\000r\000p\000y}{chapter.2}% 13
\BOOKMARK [1][-]{section*.12}{\376\377\000H\000i\000p\000p\000o\000g\000r\000i\000f\000f}{chapter.2}% 14
\BOOKMARK [1][-]{section*.13}{\376\377\000K\000i\000r\000i\000n}{chapter.2}% 15
\BOOKMARK [1][-]{section*.14}{\376\377\000M\000i\000n\000o\000t\000a\000u\000r}{chapter.2}% 16
\BOOKMARK [1][-]{section*.15}{\376\377\000Y\000a\000k}{chapter.2}% 17
\BOOKMARK [1][-]{section.2.2}{\376\377\000C\000o\000r\000e\000\040\000R\000a\000c\000e\000s}{chapter.2}% 18
\BOOKMARK [0][-]{chapter.3}{\376\377\000A\000d\000d\000i\000t\000i\000o\000n\000a\000l\000\040\000T\000r\000a\000i\000t\000s}{}% 19
\BOOKMARK [0][-]{chapter.4}{\376\377\000U\000n\000i\000q\000u\000e\000\040\000M\000a\000g\000i\000c}{}% 20
\BOOKMARK [1][-]{section*.41}{\376\377\000C\000h\000a\000n\000g\000e\000l\000i\000n\000g\000\040\000M\000a\000g\000i\000c}{chapter.4}% 21
\BOOKMARK [2][-]{section*.43}{\376\377\000U\000s\000e\000\040\000o\000f\000\040\000S\000t\000r\000a\000i\000n}{section*.41}% 22
\BOOKMARK [2][-]{section*.44}{\376\377\000S\000h\000a\000p\000e\000s\000h\000i\000f\000t\000i\000n\000g}{section*.41}% 23
\BOOKMARK [2][-]{section*.45}{\376\377\000C\000h\000a\000n\000g\000e\000l\000i\000n\000g\000\040\000S\000p\000e\000l\000l\000s}{section*.41}% 24
\BOOKMARK [2][-]{section*.46}{\376\377\000S\000h\000a\000p\000e\000s\000h\000i\000f\000t\000\040\000S\000p\000e\000l\000l\000s}{section*.41}% 25
\BOOKMARK [2][-]{section*.50}{\376\377\000O\000t\000h\000e\000r\000\040\000C\000h\000a\000n\000g\000e\000l\000i\000n\000g\000\040\000S\000p\000e\000l\000l\000s}{section*.41}% 26
\BOOKMARK [1][-]{section*.72}{\376\377\000K\000i\000r\000i\000n\000\040\000M\000a\000g\000i\000c}{chapter.4}% 27
\BOOKMARK [2][-]{section*.75}{\376\377\000K\000i\000r\000i\000n\000\040\000S\000p\000e\000l\000l\000s}{section*.72}% 28
\BOOKMARK [2][-]{section*.76}{\376\377\000G\000e\000n\000e\000r\000a\000l}{section*.72}% 29
\BOOKMARK [2][-]{section*.79}{\376\377\000A\000i\000r}{section*.72}% 30
\BOOKMARK [2][-]{section*.88}{\376\377\000E\000a\000r\000t\000h}{section*.72}% 31
\BOOKMARK [2][-]{section*.97}{\376\377\000F\000i\000r\000e}{section*.72}% 32
\BOOKMARK [2][-]{section*.106}{\376\377\000W\000a\000t\000e\000r}{section*.72}% 33
\BOOKMARK [1][-]{section*.115}{\376\377\000Y\000a\000k\000\040\000B\000a\000t\000t\000l\000e\000\040\000B\000a\000l\000l\000a\000d\000s}{chapter.4}% 34
\BOOKMARK [2][-]{section*.117}{\376\377\000Y\000a\000k\000\040\000B\000a\000l\000l\000a\000d\000\040\000L\000i\000s\000t}{section*.115}% 35
