\BOOKMARK [0][-]{chapter.1}{Introduction}{}% 1
\BOOKMARK [1][-]{section*.4}{Playing the Game}{chapter.1}% 2
\BOOKMARK [1][-]{section*.12}{Glossary}{chapter.1}% 3
\BOOKMARK [0][-]{chapter.2}{Characters}{}% 4
\BOOKMARK [1][-]{section*.13}{Creation Process}{chapter.2}% 5
\BOOKMARK [1][-]{section*.23}{Races}{chapter.2}% 6
\BOOKMARK [1][-]{section*.29}{SPECIAL}{chapter.2}% 7
\BOOKMARK [1][-]{section*.37}{Secondary Statistics}{chapter.2}% 8
\BOOKMARK [1][-]{section*.52}{Skills}{chapter.2}% 9
\BOOKMARK [1][-]{section*.69}{P.A.S.T.}{chapter.2}% 10
\BOOKMARK [1][-]{section*.102}{Traits}{chapter.2}% 11
\BOOKMARK [0][-]{chapter.3}{Equipment}{}% 12
\BOOKMARK [1][-]{section*.139}{Caps \046 Currency}{chapter.3}% 13
\BOOKMARK [1][-]{section*.140}{Quick Slots}{chapter.3}% 14
\BOOKMARK [1][-]{section*.141}{Weapon Slots}{chapter.3}% 15
\BOOKMARK [1][-]{section*.142}{Weapon Characteristics}{chapter.3}% 16
\BOOKMARK [1][-]{section*.158}{Apparel}{chapter.3}% 17
\BOOKMARK [1][-]{section*.165}{Mundane Items}{chapter.3}% 18
\BOOKMARK [1][-]{section*.170}{Optional Equipment Rules}{chapter.3}% 19
\BOOKMARK [2][-]{section*.171}{Item Condition, Degradation \046 Repair}{section*.170}% 20
\BOOKMARK [2][-]{section*.177}{Modifying Equipment}{section*.170}% 21
\BOOKMARK [0][-]{chapter.4}{Character Advancement}{}% 22
\BOOKMARK [1][-]{section*.178}{Leveling Up}{chapter.4}% 23
\BOOKMARK [1][-]{section*.179}{Improving Skills}{chapter.4}% 24
\BOOKMARK [1][-]{section*.180}{Improving Strain and Aerial Maneuvers}{chapter.4}% 25
\BOOKMARK [1][-]{section*.181}{Gaining Perks}{chapter.4}% 26
\BOOKMARK [0][-]{chapter.5}{Game Rules}{}% 27
\BOOKMARK [1][-]{section*.188}{SPECIAL Rolls}{chapter.5}% 28
\BOOKMARK [1][-]{section*.189}{Skill Rolls}{chapter.5}% 29
\BOOKMARK [1][-]{section*.191}{Assisting}{chapter.5}% 30
\BOOKMARK [1][-]{section*.192}{Opposed Rolls}{chapter.5}% 31
\BOOKMARK [1][-]{section*.193}{Critical Success and Failure}{chapter.5}% 32
\BOOKMARK [1][-]{section*.194}{SPECIAL \046 Skill Value Modifiers}{chapter.5}% 33
\BOOKMARK [1][-]{section*.195}{Character Death}{chapter.5}% 34
\BOOKMARK [1][-]{section*.196}{Environmental \046 Other Hazards}{chapter.5}% 35
\BOOKMARK [1][-]{section*.206}{Sneaking}{chapter.5}% 36
\BOOKMARK [2][-]{subsection.5.0.1}{Spotting sneaking characters}{section*.206}% 37
\BOOKMARK [1][-]{section*.207}{Long Distance Travel}{chapter.5}% 38
\BOOKMARK [1][-]{section*.211}{Flight}{chapter.5}% 39
\BOOKMARK [1][-]{section*.213}{Scavenging}{chapter.5}% 40
\BOOKMARK [1][-]{section*.214}{Invention}{chapter.5}% 41
\BOOKMARK [1][-]{section*.217}{NPC Disposition}{chapter.5}% 42
\BOOKMARK [1][-]{section*.218}{PipBuck}{chapter.5}% 43
\BOOKMARK [1][-]{section*.230}{Optional Rules}{chapter.5}% 44
\BOOKMARK [2][-]{section*.231}{Sleep Deprivation}{section*.230}% 45
\BOOKMARK [2][-]{section*.232}{Hunger \046 Thirst}{section*.230}% 46
\BOOKMARK [0][-]{chapter.6}{Combat}{}% 47
\BOOKMARK [1][-]{section*.233}{Combat Sequence}{chapter.6}% 48
\BOOKMARK [1][-]{section*.234}{Initiative}{chapter.6}% 49
\BOOKMARK [1][-]{section*.235}{Combat Turn}{chapter.6}% 50
\BOOKMARK [1][-]{section*.236}{Combat Statistics}{chapter.6}% 51
\BOOKMARK [2][-]{section*.237}{Combat Variables}{section*.236}% 52
\BOOKMARK [2][-]{section*.254}{Crippled}{section*.236}% 53
\BOOKMARK [2][-]{section*.255}{Area of Effect}{section*.236}% 54
\BOOKMARK [2][-]{section*.256}{Status Effects}{section*.236}% 55
\BOOKMARK [1][-]{section*.269}{Combat Actions}{chapter.6}% 56
\BOOKMARK [2][-]{section*.270}{Movement Actions}{section*.269}% 57
\BOOKMARK [2][-]{section*.284}{Attack Actions}{section*.269}% 58
\BOOKMARK [2][-]{section*.295}{Combat Tricks}{section*.269}% 59
\BOOKMARK [2][-]{section*.301}{Defensive actions}{section*.269}% 60
\BOOKMARK [2][-]{section*.304}{Other Actions}{section*.269}% 61
\BOOKMARK [1][-]{section*.314}{Damage Calculations}{chapter.6}% 62
\BOOKMARK [2][-]{section*.315}{Damage \046 Damage Threshold}{section*.314}% 63
\BOOKMARK [2][-]{section*.316}{Losing HP Tokens}{section*.314}% 64
\BOOKMARK [2][-]{section*.317}{Pain Thresholds}{section*.314}% 65
\BOOKMARK [2][-]{section*.318}{Critical Damage \046 Critical Damage Threshold}{section*.314}% 66
\BOOKMARK [2][-]{section*.319}{SPECIAL Damage}{section*.314}% 67
\BOOKMARK [2][-]{section*.320}{Healing HP}{section*.314}% 68
\BOOKMARK [0][-]{chapter.7}{Magic \046 Spells}{}% 69
\BOOKMARK [1][-]{section*.324}{Spell Rules}{chapter.7}% 70
\BOOKMARK [1][-]{section*.325}{Spell Characteristics}{chapter.7}% 71
\BOOKMARK [1][-]{section*.333}{Earth Pony Magic}{chapter.7}% 72
\BOOKMARK [1][-]{section*.336}{Pegasus \046 Griffin Aerial Maneuvers}{chapter.7}% 73
\BOOKMARK [1][-]{section*.339}{Unicorn Magic}{chapter.7}% 74
\BOOKMARK [1][-]{section*.342}{Zebra Magic}{chapter.7}% 75
\BOOKMARK [2][-]{section*.343}{Alchemy}{section*.342}% 76
\BOOKMARK [2][-]{section*.349}{Shamanism}{section*.342}% 77
\BOOKMARK [0][-]{chapter*.354}{Combat Quick Reference Sheet}{}% 78
