This is pdfTeX, Version 3.141592653-2.6-1.40.24 (MiKTeX 22.8.28) (preloaded format=pdflatex 2022.9.9)  29 DEC 2022 18:51
entering extended mode
 restricted \write18 enabled.
 %&-line parsing enabled.
**FOEWV_TEX.tex FOEWV_TEX.tex
(FOEWV_TEX.tex
LaTeX2e <2022-06-01> patch level 5
L3 programming layer <2022-08-30>
(C:\Users\Tiia\AppData\Local\Programs\MiKTeX\tex/latex/base\book.cls
Document Class: book 2021/10/04 v1.4n Standard LaTeX document class
(C:\Users\Tiia\AppData\Local\Programs\MiKTeX\tex/latex/base\bk11.clo
File: bk11.clo 2021/10/04 v1.4n Standard LaTeX file (size option)
)
\c@part=\count185
\c@chapter=\count186
\c@section=\count187
\c@subsection=\count188
\c@subsubsection=\count189
\c@paragraph=\count190
\c@subparagraph=\count191
\c@figure=\count192
\c@table=\count193
\abovecaptionskip=\skip47
\belowcaptionskip=\skip48
\bibindent=\dimen138
)
(C:\Users\Tiia\AppData\Local\Programs\MiKTeX\tex/latex/base\inputenc.sty
Package: inputenc 2021/02/14 v1.3d Input encoding file
\inpenc@prehook=\toks16
\inpenc@posthook=\toks17

(C:\Users\Tiia\AppData\Local\Programs\MiKTeX\tex/latex/base\latin1.def
File: latin1.def 2021/02/14 v1.3d Input encoding file
))
(C:\Users\Tiia\AppData\Local\Programs\MiKTeX\tex/latex/amsmath\amsmath.sty
Package: amsmath 2022/04/08 v2.17n AMS math features
\@mathmargin=\skip49

For additional information on amsmath, use the `?' option.
(C:\Users\Tiia\AppData\Local\Programs\MiKTeX\tex/latex/amsmath\amstext.sty
Package: amstext 2021/08/26 v2.01 AMS text

(C:\Users\Tiia\AppData\Local\Programs\MiKTeX\tex/latex/amsmath\amsgen.sty
File: amsgen.sty 1999/11/30 v2.0 generic functions
\@emptytoks=\toks18
\ex@=\dimen139
))
(C:\Users\Tiia\AppData\Local\Programs\MiKTeX\tex/latex/amsmath\amsbsy.sty
Package: amsbsy 1999/11/29 v1.2d Bold Symbols
\pmbraise@=\dimen140
)
(C:\Users\Tiia\AppData\Local\Programs\MiKTeX\tex/latex/amsmath\amsopn.sty
Package: amsopn 2022/04/08 v2.04 operator names
)
\inf@bad=\count194
LaTeX Info: Redefining \frac on input line 234.
\uproot@=\count195
\leftroot@=\count196
LaTeX Info: Redefining \overline on input line 399.
LaTeX Info: Redefining \colon on input line 410.
\classnum@=\count197
\DOTSCASE@=\count198
LaTeX Info: Redefining \ldots on input line 496.
LaTeX Info: Redefining \dots on input line 499.
LaTeX Info: Redefining \cdots on input line 620.
\Mathstrutbox@=\box51
\strutbox@=\box52
LaTeX Info: Redefining \big on input line 722.
LaTeX Info: Redefining \Big on input line 723.
LaTeX Info: Redefining \bigg on input line 724.
LaTeX Info: Redefining \Bigg on input line 725.
\big@size=\dimen141
LaTeX Font Info:    Redeclaring font encoding OML on input line 743.
LaTeX Font Info:    Redeclaring font encoding OMS on input line 744.
\macc@depth=\count199
LaTeX Info: Redefining \bmod on input line 905.
LaTeX Info: Redefining \pmod on input line 910.
LaTeX Info: Redefining \smash on input line 940.
LaTeX Info: Redefining \relbar on input line 970.
LaTeX Info: Redefining \Relbar on input line 971.
\c@MaxMatrixCols=\count266
\dotsspace@=\muskip16
\c@parentequation=\count267
\dspbrk@lvl=\count268
\tag@help=\toks19
\row@=\count269
\column@=\count270
\maxfields@=\count271
\andhelp@=\toks20
\eqnshift@=\dimen142
\alignsep@=\dimen143
\tagshift@=\dimen144
\tagwidth@=\dimen145
\totwidth@=\dimen146
\lineht@=\dimen147
\@envbody=\toks21
\multlinegap=\skip50
\multlinetaggap=\skip51
\mathdisplay@stack=\toks22
LaTeX Info: Redefining \[ on input line 2953.
LaTeX Info: Redefining \] on input line 2954.
)
(C:\Users\Tiia\AppData\Local\Programs\MiKTeX\tex/latex/amsfonts\amsfonts.sty
Package: amsfonts 2013/01/14 v3.01 Basic AMSFonts support
\symAMSa=\mathgroup4
\symAMSb=\mathgroup5
LaTeX Font Info:    Redeclaring math symbol \hbar on input line 98.
LaTeX Font Info:    Overwriting math alphabet `\mathfrak' in version `bold'
(Font)                  U/euf/m/n --> U/euf/b/n on input line 106.
)
(C:\Users\Tiia\AppData\Local\Programs\MiKTeX\tex/latex/amsfonts\amssymb.sty
Package: amssymb 2013/01/14 v3.01 AMS font symbols
)
(C:\Users\Tiia\AppData\Local\Programs\MiKTeX\tex/latex/graphics\graphicx.sty
Package: graphicx 2021/09/16 v1.2d Enhanced LaTeX Graphics (DPC,SPQR)

(C:\Users\Tiia\AppData\Local\Programs\MiKTeX\tex/latex/graphics\keyval.sty
Package: keyval 2022/05/29 v1.15 key=value parser (DPC)
\KV@toks@=\toks23
)
(C:\Users\Tiia\AppData\Local\Programs\MiKTeX\tex/latex/graphics\graphics.sty
Package: graphics 2022/03/10 v1.4e Standard LaTeX Graphics (DPC,SPQR)

(C:\Users\Tiia\AppData\Local\Programs\MiKTeX\tex/latex/graphics\trig.sty
Package: trig 2021/08/11 v1.11 sin cos tan (DPC)
)
(C:\Users\Tiia\AppData\Local\Programs\MiKTeX\tex/latex/graphics-cfg\graphics.cf
g
File: graphics.cfg 2016/06/04 v1.11 sample graphics configuration
)
Package graphics Info: Driver file: pdftex.def on input line 107.

(C:\Users\Tiia\AppData\Local\Programs\MiKTeX\tex/latex/graphics-def\pdftex.def
File: pdftex.def 2020/10/05 v1.2a Graphics/color driver for pdftex
))
\Gin@req@height=\dimen148
\Gin@req@width=\dimen149
) (C:\Users\Tiia\AppData\Local\Programs\MiKTeX\tex/latex/xcolor\xcolor.sty
Package: xcolor 2022/06/12 v2.14 LaTeX color extensions (UK)

(C:\Users\Tiia\AppData\Local\Programs\MiKTeX\tex/latex/graphics-cfg\color.cfg
File: color.cfg 2016/01/02 v1.6 sample color configuration
)
Package xcolor Info: Driver file: pdftex.def on input line 227.

(C:\Users\Tiia\AppData\Local\Programs\MiKTeX\tex/latex/colortbl\colortbl.sty
Package: colortbl 2022/06/20 v1.0f Color table columns (DPC)

(C:\Users\Tiia\AppData\Local\Programs\MiKTeX\tex/latex/tools\array.sty
Package: array 2021/10/04 v2.5f Tabular extension package (FMi)
\col@sep=\dimen150
\ar@mcellbox=\box53
\extrarowheight=\dimen151
\NC@list=\toks24
\extratabsurround=\skip52
\backup@length=\skip53
\ar@cellbox=\box54
)
\everycr=\toks25
\minrowclearance=\skip54
\rownum=\count272
)
(C:\Users\Tiia\AppData\Local\Programs\MiKTeX\tex/latex-dev/graphics\mathcolor.l
tx)
Package xcolor Info: Model `cmy' substituted by `cmy0' on input line 1353.
Package xcolor Info: Model `hsb' substituted by `rgb' on input line 1357.
Package xcolor Info: Model `RGB' extended on input line 1369.
Package xcolor Info: Model `HTML' substituted by `rgb' on input line 1371.
Package xcolor Info: Model `Hsb' substituted by `hsb' on input line 1372.
Package xcolor Info: Model `tHsb' substituted by `hsb' on input line 1373.
Package xcolor Info: Model `HSB' substituted by `hsb' on input line 1374.
Package xcolor Info: Model `Gray' substituted by `gray' on input line 1375.
Package xcolor Info: Model `wave' substituted by `hsb' on input line 1376.
) (C:\Users\Tiia\AppData\Local\Programs\MiKTeX\tex/latex/wrapfig\wrapfig.sty
\wrapoverhang=\dimen152
\WF@size=\dimen153
\c@WF@wrappedlines=\count273
\WF@box=\box55
\WF@everypar=\toks26
Package: wrapfig 2003/01/31  v 3.6
) (C:\Users\Tiia\AppData\Local\Programs\MiKTeX\tex/latex/tools\multicol.sty
Package: multicol 2021/10/28 v1.9b multicolumn formatting (FMi)
\c@tracingmulticols=\count274


Package multicol Warning: May not work with the twocolumn option on input line 
142.

\mult@box=\box56
\multicol@leftmargin=\dimen154
\c@unbalance=\count275
\c@collectmore=\count276
\doublecol@number=\count277
\multicoltolerance=\count278
\multicolpretolerance=\count279
\full@width=\dimen155
\page@free=\dimen156
\premulticols=\dimen157
\postmulticols=\dimen158
\multicolsep=\skip55
\multicolbaselineskip=\skip56
\partial@page=\box57
\last@line=\box58
\maxbalancingoverflow=\dimen159
\mult@rightbox=\box59
\mult@grightbox=\box60
\mult@firstbox=\box61
\mult@gfirstbox=\box62
\@tempa=\box63
\@tempa=\box64
\@tempa=\box65
\@tempa=\box66
\@tempa=\box67
\@tempa=\box68
\@tempa=\box69
\@tempa=\box70
\@tempa=\box71
\@tempa=\box72
\@tempa=\box73
\@tempa=\box74
\@tempa=\box75
\@tempa=\box76
\@tempa=\box77
\@tempa=\box78
\@tempa=\box79
\@tempa=\box80
\@tempa=\box81
\@tempa=\box82
\@tempa=\box83
\@tempa=\box84
\@tempa=\box85
\@tempa=\box86
\@tempa=\box87
\@tempa=\box88
\@tempa=\box89
\@tempa=\box90
\@tempa=\box91
\@tempa=\box92
\@tempa=\box93
\@tempa=\box94
\@tempa=\box95
\@tempa=\box96
\@tempa=\box97
\@tempa=\box98
\c@minrows=\count280
\c@columnbadness=\count281
\c@finalcolumnbadness=\count282
\last@try=\dimen160
\multicolovershoot=\dimen161
\multicolundershoot=\dimen162
\mult@nat@firstbox=\box99
\colbreak@box=\box100
\mc@col@check@num=\count283
) (C:\Users\Tiia\AppData\Local\Programs\MiKTeX\tex/latex/multirow\multirow.sty
Package: multirow 2021/03/15 v2.8 Span multiple rows of a table
\multirow@colwidth=\skip57
\multirow@cntb=\count284
\multirow@dima=\skip58
\bigstrutjot=\dimen163
) (C:\Users\Tiia\AppData\Local\Programs\MiKTeX\tex/latex/paralist\paralist.sty
Package: paralist 2017/01/22 v2.7 Extended list environments
\pltopsep=\skip59
\plpartopsep=\skip60
\plitemsep=\skip61
\plparsep=\skip62
\pl@lab=\toks27
)
(C:\Users\Tiia\AppData\Local\Programs\MiKTeX\tex/latex/tools\longtable.sty
Package: longtable 2021-09-01 v4.17 Multi-page Table package (DPC)
\LTleft=\skip63
\LTright=\skip64
\LTpre=\skip65
\LTpost=\skip66
\LTchunksize=\count285
\LTcapwidth=\dimen164
\LT@head=\box101
\LT@firsthead=\box102
\LT@foot=\box103
\LT@lastfoot=\box104
\LT@gbox=\box105
\LT@cols=\count286
\LT@rows=\count287
\c@LT@tables=\count288
\c@LT@chunks=\count289
\LT@p@ftn=\toks28
)
(C:\Users\Tiia\AppData\Local\Programs\MiKTeX\tex/latex/tabularray\tabularray.st
y (C:\Users\Tiia\AppData\Local\Programs\MiKTeX\tex/latex/l3kernel\expl3.sty
Package: expl3 2022-08-30 L3 programming layer (loader) 

(C:\Users\Tiia\AppData\Local\Programs\MiKTeX\tex/latex/l3backend\l3backend-pdft
ex.def
File: l3backend-pdftex.def 2022-08-30 L3 backend support: PDF output (pdfTeX)
\l__color_backend_stack_int=\count290
\l__pdf_internal_box=\box106
))
Package: tabularray 2022-07-01 v2022C Typeset tabulars and arrays with LaTeX3
\l__tblr_a_int=\count291
\l__tblr_c_int=\count292
\l__tblr_r_int=\count293
\l__tblr_d_dim=\dimen165
\l__tblr_h_dim=\dimen166
\l__tblr_o_dim=\dimen167
\l__tblr_p_dim=\dimen168
\l__tblr_q_dim=\dimen169
\l__tblr_r_dim=\dimen170
\l__tblr_s_dim=\dimen171
\l__tblr_t_dim=\dimen172
\l__tblr_v_dim=\dimen173
\l__tblr_w_dim=\dimen174
\l__tblr_a_box=\box107
\l__tblr_b_box=\box108
\l__tblr_c_box=\box109
\l__tblr_d_box=\box110
\g__tblr_table_count_int=\count294
\c@colnum=\count295
\c@rowcount=\count296
\c@colcount=\count297
\abovesep=\dimen175
\belowsep=\dimen176
\leftsep=\dimen177
\rightsep=\dimen178
\g_tblr_level_int=\count298
\g__tblr_data_row_key_count_int=\count299
\g__tblr_data_column_key_count_int=\count300
\g__tblr_data_cell_key_count_int=\count301
\g__tblr_array_int=\count302
\l__tblr_key_count_int=\count303
\l__tblr_key_quotient_int=\count304
\l__tblr_key_quotient_two_int=\count305
\l__tblr_key_remainder_int=\count306
\g__tblr_data_str_value_count_int=\count307
\rulewidth=\dimen179
\l__tblr_strut_dp_dim=\dimen180
\l__tblr_strut_ht_dim=\dimen181
\g__tblr_cell_wd_dim=\dimen182
\g__tblr_cell_ht_dim=\dimen183
\g__tblr_cell_head_dim=\dimen184
\g__tblr_cell_foot_dim=\dimen185
\l__column_target_dim=\dimen186
\l__tblr_caption_box=\box111
\l__tblr_caption_left_box=\box112
\l__tblr_row_head_box=\box113
\l__tblr_row_foot_box=\box114
\l__tblr_row_head_foot_dim=\dimen187
\tablewidth=\dimen188
\l__tblr_table_firsthead_box=\box115
\l__tblr_table_middlehead_box=\box116
\l__tblr_table_lasthead_box=\box117
\l__tblr_table_firstfoot_box=\box118
\l__tblr_table_middlefoot_box=\box119
\l__tblr_table_lastfoot_box=\box120
\l__tblr_remain_height_dim=\dimen189
\l__tblr_long_from_int=\count308
\l__tblr_long_to_int=\count309
\l__tblr_curr_i_int=\count310
\l__tblr_prev_i_int=\count311
\l__tblr_table_page_int=\count312
\l__tblr_table_head_box=\box121
\l__tblr_table_foot_box=\box122
\l__tblr_table_head_foot_dim=\dimen190
\l__tblr_table_head_body_foot_dim=\dimen191
\l__tblr_table_box=\box123
\l__tblr_table_hlines_box=\box124
\l__tblr_hline_box=\box125
\l__tblr_row_box=\box126
\l__tblr_col_o_wd_dim=\dimen192
\l__tblr_col_b_wd_dim=\dimen193
\l__tblr_hline_leftskip_dim=\dimen194
\l__tblr_hline_rightskip_dim=\dimen195
\l__tblr_row_ht_dim=\dimen196
\l__tblr_row_dp_dim=\dimen197
\l__tblr_row_abovesep_dim=\dimen198
\l__tblr_row_belowsep_dim=\dimen199
\l__tblr_row_vlines_box=\box127
\l__tblr_vline_box=\box128
\l__tblr_cell_box=\box129
\l__row_upper_dim=\dimen256
\l__row_lower_dim=\dimen257
\l__row_vpace_dim=\dimen258
\l__tblr_vline_aboveskip_dim=\dimen259
\l__tblr_vline_belowskip_dim=\dimen260
\l__tblr_cell_wd_dim=\dimen261
\l__tblr_cell_ht_dim=\dimen262
\l__tblr_diag_box=\box130
)
(C:\Users\Tiia\AppData\Local\Programs\MiKTeX\tex/generic/soul\soul.sty
Package: soul 2003/11/17 v2.4 letterspacing/underlining (mf)
\SOUL@word=\toks29
\SOUL@lasttoken=\toks30
\SOUL@cmds=\toks31
\SOUL@buffer=\toks32
\SOUL@token=\toks33
\SOUL@spaceskip=\skip67
\SOUL@ttwidth=\dimen263
\SOUL@uldp=\dimen264
\SOUL@ulht=\dimen265
)
(C:\Users\Tiia\AppData\Local\Programs\MiKTeX\tex/latex/titling\titling.sty
Package: titling 2009/09/04 v2.1d maketitle typesetting
\thanksmarkwidth=\skip68
\thanksmargin=\skip69
\droptitle=\skip70
)
(C:\Users\Tiia\AppData\Local\Programs\MiKTeX\tex/latex/pdfpages\pdfpages.sty
Package: pdfpages 2022/05/22 v0.5v Insert pages of external PDF documents (AM)

(C:\Users\Tiia\AppData\Local\Programs\MiKTeX\tex/latex/base\ifthen.sty
Package: ifthen 2022/04/13 v1.1d Standard LaTeX ifthen package (DPC)
)
(C:\Users\Tiia\AppData\Local\Programs\MiKTeX\tex/latex/tools\calc.sty
Package: calc 2017/05/25 v4.3 Infix arithmetic (KKT,FJ)
\calc@Acount=\count313
\calc@Bcount=\count314
\calc@Adimen=\dimen266
\calc@Bdimen=\dimen267
\calc@Askip=\skip71
\calc@Bskip=\skip72
LaTeX Info: Redefining \setlength on input line 80.
LaTeX Info: Redefining \addtolength on input line 81.
\calc@Ccount=\count315
\calc@Cskip=\skip73
)
(C:\Users\Tiia\AppData\Local\Programs\MiKTeX\tex/latex/eso-pic\eso-pic.sty
Package: eso-pic 2020/10/14 v3.0a eso-pic (RN)
\ESO@tempdima=\dimen268
\ESO@tempdimb=\dimen269
)
\AM@pagewidth=\dimen270
\AM@pageheight=\dimen271
\AM@fboxrule=\dimen272

(C:\Users\Tiia\AppData\Local\Programs\MiKTeX\tex/latex/pdfpages\pppdftex.def
File: pppdftex.def 2022/05/22 v0.5v Pdfpages driver for pdfTeX (AM)
)
\pdfpages@includegraphics@status=\count316
\AM@pagebox=\box131
\AM@global@opts=\toks34
\AM@pagecnt=\count317
\AM@toc@title=\toks35
\c@AM@survey=\count318
\AM@templatesizebox=\box132
)
(C:\Users\Tiia\AppData\Local\Programs\MiKTeX\tex/latex/hyperref\hyperref.sty
Package: hyperref 2022-06-20 v7.00s Hypertext links for LaTeX

(C:\Users\Tiia\AppData\Local\Programs\MiKTeX\tex/generic/ltxcmds\ltxcmds.sty
Package: ltxcmds 2020-05-10 v1.25 LaTeX kernel commands for general use (HO)
)
(C:\Users\Tiia\AppData\Local\Programs\MiKTeX\tex/generic/iftex\iftex.sty
Package: iftex 2022/02/03 v1.0f TeX engine tests
)
(C:\Users\Tiia\AppData\Local\Programs\MiKTeX\tex/generic/pdftexcmds\pdftexcmds.
sty
Package: pdftexcmds 2020-06-27 v0.33 Utility functions of pdfTeX for LuaTeX (HO
)

(C:\Users\Tiia\AppData\Local\Programs\MiKTeX\tex/generic/infwarerr\infwarerr.st
y
Package: infwarerr 2019/12/03 v1.5 Providing info/warning/error messages (HO)
)
Package pdftexcmds Info: \pdf@primitive is available.
Package pdftexcmds Info: \pdf@ifprimitive is available.
Package pdftexcmds Info: \pdfdraftmode found.
)
(C:\Users\Tiia\AppData\Local\Programs\MiKTeX\tex/generic/kvsetkeys\kvsetkeys.st
y
Package: kvsetkeys 2019/12/15 v1.18 Key value parser (HO)
)
(C:\Users\Tiia\AppData\Local\Programs\MiKTeX\tex/generic/kvdefinekeys\kvdefinek
eys.sty
Package: kvdefinekeys 2019-12-19 v1.6 Define keys (HO)
)
(C:\Users\Tiia\AppData\Local\Programs\MiKTeX\tex/generic/pdfescape\pdfescape.st
y
Package: pdfescape 2019/12/09 v1.15 Implements pdfTeX's escape features (HO)
) (C:\Users\Tiia\AppData\Local\Programs\MiKTeX\tex/latex/hycolor\hycolor.sty
Package: hycolor 2020-01-27 v1.10 Color options for hyperref/bookmark (HO)
)
(C:\Users\Tiia\AppData\Local\Programs\MiKTeX\tex/latex/letltxmacro\letltxmacro.
sty
Package: letltxmacro 2019/12/03 v1.6 Let assignment for LaTeX macros (HO)
) (C:\Users\Tiia\AppData\Local\Programs\MiKTeX\tex/latex/auxhook\auxhook.sty
Package: auxhook 2019-12-17 v1.6 Hooks for auxiliary files (HO)
) (C:\Users\Tiia\AppData\Local\Programs\MiKTeX\tex/latex/hyperref\nameref.sty
Package: nameref 2022-05-17 v2.50 Cross-referencing by name of section

(C:\Users\Tiia\AppData\Local\Programs\MiKTeX\tex/latex/refcount\refcount.sty
Package: refcount 2019/12/15 v3.6 Data extraction from label references (HO)
)
(C:\Users\Tiia\AppData\Local\Programs\MiKTeX\tex/generic/gettitlestring\gettitl
estring.sty
Package: gettitlestring 2019/12/15 v1.6 Cleanup title references (HO)

(C:\Users\Tiia\AppData\Local\Programs\MiKTeX\tex/latex/kvoptions\kvoptions.sty
Package: kvoptions 2022-06-15 v3.15 Key value format for package options (HO)
))
\c@section@level=\count319
)
\@linkdim=\dimen273
\Hy@linkcounter=\count320
\Hy@pagecounter=\count321
 (C:\Users\Tiia\AppData\Local\Programs\MiKTeX\tex/latex/hyperref\pd1enc.def
File: pd1enc.def 2022-06-20 v7.00s Hyperref: PDFDocEncoding definition (HO)
Now handling font encoding PD1 ...
... no UTF-8 mapping file for font encoding PD1
)
(C:\Users\Tiia\AppData\Local\Programs\MiKTeX\tex/generic/intcalc\intcalc.sty
Package: intcalc 2019/12/15 v1.3 Expandable calculations with integers (HO)
)
(C:\Users\Tiia\AppData\Local\Programs\MiKTeX\tex/generic/etexcmds\etexcmds.sty
Package: etexcmds 2019/12/15 v1.7 Avoid name clashes with e-TeX commands (HO)
)
\Hy@SavedSpaceFactor=\count322
(C:\Users\Tiia\AppData\Local\Programs\MiKTeX\tex/latex/hyperref\puenc.def
File: puenc.def 2022-06-20 v7.00s Hyperref: PDF Unicode definition (HO)
Now handling font encoding PU ...
... no UTF-8 mapping file for font encoding PU
)
Package hyperref Info: Hyper figures OFF on input line 4162.
Package hyperref Info: Link nesting OFF on input line 4167.
Package hyperref Info: Hyper index ON on input line 4170.
Package hyperref Info: Plain pages OFF on input line 4177.
Package hyperref Info: Backreferencing OFF on input line 4182.
Package hyperref Info: Implicit mode ON; LaTeX internals redefined.
Package hyperref Info: Bookmarks ON on input line 4408.
\c@Hy@tempcnt=\count323

(C:\Users\Tiia\AppData\Local\Programs\MiKTeX\tex/latex/url\url.sty
\Urlmuskip=\muskip17
Package: url 2013/09/16  ver 3.4  Verb mode for urls, etc.
)
LaTeX Info: Redefining \url on input line 4746.
\XeTeXLinkMargin=\dimen274

(C:\Users\Tiia\AppData\Local\Programs\MiKTeX\tex/generic/bitset\bitset.sty
Package: bitset 2019/12/09 v1.3 Handle bit-vector datatype (HO)

(C:\Users\Tiia\AppData\Local\Programs\MiKTeX\tex/generic/bigintcalc\bigintcalc.
sty
Package: bigintcalc 2019/12/15 v1.5 Expandable calculations on big integers (HO
)
))
\Fld@menulength=\count324
\Field@Width=\dimen275
\Fld@charsize=\dimen276
Package hyperref Info: Hyper figures OFF on input line 6024.
Package hyperref Info: Link nesting OFF on input line 6029.
Package hyperref Info: Hyper index ON on input line 6032.
Package hyperref Info: backreferencing OFF on input line 6039.
Package hyperref Info: Link coloring OFF on input line 6044.
Package hyperref Info: Link coloring with OCG OFF on input line 6049.
Package hyperref Info: PDF/A mode OFF on input line 6054.

(C:\Users\Tiia\AppData\Local\Programs\MiKTeX\tex/latex/base\atbegshi-ltx.sty
Package: atbegshi-ltx 2021/01/10 v1.0c Emulation of the original atbegshi
package with kernel methods
)
\Hy@abspage=\count325
\c@Item=\count326
\c@Hfootnote=\count327
)
Package hyperref Info: Driver (autodetected): hpdftex.

(C:\Users\Tiia\AppData\Local\Programs\MiKTeX\tex/latex/hyperref\hpdftex.def
File: hpdftex.def 2022-06-20 v7.00s Hyperref driver for pdfTeX

(C:\Users\Tiia\AppData\Local\Programs\MiKTeX\tex/latex/base\atveryend-ltx.sty
Package: atveryend-ltx 2020/08/19 v1.0a Emulation of the original atveryend pac
kage
with kernel methods
)
\Fld@listcount=\count328
\c@bookmark@seq@number=\count329

(C:\Users\Tiia\AppData\Local\Programs\MiKTeX\tex/latex/rerunfilecheck\rerunfile
check.sty
Package: rerunfilecheck 2022-07-10 v1.10 Rerun checks for auxiliary files (HO)

(C:\Users\Tiia\AppData\Local\Programs\MiKTeX\tex/generic/uniquecounter\uniqueco
unter.sty
Package: uniquecounter 2019/12/15 v1.4 Provide unlimited unique counter (HO)
)
Package uniquecounter Info: New unique counter `rerunfilecheck' on input line 2
85.
)
\Hy@SectionHShift=\skip74
)
Package hyperref Info: Option `colorlinks' set `true' on input line 26.

(C:\Users\Tiia\Documents\GitHub\wasteland-ventures\BUILD\FOEWV_TEX.aux)
\openout1 = `FOEWV_TEX.aux'.

LaTeX Font Info:    Checking defaults for OML/cmm/m/it on input line 32.
LaTeX Font Info:    ... okay on input line 32.
LaTeX Font Info:    Checking defaults for OMS/cmsy/m/n on input line 32.
LaTeX Font Info:    ... okay on input line 32.
LaTeX Font Info:    Checking defaults for OT1/cmr/m/n on input line 32.
LaTeX Font Info:    ... okay on input line 32.
LaTeX Font Info:    Checking defaults for T1/cmr/m/n on input line 32.
LaTeX Font Info:    ... okay on input line 32.
LaTeX Font Info:    Checking defaults for TS1/cmr/m/n on input line 32.
LaTeX Font Info:    ... okay on input line 32.
LaTeX Font Info:    Checking defaults for OMX/cmex/m/n on input line 32.
LaTeX Font Info:    ... okay on input line 32.
LaTeX Font Info:    Checking defaults for U/cmr/m/n on input line 32.
LaTeX Font Info:    ... okay on input line 32.
LaTeX Font Info:    Checking defaults for PD1/pdf/m/n on input line 32.
LaTeX Font Info:    ... okay on input line 32.
LaTeX Font Info:    Checking defaults for PU/pdf/m/n on input line 32.
LaTeX Font Info:    ... okay on input line 32.

(C:\Users\Tiia\AppData\Local\Programs\MiKTeX\tex/context/base/mkii\supp-pdf.mki
i
[Loading MPS to PDF converter (version 2006.09.02).]
\scratchcounter=\count330
\scratchdimen=\dimen277
\scratchbox=\box133
\nofMPsegments=\count331
\nofMParguments=\count332
\everyMPshowfont=\toks36
\MPscratchCnt=\count333
\MPscratchDim=\dimen278
\MPnumerator=\count334
\makeMPintoPDFobject=\count335
\everyMPtoPDFconversion=\toks37
)
(C:\Users\Tiia\AppData\Local\Programs\MiKTeX\tex/latex/epstopdf-pkg\epstopdf-ba
se.sty
Package: epstopdf-base 2020-01-24 v2.11 Base part for package epstopdf
Package epstopdf-base Info: Redefining graphics rule for `.eps' on input line 4
85.

(C:\Users\Tiia\AppData\Local\Programs\MiKTeX\tex/latex/00miktex\epstopdf-sys.cf
g
File: epstopdf-sys.cfg 2021/03/18 v2.0 Configuration of epstopdf for MiKTeX
))
(C:\Users\Tiia\AppData\Local\Programs\MiKTeX\tex/latex/ninecolors\ninecolors.st
y
Package: ninecolors 2022-02-13 vv2022D Select colors with proper color contrast


(C:\Users\Tiia\AppData\Local\Programs\MiKTeX\tex/latex/l3packages/xparse\xparse
.sty
Package: xparse 2022-06-22 L3 Experimental document command parser
))
(C:\Users\Tiia\AppData\Local\Programs\MiKTeX\tex/latex/pdflscape\pdflscape.sty
Package: pdflscape 2019/12/05 v0.12 Display of landscape pages in PDF (HO)

(C:\Users\Tiia\AppData\Local\Programs\MiKTeX\tex/latex/graphics\lscape.sty
Package: lscape 2020/05/28 v3.02 Landscape Pages (DPC)
)
Package pdflscape Info: Auto-detected driver: pdftex on input line 81.
)
Package hyperref Info: Link coloring ON on input line 32.

(C:\Users\Tiia\Documents\GitHub\wasteland-ventures\BUILD\FOEWV_TEX.out)
(C:\Users\Tiia\Documents\GitHub\wasteland-ventures\BUILD\FOEWV_TEX.out)
\@outlinefile=\write3
\openout3 = `FOEWV_TEX.out'.

<WORD/COVER-CORE.pdf, id=315, 597.50786pt x 845.01837pt>
File: WORD/COVER-CORE.pdf Graphic file (type pdf)
<use WORD/COVER-CORE.pdf>
Package pdftex.def Info: WORD/COVER-CORE.pdf  used on input line 34.
(pdftex.def)             Requested size: 597.5064pt x 845.01631pt.
File: WORD/COVER-CORE.pdf Graphic file (type pdf)
<use WORD/COVER-CORE.pdf>
Package pdftex.def Info: WORD/COVER-CORE.pdf  used on input line 34.
(pdftex.def)             Requested size: 597.5064pt x 845.01631pt.
<WORD/COVER-CORE.pdf, id=318, page=1, 597.50786pt x 845.01837pt>
File: WORD/COVER-CORE.pdf Graphic file (type pdf)
<use WORD/COVER-CORE.pdf, page 1>
Package pdftex.def Info: WORD/COVER-CORE.pdf , page1 used on input line 34.
(pdftex.def)             Requested size: 597.5064pt x 845.01631pt.
File: WORD/COVER-CORE.pdf Graphic file (type pdf)
<use WORD/COVER-CORE.pdf, page 1>
Package pdftex.def Info: WORD/COVER-CORE.pdf , page1 used on input line 34.
(pdftex.def)             Requested size: 597.53374pt x 845.055pt.
File: WORD/COVER-CORE.pdf Graphic file (type pdf)
<use WORD/COVER-CORE.pdf, page 1>
Package pdftex.def Info: WORD/COVER-CORE.pdf , page1 used on input line 34.
(pdftex.def)             Requested size: 597.53374pt x 845.055pt.
File: WORD/COVER-CORE.pdf Graphic file (type pdf)
<use WORD/COVER-CORE.pdf, page 1>
Package pdftex.def Info: WORD/COVER-CORE.pdf , page1 used on input line 34.
(pdftex.def)             Requested size: 597.53374pt x 845.055pt.

! Undefined control sequence.
\@outputdblcol ...}}\@combinedblfloats \@setmarks 
                                                  \@outputpage \begingroup \...
l.34 	\includepdf[pages={1}]{WORD/COVER-CORE.pdf}
                                                 	
The control sequence at the end of the top line
of your error message was never \def'ed. If you have
misspelled it (e.g., `\hobx'), type `I' and the correct
spelling (e.g., `I\hbox'). Otherwise just continue,
and I'll forget about whatever was undefined.

File: WORD/COVER-CORE.pdf Graphic file (type pdf)
<use WORD/COVER-CORE.pdf, page 1>
Package pdftex.def Info: WORD/COVER-CORE.pdf , page1 used on input line 34.
(pdftex.def)             Requested size: 597.53374pt x 845.055pt.
[1

 <./WORD/COVER-CORE.pdf>]
<Art/ISA_Logo.jpg, id=329, 77.53969pt x 74.52844pt>
File: Art/ISA_Logo.jpg Graphic file (type jpg)
<use Art/ISA_Logo.jpg>
Package pdftex.def Info: Art/ISA_Logo.jpg  used on input line 73.
(pdftex.def)             Requested size: 85.35826pt x 82.04292pt.

pdfTeX warning (ext4): destination with the same identifier (name{page.1}) has 
been already used, duplicate ignored
<to be read again> 
                   \relax 
l.77 	\twocolumn
                 [1{C:/Users/Tiia/AppData/Local/MiKTeX/fonts/map/pdftex/pdftex.
map}

 <./Art/ISA_Logo.jpg>] [2



]
(C:\Users\Tiia\Documents\GitHub\wasteland-ventures\BUILD\FOEWV_TEX.toc
LaTeX Font Info:    Trying to load font information for U+msa on input line 2.

(C:\Users\Tiia\AppData\Local\Programs\MiKTeX\tex/latex/amsfonts\umsa.fd
File: umsa.fd 2013/01/14 v3.01 AMS symbols A
)
LaTeX Font Info:    Trying to load font information for U+msb on input line 2.

(C:\Users\Tiia\AppData\Local\Programs\MiKTeX\tex/latex/amsfonts\umsb.fd
File: umsb.fd 2013/01/14 v3.01 AMS symbols B
)
[3] [4])
\tf@toc=\write4
\openout4 = `FOEWV_TEX.toc'.

 [5] [6


]
Chapter 1.

Underfull \vbox (badness 1062) has occurred while \output is active []

 [7]
Underfull \hbox (badness 1194) in paragraph at lines 102--103
\OT1/cmr/m/n/10.95 dry and grim, with great beasts roam-ing
 []


Underfull \hbox (badness 1189) in paragraph at lines 120--121
[]\OT1/cmr/m/n/10.95 Characters in-ter-act with the world, the
 []

[8]
Underfull \hbox (badness 5077) in paragraph at lines 148--149
[]\OT1/cmr/m/n/10.95 - This chap-ter
 []


Underfull \hbox (badness 2662) in paragraph at lines 149--150
[]\OT1/cmr/m/n/10.95 - Sec-ond chap-ter
 []


Underfull \hbox (badness 10000) in paragraph at lines 151--152
[]\OT1/cmr/m/n/10.95 -
 []


Underfull \hbox (badness 6927) in paragraph at lines 151--152
\OT1/cmr/m/n/10.95 char-ac-ter learns some-thing new, or
 []


Underfull \hbox (badness 4765) in paragraph at lines 151--152
\OT1/cmr/m/n/10.95 chap-ter cov-ers that sec-tion of your
 []

[9]
Underfull \hbox (badness 1072) in paragraph at lines 162--163
\OT1/cmr/m/n/10.95 and some more com-mon role-play-ing game
 []


Underfull \hbox (badness 3128) in paragraph at lines 176--177
[]\OT1/cmr/m/n/10.95 - The host of the
 []

[10]
Underfull \hbox (badness 1622) in paragraph at lines 195--196
[]\OT1/cmr/m/n/10.95 - Char-ac-ter's statis-
 []


Underfull \hbox (badness 1762) in paragraph at lines 197--198
\OT1/cmr/m/n/10.95 seven SPE-CIAL at-tributes: Strength,
 []


Underfull \hbox (badness 1062) in paragraph at lines 200--201
[]\OT1/cmr/m/n/10.95 - The com-put-ers of this world,
 []

<Art/AJ_barn.jpg, id=465, 430.23611pt x 430.23611pt>
File: Art/AJ_barn.jpg Graphic file (type jpg)
<use Art/AJ_barn.jpg>
Package pdftex.def Info: Art/AJ_barn.jpg  used on input line 208.
(pdftex.def)             Requested size: 398.33858pt x 398.3495pt.
[11] [12 <./Art/AJ_barn.jpg>]
Chapter 2.

Underfull \hbox (badness 10000) in paragraph at lines 228--231

 []

[13

]
Underfull \hbox (badness 1248) in paragraph at lines 251--252
\OT1/cmr/m/n/10.95 choices, their as-so-ci-ated skills and Quirks
 []

[14]
Underfull \hbox (badness 1377) in paragraph at lines 273--274
\OT1/cmr/m/it/10.95 haps an oc-ca-sional time bomb.
 []


Underfull \hbox (badness 1400) in paragraph at lines 273--274
\OT1/cmr/m/it/10.95 her Ex-plo-sives skill gets a +5
 []

[15]
<ART/Races/EP_F.jpg, id=497, 344.6723pt x 344.6723pt>
File: ART/Races/EP_F.jpg Graphic file (type jpg)
<use ART/Races/EP_F.jpg>
Package pdftex.def Info: ART/Races/EP_F.jpg  used on input line 301.
(pdftex.def)             Requested size: 176.80067pt x 176.80609pt.
<ART/Races/EP_M.jpg, id=498, 345.15572pt x 345.15572pt>
File: ART/Races/EP_M.jpg Graphic file (type jpg)
<use ART/Races/EP_M.jpg>
Package pdftex.def Info: ART/Races/EP_M.jpg  used on input line 306.
(pdftex.def)             Requested size: 176.80067pt x 176.80653pt.
 [16

 <./ART/Races/EP_F.jpg> <./ART/Races/EP_M.jpg>]
<ART/Races/PEG_F.jpg, id=504, 344.1889pt x 344.1889pt>
File: ART/Races/PEG_F.jpg Graphic file (type jpg)
<use ART/Races/PEG_F.jpg>
Package pdftex.def Info: ART/Races/PEG_F.jpg  used on input line 328.
(pdftex.def)             Requested size: 176.80067pt x 176.79971pt.
<ART/Races/PEG_M.jpg, id=505, 345.15572pt x 345.15572pt>
File: ART/Races/PEG_M.jpg Graphic file (type jpg)
<use ART/Races/PEG_M.jpg>
Package pdftex.def Info: ART/Races/PEG_M.jpg  used on input line 333.
(pdftex.def)             Requested size: 176.80067pt x 176.80653pt.

Underfull \hbox (badness 1533) in paragraph at lines 344--345
[]\OT1/cmr/m/n/10.95 Pegasi may per-form
 []

[17

 <./ART/Races/PEG_F.jpg> <./ART/Races/PEG_M.jpg>]
<ART/Races/UNI_F.jpg, id=511, 344.1889pt x 344.1889pt>
File: ART/Races/UNI_F.jpg Graphic file (type jpg)
<use ART/Races/UNI_F.jpg>
Package pdftex.def Info: ART/Races/UNI_F.jpg  used on input line 353.
(pdftex.def)             Requested size: 176.80067pt x 176.79971pt.
<ART/Races/UNI_M.jpg, id=512, 344.1889pt x 344.1889pt>
File: ART/Races/UNI_M.jpg Graphic file (type jpg)
<use ART/Races/UNI_M.jpg>
Package pdftex.def Info: ART/Races/UNI_M.jpg  used on input line 358.
(pdftex.def)             Requested size: 176.80067pt x 176.79971pt.
 [18

 <./ART/Races/UNI_F.jpg> <./ART/Races/UNI_M.jpg>]
<ART/Races/GRI_F.jpg, id=519, 344.1889pt x 344.1889pt>
File: ART/Races/GRI_F.jpg Graphic file (type jpg)
<use ART/Races/GRI_F.jpg>
Package pdftex.def Info: ART/Races/GRI_F.jpg  used on input line 381.
(pdftex.def)             Requested size: 176.80067pt x 176.79971pt.
<ART/Races/GRI_M.jpg, id=520, 345.15572pt x 345.15572pt>
File: ART/Races/GRI_M.jpg Graphic file (type jpg)
<use ART/Races/GRI_M.jpg>
Package pdftex.def Info: ART/Races/GRI_M.jpg  used on input line 386.
(pdftex.def)             Requested size: 176.80067pt x 176.80653pt.

Underfull \hbox (badness 3168) in paragraph at lines 396--397
\OT1/cmr/m/n/10.95 abil-ity to per-form Aerial Ma-neu-vers.
 []


Underfull \hbox (badness 1472) in paragraph at lines 397--398
[]\OT1/cmr/m/n/10.95 Griffons pos-sess nat-u-ral talons,
 []

[19

 <./ART/Races/GRI_F.jpg> <./ART/Races/GRI_M.jpg>]
<ART/Races/ZEB_F.jpg, id=526, 345.39743pt x 345.39743pt>
File: ART/Races/ZEB_F.jpg Graphic file (type jpg)
<use ART/Races/ZEB_F.jpg>
Package pdftex.def Info: ART/Races/ZEB_F.jpg  used on input line 406.
(pdftex.def)             Requested size: 176.80067pt x 176.7986pt.
<ART/Races/ZEB_M.jpg, id=527, 344.1889pt x 344.1889pt>
File: ART/Races/ZEB_M.jpg Graphic file (type jpg)
<use ART/Races/ZEB_M.jpg>
Package pdftex.def Info: ART/Races/ZEB_M.jpg  used on input line 411.
(pdftex.def)             Requested size: 176.80067pt x 176.79971pt.

Underfull \hbox (badness 10000) in paragraph at lines 423--424
[]\OT1/cmr/m/n/10.95 Zebras can use
 []


Underfull \hbox (badness 3108) in paragraph at lines 423--424
\OT1/cmr/m/n/10.95 alchemy to cre-ate Brews, Tal-is-mans,
 []


Underfull \hbox (badness 4168) in paragraph at lines 424--425
[]\OT1/cmr/m/n/10.95 Zebras are nat-u-rally re-
 []

[20

 <./ART/Races/ZEB_F.jpg> <./ART/Races/ZEB_M.jpg>]
Underfull \hbox (badness 1210) in paragraph at lines 437--438
\OT1/cmr/m/n/10.95 do not af-fect \OT1/cmr/bx/n/10.95 Skills\OT1/cmr/m/n/10.95 
, but they can af-fect
 []


Underfull \hbox (badness 5862) in paragraph at lines 440--441
\OT1/cmr/m/n/10.95 A mea-sure of your char-ac-ter's phys-i-cal
 []

[21

]
Underfull \hbox (badness 2150) in paragraph at lines 484--485
[]\OT1/cmr/m/n/10.95 Aerial Ma-neu-vers of fly-ing char-ac-ters
 []


Underfull \hbox (badness 2150) in paragraph at lines 502--503
[]\OT1/cmr/m/n/10.95 Aerial Ma-neu-vers of fly-ing char-ac-ters
 []


Underfull \hbox (badness 2150) in paragraph at lines 541--542
[]\OT1/cmr/m/n/10.95 Aerial Ma-neu-vers of fly-ing char-ac-ters
 []

[22] [23]
> Step: init table outer spec.
> Step: parse table options.
> Step: split table.
> Step: init table inner spec.
> Step: parse table inner spec.
> Step: execute table commands.
> Step: calculate cell and line sizes.

Underfull \hbox (badness 1189) in paragraph at lines 631--631
\OT1/cmr/m/it/10.95 a turn and nor-mally ev-ery ac-
 []

> Step: build the whole table.

Underfull \hbox (badness 1189) in paragraph at lines 631--631
\OT1/cmr/m/it/10.95 a turn and nor-mally ev-ery ac-
 []

[24] [25] [26]
Underfull \hbox (badness 1194) in paragraph at lines 813--814
\OT1/cmr/m/n/10.95 chant or scav-enger, or ex-chang-ing mu-tual
 []

[27]
Underfull \hbox (badness 7203) in paragraph at lines 835--836
\OT1/cmr/m/n/10.95 char-ac-ter deals with weapons that fire
 []

[28] [29] [30]
Underfull \hbox (badness 1400) in paragraph at lines 954--955
[]\OT1/cmr/m/n/10.95 Jammed doors, locked doors, ter-mi-nals,
 []


Underfull \hbox (badness 2080) in paragraph at lines 981--982
\OT1/cmr/bx/n/10.95 Associated skills: \OT1/cmr/m/n/10.95 Barter, In-tim-i-da-t
ion,
 []

[31]
<ART/PAST/guard.jpg, id=624, 936.49875pt x 1405.25pt>
File: ART/PAST/guard.jpg Graphic file (type jpg)
<use ART/PAST/guard.jpg>
Package pdftex.def Info: ART/PAST/guard.jpg  used on input line 993.
(pdftex.def)             Requested size: 154.69933pt x 232.11356pt.
 [32 <./ART/PAST/guard.jpg>]
Underfull \hbox (badness 1755) in paragraph at lines 1048--1049
\OT1/cmr/bx/n/10.95 Associated skills: \OT1/cmr/m/n/10.95 Lock-pick, Me-chan-ic
s,
 []


Underfull \hbox (badness 1412) in paragraph at lines 1068--1069
\OT1/cmr/bx/n/10.95 Associated skills: \OT1/cmr/m/n/10.95 Diplo-macy, Medicine,

 []

<ART/PAST/pic_perfect.jpg, id=634, 1405.25pt x 1405.25pt>
File: ART/PAST/pic_perfect.jpg Graphic file (type jpg)
<use ART/PAST/pic_perfect.jpg>
Package pdftex.def Info: ART/PAST/pic_perfect.jpg  used on input line 1080.
(pdftex.def)             Requested size: 198.89865pt x 198.89934pt.

Underfull \hbox (badness 5954) in paragraph at lines 1084--1085
\OT1/cmr/bx/n/10.95 Associated skills: \OT1/cmr/m/n/10.95 Barter, Diplo-macy,
 []

[33 <./ART/PAST/pic_perfect.jpg>]
Underfull \hbox (badness 4819) in paragraph at lines 1104--1105
\OT1/cmr/bx/n/10.95 Associated skills: \OT1/cmr/m/n/10.95 Diplo-macy, MEWs,
 []

<ART/PAST/priest.jpg, id=644, 1405.25pt x 1405.25pt>
File: ART/PAST/priest.jpg Graphic file (type jpg)
<use ART/PAST/priest.jpg>
Package pdftex.def Info: ART/PAST/priest.jpg  used on input line 1110.
(pdftex.def)             Requested size: 198.89865pt x 198.89934pt.
[34 <./ART/PAST/priest.jpg>]
Underfull \hbox (badness 1515) in paragraph at lines 1162--1163
\OT1/cmr/bx/n/10.95 Associated skills: \OT1/cmr/m/n/10.95 Diplo-macy, Lock-pick
,
 []

<ART/PAST/soldier.jpg, id=654, 1405.25pt x 1405.25pt>
File: ART/PAST/soldier.jpg Graphic file (type jpg)
<use ART/PAST/soldier.jpg>
Package pdftex.def Info: ART/PAST/soldier.jpg  used on input line 1183.
(pdftex.def)             Requested size: 198.89865pt x 198.89934pt.

Underfull \hbox (badness 6236) in paragraph at lines 1209--1210
\OT1/cmr/bx/n/10.95 Associated skills: \OT1/cmr/m/n/10.95 Barter, Ex-plo-sives,

 []

[35 <./ART/PAST/soldier.jpg>]
Underfull \hbox (badness 1521) in paragraph at lines 1231--1232
\OT1/cmr/bx/n/10.95 Associated skills: \OT1/cmr/m/n/10.95 Ex-plo-sives, Medicin
e,
 []

<ART/PAST/thief.jpg, id=664, 1405.25pt x 1405.25pt>
File: ART/PAST/thief.jpg Graphic file (type jpg)
<use ART/PAST/thief.jpg>
Package pdftex.def Info: ART/PAST/thief.jpg  used on input line 1272.
(pdftex.def)             Requested size: 198.89865pt x 198.89934pt.

Underfull \hbox (badness 5954) in paragraph at lines 1278--1279
\OT1/cmr/bx/n/10.95 Associated skills: \OT1/cmr/m/n/10.95 Barter, Diplo-macy,
 []

[36]
Underfull \hbox (badness 1596) in paragraph at lines 1296--1297
\OT1/cmr/bx/n/10.95 Associated skills: \OT1/cmr/m/n/10.95 Ex-plo-sives, Firearm
s,
 []

[37 <./ART/PAST/thief.jpg>] [38]
Underfull \hbox (badness 5878) in paragraph at lines 1389--1390
[]\OT1/cmr/m/n/10.95 Ghouls, due to their severely slowed
 []

[39] [40] [41]
> Step: init table outer spec.
> Step: parse table options.
> Step: split table.
> Step: init table inner spec.
> Step: parse table inner spec.
> Step: execute table commands.
> Step: calculate cell and line sizes.
> Step: build the whole table.

Underfull \hbox (badness 2426) in paragraph at lines 1551--1552
[]\OT1/cmr/m/n/10.95 You're some-thing of an anomaly, even
 []


Underfull \vbox (badness 10000) has occurred while \output is active []

 [42]
[43]
Underfull \vbox (badness 7649) has occurred while \output is active []

 [44]
[45

] [46

]
Chapter 3.

Underfull \hbox (badness 1127) in paragraph at lines 1632--1634
\OT1/cmr/m/n/10.95 Sometimes the dif-fer-ence be-tween life and
 []


Underfull \hbox (badness 2443) in paragraph at lines 1643--1644
[]\OT1/cmr/m/n/10.95 With ex-plo-sives and other
 []


Underfull \hbox (badness 2529) in paragraph at lines 1644--1645
[]\OT1/cmr/m/it/10.95 [Optional Rule] \OT1/cmr/m/n/10.95 All pieces of
 []


Underfull \hbox (badness 10000) in paragraph at lines 1646--1647
[]\OT1/cmr/m/n/10.95 Certain
 []


Underfull \hbox (badness 1502) in paragraph at lines 1646--1647
\OT1/cmr/m/n/10.95 weapons and spells cause DOT, such
 []


Underfull \hbox (badness 1831) in paragraph at lines 1646--1647
\OT1/cmr/m/n/10.95 de-scrip-tion, or ended with a counter
 []


Underfull \hbox (badness 10000) in paragraph at lines 1650--1651
[]\OT1/cmr/m/n/10.95 The value
 []


Underfull \hbox (badness 5147) in paragraph at lines 1650--1651
\OT1/cmr/m/n/10.95 pro-tects you from at-tacks, re-duc-ing
 []

[47]
Underfull \hbox (badness 4608) in paragraph at lines 1651--1652
[]\OT1/cmr/m/n/10.95 Weapons that have this
 []


Underfull \hbox (badness 2486) in paragraph at lines 1653--1654
[]\OT1/cmr/m/n/10.95 Ranged weapons vary how
 []


Underfull \hbox (badness 10000) in paragraph at lines 1656--1657
[]\OT1/cmr/m/n/10.95 This lists the weapon's Short,
 []


Underfull \hbox (badness 1122) in paragraph at lines 1656--1657
\OT1/cmr/m/n/10.95 ranges for the pur-poses of the game.
 []


Underfull \hbox (badness 1436) in paragraph at lines 1657--1658
[]\OT1/cmr/m/n/10.95 Melee and Un-armed weapons can
 []


Underfull \hbox (badness 1590) in paragraph at lines 1659--1660
\OT1/cmr/m/n/10.95 less STR than the min-i-mum re-quire-
 []

[48]
Underfull \hbox (badness 10000) in paragraph at lines 1695--1696
[]\OT1/cmr/bx/it/10.95 Example: \OT1/cmr/m/it/10.95 Emer-ald Glint has
 []


Underfull \hbox (badness 7814) in paragraph at lines 1695--1696
\OT1/cmr/m/it/10.95 equipped a Gretta M9 pis-tol
 []


Underfull \hbox (badness 2384) in paragraph at lines 1695--1696
\OT1/cmr/m/it/10.95 in her first Weapon Slot and
 []


Underfull \hbox (badness 2368) in paragraph at lines 1695--1696
\OT1/cmr/m/it/10.95 Weapon Slot. She takes out
 []


Underfull \hbox (badness 1067) in paragraph at lines 1695--1696
\OT1/cmr/m/it/10.95 uses 3 AP from her to-tal AP
 []


Underfull \hbox (badness 1178) in paragraph at lines 1695--1696
\OT1/cmr/m/it/10.95 throw-ing the first grenade, she
 []

[49] [50]
Underfull \hbox (badness 1377) in paragraph at lines 1728--1729
\OT1/cmr/m/n/10.95 with a marker ``Hold-out Weapon'' in the
 []


Underfull \hbox (badness 4341) in paragraph at lines 1732--1733
[]\OT1/cmr/m/n/10.95 Weapons with-out the Hold-out weapon
 []


LaTeX Warning: `h' float specifier changed to `ht'.

[51]
Underfull \hbox (badness 2591) in paragraph at lines 1788--1789
[]\OT1/cmr/m/n/10.95 Unarmed weapons have Spe-cial at-tacks
 []

[52]
<ART/Chapter 3_Sparkle Cola.jpg, id=801, 2007.5pt x 2509.375pt>
File: ART/Chapter 3_Sparkle Cola.jpg Graphic file (type jpg)
<use ART/Chapter 3_Sparkle Cola.jpg>
Package pdftex.def Info: ART/Chapter 3_Sparkle Cola.jpg  used on input line 185
1.
(pdftex.def)             Requested size: 226.0pt x 282.46481pt.

Overfull \hbox (5.0pt too wide) in paragraph at lines 1851--1852
[][] 
 []

[53]
Underfull \vbox (badness 1721) has occurred while \output is active []

 [54 <./ART/Chapter 3_Sparkle Cola.jpg>] [55] [56]
Underfull \hbox (badness 1509) in paragraph at lines 2019--2020
[]\OT1/cmr/bx/it/10.95 Example 1: \OT1/cmr/m/it/10.95 Emer-ald Glint was
 []


Underfull \hbox (badness 1112) in paragraph at lines 2019--2020
\OT1/cmr/m/it/10.95 Her cur-rent ar-mor is \OT1/cmr/bx/it/10.95 Leather
 []


Underfull \hbox (badness 10000) in paragraph at lines 2025--2026
[]\OT1/cmr/bx/it/10.95 Example 2: \OT1/cmr/m/it/10.95 Emer-ald Glint's
 []


Underfull \hbox (badness 4467) in paragraph at lines 2025--2026
\OT1/cmr/m/it/10.95 DT value has dropped by 1.
 []

[57]
Underfull \hbox (badness 1721) in paragraph at lines 2055--2056
\OT1/cmr/m/it/10.95 ify her trusty ri-fle, the IF-67
 []

[58

]
Chapter 4.
> Step: init table outer spec.
> Step: parse table options.
> Step: split table.
> Step: init table inner spec.
> Step: parse table inner spec.
> Step: execute table commands.
> Step: calculate cell and line sizes.
> Step: build the whole table.
> Step: init table outer spec.
> Step: parse table options.
> Step: split table.
> Step: init table inner spec.
> Step: parse table inner spec.
> Step: execute table commands.
> Step: calculate cell and line sizes.
> Step: build the whole table.

Underfull \hbox (badness 1406) in paragraph at lines 2153--2153
[][]\OT1/cmr/bx/n/14.4 Improving Strain and Aerial
 []

[59

]

LaTeX Warning: Text page 60 contains only floats.

[60]
Underfull \hbox (badness 1365) in paragraph at lines 2177--2179
\OT1/cmr/m/n/10.95 sources; Min-istry Mare stat-uettes, Cy-ber-
 []

[61]
<ART/Chapter 4_Cybernetics.jpg, id=860, 259.10849pt x 259.10849pt>
File: ART/Chapter 4_Cybernetics.jpg Graphic file (type jpg)
<use ART/Chapter 4_Cybernetics.jpg>
Package pdftex.def Info: ART/Chapter 4_Cybernetics.jpg  used on input line 2208
.
(pdftex.def)             Requested size: 209.94933pt x 209.95975pt.

Underfull \hbox (badness 5374) in paragraph at lines 2220--2221
[]\OT1/cmr/m/n/10.95 Cybernetic im-plants can be found in
 []


Underfull \hbox (badness 1831) in paragraph at lines 2223--2224
\OT1/cmr/m/it/10.95 nor-mally Emer-ald would suf-fer
 []


Underfull \vbox (badness 2103) has occurred while \output is active []

 [62 <./ART/Chapter 4_Cybernetics.jpg>]
Underfull \hbox (badness 1102) in paragraph at lines 2238--2239
\OT1/cmr/m/it/10.95 ous. Side ef-fects in-clude, but
 []


Underfull \hbox (badness 1817) in paragraph at lines 2244--2245
[]\OT1/cmr/m/n/10.95 Pre-War Books can grant a per-ma-nent
 []

[63] [64

]
Chapter 5.
[65]
Underfull \hbox (badness 5119) in paragraph at lines 2293--2294
[]\OT1/cmr/m/n/10.95 These tasks the
 []


Underfull \hbox (badness 4132) in paragraph at lines 2295--2296
[]\OT1/cmr/m/n/10.95 An oth-er-wise or-di-nary task
 []


Underfull \hbox (badness 10000) in paragraph at lines 2300--2301
[]\OT1/cmr/m/n/10.95 These tasks are
 []

[66]
Underfull \vbox (badness 3000) has occurred while \output is active []

 [67]
Underfull \hbox (badness 1057) in paragraph at lines 2354--2355
\OT1/cmr/m/it/10.95 i-fiers have been cal-cu-lated, she
 []


Underfull \vbox (badness 3895) has occurred while \output is active []


Underfull \hbox (badness 1226) in paragraph at lines 2379--2380
\OT1/cmr/m/it/10.95 sus-tained pre-vi-ous in-juries that
 []

[68]
Underfull \hbox (badness 2343) in paragraph at lines 2419--2420
[]\OT1/cmr/bx/it/10.95 Example 2: \OT1/cmr/m/it/10.95 Doc Red uses his
 []

[69] [70]
<ART/fall.png, id=905, 325.215pt x 433.62pt>
File: ART/fall.png Graphic file (type png)
<use ART/fall.png>
Package pdftex.def Info: ART/fall.png  used on input line 2495.
(pdftex.def)             Requested size: 361.60138pt x 482.1708pt.
 [71]
Underfull \vbox (badness 5878) has occurred while \output is active []

 [72 <./ART/fall.png>]
Underfull \hbox (badness 4205) in paragraph at lines 2542--2543
\OT1/cmr/m/it/10.95 stand-ing un-der a falling rock
 []


Underfull \vbox (badness 6792) has occurred while \output is active []

 [73]
Underfull \hbox (badness 10000) in paragraph at lines 2560--2561
[]
 []


Underfull \hbox (badness 1552) in paragraph at lines 2561--2562
[]\OT1/cmr/m/n/10.95 such as vi-sual or
 []


Underfull \hbox (badness 10000) in paragraph at lines 2562--2563
[]
 []


Underfull \hbox (badness 2035) in paragraph at lines 2562--2563
\OT1/cmr/m/n/10.95 cause mus-cle re-lax-ation or numb-ness,
 []


Underfull \hbox (badness 1231) in paragraph at lines 2562--2563
\OT1/cmr/m/n/10.95 low-er-ing a char-ac-ter's STR and AGI.
 []


Underfull \hbox (badness 1603) in paragraph at lines 2562--2563
\OT1/cmr/m/n/10.95 These ef-fects can be both short and
 []


Underfull \vbox (badness 7613) has occurred while \output is active []

 [74]
Underfull \vbox (badness 10000) has occurred while \output is active []

<ART/Sneak.jpg, id=932, 273.36913pt x 231.07063pt>
File: ART/Sneak.jpg Graphic file (type jpg)
<use ART/Sneak.jpg>
Package pdftex.def Info: ART/Sneak.jpg  used on input line 2639.
(pdftex.def)             Requested size: 361.60138pt x 305.67702pt.
 [75]
[76 <./ART/Sneak.jpg>]
Underfull \hbox (badness 2809) in paragraph at lines 2686--2687
\OT1/cmr/m/n/10.95 When char-ac-ters, NPC or PC, want to
 []

[77

]
Underfull \hbox (badness 1342) in paragraph at lines 2726--2727
\OT1/cmr/m/n/10.95 sail-ing through the wa-ter-ways, and fly-ing
 []

[78

] [79

] [80

]
Chapter 6.

Underfull \hbox (badness 1292) in paragraph at lines 2781--2782
\OT1/cmr/m/n/10.95 The great-est plea-sure of Waste-land is all
 []

<ART/PAST/scavenger.jpg, id=967, 1405.25pt x 1405.25pt>
File: ART/PAST/scavenger.jpg Graphic file (type jpg)
<use ART/PAST/scavenger.jpg>
Package pdftex.def Info: ART/PAST/scavenger.jpg  used on input line 2791.
(pdftex.def)             Requested size: 198.89865pt x 198.89934pt.
[81 <./ART/PAST/scavenger.jpg>]
Underfull \hbox (badness 1924) in paragraph at lines 2815--2816
[]\OT1/cmr/m/n/10.95 Invention and mod-i-fi-ca-tion build-ing use
 []


Underfull \hbox (badness 4556) in paragraph at lines 2820--2821
[]\OT1/cmr/bx/it/10.95 Example 1: \OT1/cmr/m/it/10.95 Emer-ald Glint is
 []


Underfull \hbox (badness 4556) in paragraph at lines 2824--2825
[]\OT1/cmr/bx/it/10.95 Example 2: \OT1/cmr/m/it/10.95 Emer-ald Glint is
 []


Underfull \hbox (badness 1939) in paragraph at lines 2824--2825
\OT1/cmr/m/it/10.95 Me-chan-ics, Sci-ence and Thau-
 []


Underfull \vbox (badness 2799) has occurred while \output is active []

 [82]
[83] [84]
> Step: init table outer spec.
> Step: parse table options.
> Step: split table.
> Step: init table inner spec.
> Step: parse table inner spec.
> Step: execute table commands.
> Step: calculate cell and line sizes.

Overfull \hbox (2.71574pt too wide) in paragraph at lines 2918--2918
[]\OT1/cmr/bx/n/10.95 Disposition 
 []

> Step: build the whole table.

Overfull \hbox (2.71574pt too wide) in paragraph at lines 2918--2918
[]\OT1/cmr/bx/n/10.95 Disposition 
 []

[85]
Underfull \hbox (badness 1742) in paragraph at lines 2927--2928
[]\OT1/cmr/bx/it/10.95 Example 2: \OT1/cmr/m/it/10.95 In an-other vil-lage,
 []


Underfull \hbox (badness 2310) in paragraph at lines 2927--2928
\OT1/cmr/m/it/10.95 Feath-er-fall - a ghoul - comes
 []


Underfull \hbox (badness 1406) in paragraph at lines 2927--2928
\OT1/cmr/m/it/10.95 trust rather than from Neu-tral
 []


Underfull \hbox (badness 2635) in paragraph at lines 2927--2928
\OT1/cmr/m/it/10.95 stance, mak-ing the in-ter-ac-tion
 []


Underfull \hbox (badness 2635) in paragraph at lines 2931--2932
[]\OT1/cmr/bx/it/10.95 Example 3: \OT1/cmr/m/it/10.95 Like-wise, Maabara
 []

[86


]
<ART/Pip.jpg, id=996, 345.39743pt x 345.39743pt>
File: ART/Pip.jpg Graphic file (type jpg)
<use ART/Pip.jpg>
Package pdftex.def Info: ART/Pip.jpg  used on input line 2950.
(pdftex.def)             Requested size: 271.20276pt x 271.21663pt.

Underfull \hbox (badness 4899) in paragraph at lines 2961--2962
\OT1/cmr/m/n/10.95 The Pip-Buck ships with a pre-installed
 []


Underfull \hbox (badness 5119) in paragraph at lines 2961--2962
\OT1/cmr/m/n/10.95 Stable-Tec Eques-trian Po-si-tion-ing Sys-tem
 []

[87]
Underfull \vbox (badness 5302) has occurred while \output is active []

 [88 <./ART/Pip.jpg>]
> Step: init table outer spec.
> Step: parse table options.
> Step: split table.
> Step: init table inner spec.
> Step: parse table inner spec.
> Step: execute table commands.
> Step: calculate cell and line sizes.

Overfull \hbox (1.06668pt too wide) in paragraph at lines 3064--3064
 []\OT1/cmr/m/n/10.95 Awake 
 []

> Step: build the whole table.

Overfull \hbox (1.06668pt too wide) in paragraph at lines 3064--3064
 []\OT1/cmr/m/n/10.95 Awake 
 []


Underfull \hbox (badness 2310) in paragraph at lines 3072--3073
\OT1/cmr/m/it/10.95 last few days work-ing on her
 []

[89]
Overfull \hbox (20.26013pt too wide) in paragraph at lines 3095--3103
 [][] 
 []

[90]
Chapter 7.
<ART/PAST/gunslinger.png, id=1027, 1185.42876pt x 1185.42876pt>
File: ART/PAST/gunslinger.png Graphic file (type png)
<use ART/PAST/gunslinger.png>
Package pdftex.def Info: ART/PAST/gunslinger.png  used on input line 3140.
(pdftex.def)             Requested size: 176.80067pt x 176.7937pt.
[91

 <./ART/PAST/gunslinger.png>]
Underfull \hbox (badness 1769) in paragraph at lines 3148--3149
[]\OT1/cmr/m/n/10.95 All com-bat-ants make an Ini-tia-tive roll,
 []


Underfull \hbox (badness 1163) in paragraph at lines 3185--3186
\OT1/cmr/m/it/10.95 friend Feath-er-fall - who has a
 []


Underfull \hbox (badness 1215) in paragraph at lines 3185--3186
\OT1/cmr/m/it/10.95 next to her for Emer-ald Glint
 []


Underfull \hbox (badness 1389) in paragraph at lines 3185--3186
\OT1/cmr/m/it/10.95 Glint's player may de-clare her
 []

[92]
Underfull \hbox (badness 1817) in paragraph at lines 3206--3207
[]\OT1/cmr/m/n/10.95 These mod-i-fiers af-fect only ranged and
 []

[93]
Underfull \hbox (badness 1946) in paragraph at lines 3260--3261
[]\OT1/cmr/bx/n/10.95 Minor Dis-trac-tion: \OT1/cmr/m/n/10.95 penalty of 10.
 []


Underfull \hbox (badness 1902) in paragraph at lines 3262--3263
[]\OT1/cmr/bx/n/10.95 Major Dis-trac-tion: \OT1/cmr/m/n/10.95 penalty of 30.
 []

> Step: init table outer spec.
> Step: parse table options.
> Step: split table.
> Step: init table inner spec.
> Step: parse table inner spec.
> Step: execute table commands.
> Step: calculate cell and line sizes.
> Step: build the whole table.

Underfull \hbox (badness 1616) in paragraph at lines 3341--3342
[]\OT1/cmr/bx/it/10.95 Example 1: \OT1/cmr/m/it/10.95 Feath-er-fall tries to
 []


Underfull \hbox (badness 6910) in paragraph at lines 3341--3342
\OT1/cmr/m/it/10.95 shoot a raider hid-ing be-hind
 []


Underfull \hbox (badness 1521) in paragraph at lines 3341--3342
\OT1/cmr/m/it/10.95 a Wooden ta-ble. Feath-er-fall's
 []

[94]
Underfull \hbox (badness 1648) in paragraph at lines 3345--3346
[]\OT1/cmr/bx/it/10.95 Example 2: \OT1/cmr/m/it/10.95 Feath-er-fall has de-
 []


Underfull \vbox (badness 6625) has occurred while \output is active []

 [95]
> Step: init table outer spec.
> Step: parse table options.
> Step: split table.
> Step: init table inner spec.
> Step: parse table inner spec.
> Step: execute table commands.
> Step: calculate cell and line sizes.
> Step: build the whole table.
<WV_Splash_Templates.png, id=1075, 878.28125pt x 375.4025pt>
File: WV_Splash_Templates.png Graphic file (type png)
<use WV_Splash_Templates.png>
Package pdftex.def Info: WV_Splash_Templates.png  used on input line 3434.
(pdftex.def)             Requested size: 398.33858pt x 170.26422pt.

Underfull \vbox (badness 6641) has occurred while \output is active []

 [96]
> Step: init table outer spec.
> Step: parse table options.
> Step: split table.
> Step: init table inner spec.
> Step: parse table inner spec.
> Step: execute table commands.
> Step: calculate cell and line sizes.
> Step: build the whole table.

[97 <./WV_Splash_Templates.png>] [98] [99] [100] [101]
Underfull \hbox (badness 2173) in paragraph at lines 3626--3627
[]\OT1/cmr/m/n/10.95 Attacks are sub-ject to mod-i-fiers called
 []

<ART/fight_1.jpg, id=1135, 288.11317pt x 288.11317pt>
File: ART/fight_1.jpg Graphic file (type jpg)
<use ART/fight_1.jpg>
Package pdftex.def Info: ART/fight_1.jpg  used on input line 3630.
(pdftex.def)             Requested size: 176.80067pt x 176.79947pt.

Underfull \hbox (badness 2790) in paragraph at lines 3647--3648
\OT1/cmr/m/n/10.95 Attacks made with thrown weapons and
 []

[102 <./ART/fight_1.jpg>] [103]
Underfull \hbox (badness 1173) in paragraph at lines 3731--3732
[]\OT1/cmr/m/n/10.95 Interacting with en-vi-ron-ment, such as
 []


Underfull \hbox (badness 1675) in paragraph at lines 3733--3734
\OT1/cmr/m/n/10.95 crip-pled limbs), Sci-ence (hack-ing), or
 []

[104] [105] [106] [107] [108]
Underfull \hbox (badness 6032) in paragraph at lines 4014--4015
[]\OT1/cmr/m/n/10.95 For ex-am-ple, with su-per sledge, the
 []


Underfull \hbox (badness 4595) in paragraph at lines 4026--4027
\OT1/cmr/m/n/10.95 Characters one day or an-other will be
 []

[109]
Underfull \hbox (badness 1472) in paragraph at lines 4053--4054
[]\OT1/cmr/bx/it/10.95 Note: \OT1/cmr/m/it/10.95 Ex-plo-sive weapons do not
 []

[110] [111] [112

]
Chapter 8.
<ART/book.jpg, id=1216, 207.4149pt x 206.9331pt>
File: ART/book.jpg Graphic file (type jpg)
<use ART/book.jpg>
Package pdftex.def Info: ART/book.jpg  used on input line 4130.
(pdftex.def)             Requested size: 154.69933pt x 154.34373pt.
[113 <./ART/book.jpg>]
Underfull \hbox (badness 2253) in paragraph at lines 4142--4143
\OT1/cmr/m/n/10.95 Using spells is much like at-tack-ing with
 []

<ART/PAST/mage.jpg, id=1221, 1405.25pt x 1405.25pt>
File: ART/PAST/mage.jpg Graphic file (type jpg)
<use ART/PAST/mage.jpg>
Package pdftex.def Info: ART/PAST/mage.jpg  used on input line 4156.
(pdftex.def)             Requested size: 198.89865pt x 198.89934pt.
[114

 <./ART/PAST/mage.jpg>]
Underfull \hbox (badness 1558) in paragraph at lines 4181--4182
\OT1/cmr/m/it/10.95 him into go-ing to an-other di-
 []


Underfull \hbox (badness 2229) in paragraph at lines 4181--4182
\OT1/cmr/m/it/10.95 higher against Emer-ald Glint's
 []


Underfull \hbox (badness 1043) in paragraph at lines 4205--4206
[]\OT1/cmr/m/n/10.95 Unlike other ponies' ar-cane pow-ers, the
 []

[115]
<ART/Chapter 8_Aerial Maneuver Wonderbolt edit.jpg, id=1239, 402.43997pt x 402.
43997pt>
File: ART/Chapter 8_Aerial Maneuver Wonderbolt edit.jpg Graphic file (type jpg)

<use ART/Chapter 8_Aerial Maneuver Wonderbolt edit.jpg>
Package pdftex.def Info: ART/Chapter 8_Aerial Maneuver Wonderbolt edit.jpg  use
d on input line 4253.
(pdftex.def)             Requested size: 361.60138pt x 361.59697pt.
 [116]
Underfull \vbox (badness 7759) has occurred while \output is active []


Underfull \vbox (badness 10000) has occurred while \output is active []

 [117 <./ART/Chapter 8_Aerial Maneuver Wonderbolt edit.jpg>]
Underfull \hbox (badness 10000) in paragraph at lines 4323--4325
[]\OT1/cmr/bx/n/10.95 Wonderbolt Ma-neu-vers
 []


Underfull \hbox (badness 1142) in paragraph at lines 4325--4326
[]\OT1/cmr/m/n/10.95 Commander Easyglide's Es-prit de
 []

<ART/Chapter 8_Unicorn magic.jpg, id=1250, 459.48251pt x 268.2933pt>
File: ART/Chapter 8_Unicorn magic.jpg Graphic file (type jpg)
<use ART/Chapter 8_Unicorn magic.jpg>
Package pdftex.def Info: ART/Chapter 8_Unicorn magic.jpg  used on input line 43
36.
(pdftex.def)             Requested size: 406.79724pt x 237.53577pt.

Underfull \hbox (badness 3690) in paragraph at lines 4345--4346
[]\OT1/cmr/m/n/10.95 Arcane spells are di-vided into \OT1/cmr/bx/n/10.95 Magic
 []

[118]
Underfull \vbox (badness 10000) has occurred while \output is active []

 [119 <./ART/Chapter 8_Unicorn magic.jpg>] [120]
Underfull \hbox (badness 1931) in paragraph at lines 4493--4494
[]\OT1/cmr/bx/n/10.95 Talismans \OT1/cmr/m/n/10.95 are mag-i-cal ar-ti-facts th
at
 []


Underfull \hbox (badness 1248) in paragraph at lines 4512--4513
\OT1/cmr/m/n/10.95 scrip-tions af-ter per-fect-ing their craft with
 []

[121]
<ART/Chapter 8_Alchemy zeeb.jpg, id=1272, 374.64381pt x 435.07024pt>
File: ART/Chapter 8_Alchemy zeeb.jpg Graphic file (type jpg)
<use ART/Chapter 8_Alchemy zeeb.jpg>
Package pdftex.def Info: ART/Chapter 8_Alchemy zeeb.jpg  used on input line 452
0.
(pdftex.def)             Requested size: 198.89865pt x 230.9778pt.

Underfull \hbox (badness 1655) in paragraph at lines 4552--4553
[]\OT1/cmr/bx/it/10.95 Example: \OT1/cmr/m/it/10.95 Maabara is mak-ing a
 []


Underfull \hbox (badness 2042) in paragraph at lines 4552--4553
\OT1/cmr/m/it/10.95 1x Brew Base and 1x Poi-son
 []

[122 <./ART/Chapter 8_Alchemy zeeb.jpg>] [123]
<ART/Chapter 8_shamanism.jpg, id=1284, 457.30716pt x 403.40678pt>
File: ART/Chapter 8_shamanism.jpg Graphic file (type jpg)
<use ART/Chapter 8_shamanism.jpg>
Package pdftex.def Info: ART/Chapter 8_shamanism.jpg  used on input line 4597.
(pdftex.def)             Requested size: 361.60138pt x 318.99564pt.

Underfull \hbox (badness 1168) in paragraph at lines 4614--4615
[]\OT1/cmr/m/n/10.95 Besides Spir-its, which are the brunt of
 []

[124] [125 <./ART/Chapter 8_shamanism.jpg>] [126]
Underfull \hbox (badness 1648) in paragraph at lines 4660--4662
\OT1/cmr/m/n/10.95 dur-ing the pos-ses-sion, es-pe-cially in times
 []

[127] [128]
> Step: init table outer spec.
> Step: parse table options.
> Step: split table.
> Step: init table inner spec.
> Step: parse table inner spec.
> Step: execute table commands.
> Step: calculate cell and line sizes.
> Step: build the whole table.
 [129


] [130] [131]
> Step: init table outer spec.
> Step: parse table options.
> Step: split table.
> Step: init table inner spec.
> Step: parse table inner spec.
> Step: execute table commands.
> Step: calculate cell and line sizes.
> Step: build the whole table.

Overfull \hbox (10.95004pt too wide) in paragraph at lines 4870--4871
[][] 
 []


Overfull \hbox (17.65923pt too wide) in paragraph at lines 4875--4892
[][]
 []


Underfull \hbox (badness 10000) in paragraph at lines 4875--4892

 []


Underfull \vbox (badness 10000) has occurred while \output is active []

 [132]
File: WV_Splash_Templates.png Graphic file (type png)
<use WV_Splash_Templates.png>
Package pdftex.def Info: WV_Splash_Templates.png  used on input line 4894.
(pdftex.def)             Requested size: 398.33858pt x 170.26422pt.
<ART/Sunrise.jpg, id=1329, 457.30716pt x 337.42114pt>
File: ART/Sunrise.jpg Graphic file (type jpg)
<use ART/Sunrise.jpg>
Package pdftex.def Info: ART/Sunrise.jpg  used on input line 4899.
(pdftex.def)             Requested size: 497.20276pt x 366.87558pt.

Overfull \hbox (45.20276pt too wide) in paragraph at lines 4899--4900
 [][] 
 []

[133] [134 <./ART/Sunrise.jpg>]
(C:\Users\Tiia\Documents\GitHub\wasteland-ventures\BUILD\FOEWV_TEX.aux)
Package rerunfilecheck Info: File `FOEWV_TEX.out' has not changed.
(rerunfilecheck)             Checksum: 5410AB12E2379F73F37B306F17DF1894;10505.
 ) 
Here is how much of TeX's memory you used:
 15757 strings out of 475389
 285589 string characters out of 2777473
 855888 words of memory out of 3000000
 36352 multiletter control sequences out of 15000+600000
 496916 words of font info for 93 fonts, out of 8000000 for 9000
 1141 hyphenation exceptions out of 8191
 72i,17n,111p,759b,1152s stack positions out of 10000i,1000n,20000p,200000b,80000s
 <C:\Users\Tiia\AppData\Local\MiKTeX\fonts/pk/ljfour/jknappen/ec/dpi600\tcrm1
095.pk><C:/Users/Tiia/AppData/Local/Programs/MiKTeX/fonts/type1/public/amsfonts
/cm/cmbx10.pfb><C:/Users/Tiia/AppData/Local/Programs/MiKTeX/fonts/type1/public/
amsfonts/cm/cmbx12.pfb><C:/Users/Tiia/AppData/Local/Programs/MiKTeX/fonts/type1
/public/amsfonts/cm/cmbxti10.pfb><C:/Users/Tiia/AppData/Local/Programs/MiKTeX/f
onts/type1/public/amsfonts/cm/cmmi10.pfb><C:/Users/Tiia/AppData/Local/Programs/
MiKTeX/fonts/type1/public/amsfonts/cm/cmr10.pfb><C:/Users/Tiia/AppData/Local/Pr
ograms/MiKTeX/fonts/type1/public/amsfonts/cm/cmr8.pfb><C:/Users/Tiia/AppData/Lo
cal/Programs/MiKTeX/fonts/type1/public/amsfonts/cm/cmsl10.pfb><C:/Users/Tiia/Ap
pData/Local/Programs/MiKTeX/fonts/type1/public/amsfonts/cm/cmsy10.pfb><C:/Users
/Tiia/AppData/Local/Programs/MiKTeX/fonts/type1/public/amsfonts/cm/cmti10.pfb>
Output written on FOEWV_TEX.pdf (135 pages, 17214264 bytes).
PDF statistics:
 1496 PDF objects out of 1728 (max. 8388607)
 540 named destinations out of 1000 (max. 500000)
 810 words of extra memory for PDF output out of 10000 (max. 10000000)

