\BOOKMARK [0][-]{chapter.1}{Introduction}{}% 1
\BOOKMARK [0][-]{chapter.2}{Aerial Maneuvers}{}% 2
\BOOKMARK [1][-]{section*.2}{Agility Maneuvers}{chapter.2}% 3
\BOOKMARK [2][-]{section*.3}{Buccaneer Blaze}{section*.2}% 4
\BOOKMARK [2][-]{section*.4}{Contrail}{section*.2}% 5
\BOOKMARK [2][-]{section*.5}{Creeping Barrage}{section*.2}% 6
\BOOKMARK [2][-]{section*.6}{Hightail Sweep}{section*.2}% 7
\BOOKMARK [2][-]{section*.7}{Tornado}{section*.2}% 8
\BOOKMARK [2][-]{section*.8}{Weave Defense}{section*.2}% 9
\BOOKMARK [1][-]{section*.9}{Charisma Maneuvers}{chapter.2}% 10
\BOOKMARK [2][-]{section*.10}{Cloud Manipulation}{section*.9}% 11
\BOOKMARK [2][-]{section*.11}{Defog Twirl}{section*.9}% 12
\BOOKMARK [2][-]{section*.12}{Fantastic Flash [CHA]}{section*.9}% 13
\BOOKMARK [2][-]{section*.13}{Fire Trail}{section*.9}% 14
\BOOKMARK [2][-]{section*.14}{Sun Celebration}{section*.9}% 15
\BOOKMARK [2][-]{section*.15}{Tactical Weather Manipulation}{section*.9}% 16
\BOOKMARK [1][-]{section*.16}{Endurance Maneuvers}{chapter.2}% 17
\BOOKMARK [2][-]{section*.17}{Defensive Spiral}{section*.16}% 18
\BOOKMARK [2][-]{section*.18}{Dirt Drag}{section*.16}% 19
\BOOKMARK [2][-]{section*.19}{Divebomb}{section*.16}% 20
\BOOKMARK [2][-]{section*.20}{Plummet}{section*.16}% 21
\BOOKMARK [2][-]{section*.21}{Sonic Rain-Nuke}{section*.16}% 22
\BOOKMARK [2][-]{section*.22}{Twister}{section*.16}% 23
\BOOKMARK [1][-]{section*.23}{Wonderbolt \046 Talon Maneuvers}{chapter.2}% 24
\BOOKMARK [2][-]{section*.24}{Blackwing's Mettle}{section*.23}% 25
\BOOKMARK [2][-]{section*.25}{Carrion's Blight}{section*.23}% 26
\BOOKMARK [2][-]{section*.26}{Commander Easyglider's Esprit de Corps}{section*.23}% 27
\BOOKMARK [2][-]{section*.27}{Fleetfoot's Fix-it-up}{section*.23}% 28
\BOOKMARK [2][-]{section*.28}{Gawd's Glorious Featherbedding}{section*.23}% 29
\BOOKMARK [2][-]{section*.29}{General Firefly's Double Inside-Out Loop}{section*.23}% 30
\BOOKMARK [2][-]{section*.30}{Gilda's Feline Frenzium Furiatus}{section*.23}% 31
\BOOKMARK [2][-]{section*.31}{Henrietta's Threatful Bravura}{section*.23}% 32
\BOOKMARK [2][-]{section*.32}{Rainbow Dash's Sonic Rainboom}{section*.23}% 33
\BOOKMARK [2][-]{section*.33}{Spitfire's Icarian Sun Salutation}{section*.23}% 34
\BOOKMARK [2][-]{section*.34}{Surprise's Sneak Sweep}{section*.23}% 35
\BOOKMARK [0][-]{chapter.3}{Earth Pony Magic}{}% 36
\BOOKMARK [1][-]{section*.35}{Branch of Charm [CHA]}{chapter.3}% 37
\BOOKMARK [2][-]{section*.36}{Cheer}{section*.35}% 38
\BOOKMARK [2][-]{section*.37}{Comforting Words}{section*.35}% 39
\BOOKMARK [2][-]{section*.38}{Enhance Plant}{section*.35}% 40
\BOOKMARK [2][-]{section*.39}{Healing Hooves}{section*.35}% 41
\BOOKMARK [2][-]{section*.40}{Inner Circle}{section*.35}% 42
\BOOKMARK [2][-]{section*.41}{Plant Calling}{section*.35}% 43
\BOOKMARK [2][-]{section*.42}{Sound Mind}{section*.35}% 44
\BOOKMARK [1][-]{section*.43}{Branch of Might [STR]}{chapter.3}% 45
\BOOKMARK [2][-]{section*.44}{Adrenaline Rush}{section*.43}% 46
\BOOKMARK [2][-]{section*.45}{Crash this Barn}{section*.43}% 47
\BOOKMARK [2][-]{section*.46}{Enchanted Hooves}{section*.43}% 48
\BOOKMARK [2][-]{section*.47}{Fortify}{section*.43}% 49
\BOOKMARK [2][-]{section*.48}{Mend}{section*.43}% 50
\BOOKMARK [2][-]{section*.49}{Overgrow}{section*.43}% 51
\BOOKMARK [2][-]{section*.50}{Protection of the Earth}{section*.43}% 52
\BOOKMARK [2][-]{section*.51}{Rooted}{section*.43}% 53
\BOOKMARK [2][-]{section*.52}{Stone Shield}{section*.43}% 54
\BOOKMARK [1][-]{section*.53}{Branch of Sight [PER]}{chapter.3}% 55
\BOOKMARK [2][-]{section*.54}{Earthly Warning}{section*.53}% 56
\BOOKMARK [2][-]{section*.55}{Find Poison}{section*.53}% 57
\BOOKMARK [2][-]{section*.56}{Improve Obstacle}{section*.53}% 58
\BOOKMARK [2][-]{section*.57}{Scrutinizing Gaze}{section*.53}% 59
\BOOKMARK [2][-]{section*.58}{Seismic Sight}{section*.53}% 60
\BOOKMARK [2][-]{section*.59}{Smart Cookie's Invocation}{section*.53}% 61
\BOOKMARK [2][-]{section*.60}{Threatening Gaze}{section*.53}% 62
\BOOKMARK [0][-]{chapter.4}{Unicorn Magic}{}% 63
\BOOKMARK [1][-]{section*.61}{General Magic \(any SPECIAL\)}{chapter.4}% 64
\BOOKMARK [2][-]{section*.62}{\0431 Assistant}{section*.61}% 65
\BOOKMARK [2][-]{section*.63}{Arcane Mark}{section*.61}% 66
\BOOKMARK [2][-]{section*.64}{Bonds Of Friendship}{section*.61}% 67
\BOOKMARK [2][-]{section*.65}{Light}{section*.61}% 68
\BOOKMARK [2][-]{section*.66}{Mage's Bulwark}{section*.61}% 69
\BOOKMARK [2][-]{section*.67}{Power of Friendship}{section*.61}% 70
\BOOKMARK [2][-]{section*.68}{Telekinesis}{section*.61}% 71
\BOOKMARK [2][-]{section*.71}{Teleport}{section*.61}% 72
\BOOKMARK [1][-]{section*.72}{Conjuration Magic [INT]}{chapter.4}% 73
\BOOKMARK [2][-]{section*.73}{Arcane Blast}{section*.72}% 74
\BOOKMARK [2][-]{section*.74}{Bend Surface}{section*.72}% 75
\BOOKMARK [2][-]{section*.75}{Call Object}{section*.72}% 76
\BOOKMARK [2][-]{section*.76}{Eldritch Knives}{section*.72}% 77
\BOOKMARK [2][-]{section*.77}{Pocket Sand}{section*.72}% 78
\BOOKMARK [2][-]{section*.78}{Shield}{section*.72}% 79
\BOOKMARK [2][-]{section*.79}{Storm Cloud}{section*.72}% 80
\BOOKMARK [2][-]{section*.80}{Wall of Mist}{section*.72}% 81
\BOOKMARK [1][-]{section*.81}{Dark Magic [END]}{chapter.4}% 82
\BOOKMARK [2][-]{section*.82}{Blood Weapons}{section*.81}% 83
\BOOKMARK [2][-]{section*.83}{Devouring Darkness}{section*.81}% 84
\BOOKMARK [2][-]{section*.84}{Fear}{section*.81}% 85
\BOOKMARK [2][-]{section*.85}{Heart Attack}{section*.81}% 86
\BOOKMARK [2][-]{section*.86}{Life Surge}{section*.81}% 87
\BOOKMARK [2][-]{section*.87}{Shadow Form}{section*.81}% 88
\BOOKMARK [2][-]{section*.88}{Soul Jar}{section*.81}% 89
\BOOKMARK [2][-]{section*.89}{Vile Crystals}{section*.81}% 90
\BOOKMARK [1][-]{section*.90}{Enhancement Magic [CHA]}{chapter.4}% 91
\BOOKMARK [2][-]{section*.91}{Bypass}{section*.90}% 92
\BOOKMARK [2][-]{section*.92}{Compulsion}{section*.90}% 93
\BOOKMARK [2][-]{section*.93}{Discord}{section*.90}% 94
\BOOKMARK [2][-]{section*.94}{Magic Trance}{section*.90}% 95
\BOOKMARK [2][-]{section*.95}{Resilience}{section*.90}% 96
\BOOKMARK [2][-]{section*.96}{Soft Light}{section*.90}% 97
\BOOKMARK [2][-]{section*.97}{Standstill}{section*.90}% 98
\BOOKMARK [2][-]{section*.98}{Want it, Need it}{section*.90}% 99
\BOOKMARK [1][-]{section*.99}{Illusion Magic [CHA]}{chapter.4}% 100
\BOOKMARK [2][-]{section*.100}{Invisibility}{section*.99}% 101
\BOOKMARK [2][-]{section*.101}{Magical Fireworks}{section*.99}% 102
\BOOKMARK [2][-]{section*.102}{Mirage}{section*.99}% 103
\BOOKMARK [2][-]{section*.103}{Phantasmagoria}{section*.99}% 104
\BOOKMARK [2][-]{section*.104}{Silver Shroud}{section*.99}% 105
\BOOKMARK [2][-]{section*.105}{Simulacrum}{section*.99}% 106
\BOOKMARK [2][-]{section*.106}{Target}{section*.99}% 107
\BOOKMARK [2][-]{section*.107}{Thrown Voice}{section*.99}% 108
\BOOKMARK [1][-]{section*.108}{Medical Magic [INT]}{chapter.4}% 109
\BOOKMARK [2][-]{section*.109}{Anesthetic}{section*.108}% 110
\BOOKMARK [2][-]{section*.110}{Bone Mending}{section*.108}% 111
\BOOKMARK [2][-]{section*.111}{Calm Mind}{section*.108}% 112
\BOOKMARK [2][-]{section*.112}{Clean}{section*.108}% 113
\BOOKMARK [2][-]{section*.113}{Enhancement}{section*.108}% 114
\BOOKMARK [2][-]{section*.114}{Panacea}{section*.108}% 115
\BOOKMARK [2][-]{section*.115}{Regeneration}{section*.108}% 116
\BOOKMARK [2][-]{section*.116}{Restoration}{section*.108}% 117
\BOOKMARK [1][-]{section*.117}{Perception Magic [PER]}{chapter.4}% 118
\BOOKMARK [2][-]{section*.118}{Amplify}{section*.117}% 119
\BOOKMARK [2][-]{section*.119}{Combat Pre-cognition}{section*.117}% 120
\BOOKMARK [2][-]{section*.120}{Detection}{section*.117}% 121
\BOOKMARK [2][-]{section*.121}{Magic Mirror}{section*.117}% 122
\BOOKMARK [2][-]{section*.122}{Memory Manipulation}{section*.117}% 123
\BOOKMARK [2][-]{section*.123}{Mind Probe}{section*.117}% 124
\BOOKMARK [2][-]{section*.124}{Spy Connections}{section*.117}% 125
\BOOKMARK [2][-]{section*.125}{Telepathy}{section*.117}% 126
\BOOKMARK [1][-]{section*.126}{Protective Magic [END]}{chapter.4}% 127
\BOOKMARK [2][-]{section*.127}{Alarm}{section*.126}% 128
\BOOKMARK [2][-]{section*.128}{Cloak of Elements}{section*.126}% 129
\BOOKMARK [2][-]{section*.129}{Equestria's Love}{section*.126}% 130
\BOOKMARK [2][-]{section*.130}{Failsafe}{section*.126}% 131
\BOOKMARK [2][-]{section*.131}{Friendly Critter's Help}{section*.126}% 132
\BOOKMARK [2][-]{section*.132}{Mental Bulwark}{section*.126}% 133
\BOOKMARK [2][-]{section*.133}{Rad-Guard}{section*.126}% 134
\BOOKMARK [2][-]{section*.134}{Toughened Frame}{section*.126}% 135
\BOOKMARK [1][-]{section*.135}{Transmutation Magic [END]}{chapter.4}% 136
\BOOKMARK [2][-]{section*.136}{Come to Life}{section*.135}% 137
\BOOKMARK [2][-]{section*.137}{Growth}{section*.135}% 138
\BOOKMARK [2][-]{section*.138}{Petrify}{section*.135}% 139
\BOOKMARK [2][-]{section*.139}{Phase}{section*.135}% 140
\BOOKMARK [2][-]{section*.140}{Remake}{section*.135}% 141
\BOOKMARK [2][-]{section*.141}{Shape Magic}{section*.135}% 142
\BOOKMARK [2][-]{section*.142}{Steady Walk}{section*.135}% 143
\BOOKMARK [2][-]{section*.143}{Transformation}{section*.135}% 144
\BOOKMARK [0][-]{chapter.5}{Zebra Magic}{}% 145
\BOOKMARK [1][-]{section*.144}{Alchemy Recipes}{chapter.5}% 146
\BOOKMARK [2][-]{section*.145}{All-Nighter}{section*.144}% 147
\BOOKMARK [2][-]{section*.146}{Antivenom}{section*.144}% 148
\BOOKMARK [2][-]{section*.147}{Assassin Powder}{section*.144}% 149
\BOOKMARK [2][-]{section*.148}{Balefire Potion}{section*.144}% 150
\BOOKMARK [2][-]{section*.149}{Beat-No-More}{section*.144}% 151
\BOOKMARK [2][-]{section*.150}{Bitter Drink}{section*.144}% 152
\BOOKMARK [2][-]{section*.151}{Blood-stopping Goo}{section*.144}% 153
\BOOKMARK [2][-]{section*.152}{Bone-Strengthening Brew}{section*.144}% 154
\BOOKMARK [2][-]{section*.153}{Bounce}{section*.144}% 155
\BOOKMARK [2][-]{section*.154}{Breath of the Phoenix}{section*.144}% 156
\BOOKMARK [2][-]{section*.155}{Bug-bane Oil}{section*.144}% 157
\BOOKMARK [2][-]{section*.156}{Cloudwalk Talisman}{section*.144}% 158
\BOOKMARK [2][-]{section*.157}{Fixer-Upper}{section*.144}% 159
\BOOKMARK [2][-]{section*.158}{Flesh Talisman}{section*.144}% 160
\BOOKMARK [2][-]{section*.159}{Flight Talisman}{section*.144}% 161
\BOOKMARK [2][-]{section*.160}{Greater Healing Potion}{section*.144}% 162
\BOOKMARK [2][-]{section*.161}{Healing Potion}{section*.144}% 163
\BOOKMARK [2][-]{section*.162}{Healing Powder}{section*.144}% 164
\BOOKMARK [2][-]{section*.163}{Infused Bandages}{section*.144}% 165
\BOOKMARK [2][-]{section*.164}{Itching Oil}{section*.144}% 166
\BOOKMARK [2][-]{section*.165}{Killing Joke Remedy}{section*.144}% 167
\BOOKMARK [2][-]{section*.166}{Kiss Of the Phoenix}{section*.144}% 168
\BOOKMARK [2][-]{section*.167}{Major Flame Bane Potion}{section*.144}% 169
\BOOKMARK [2][-]{section*.168}{Major Grounding Potion}{section*.144}% 170
\BOOKMARK [2][-]{section*.169}{Major Warming Potion}{section*.144}% 171
\BOOKMARK [2][-]{section*.170}{Mask Talisman}{section*.144}% 172
\BOOKMARK [2][-]{section*.171}{Mindflay Potion}{section*.144}% 173
\BOOKMARK [2][-]{section*.172}{Minor Flame Bane Potion}{section*.144}% 174
\BOOKMARK [2][-]{section*.173}{Minor Grounding Potion}{section*.144}% 175
\BOOKMARK [2][-]{section*.174}{Minor Restoration Potion}{section*.144}% 176
\BOOKMARK [2][-]{section*.175}{Minor Warming Potion}{section*.144}% 177
\BOOKMARK [2][-]{section*.176}{Plant-bane Oil}{section*.144}% 178
\BOOKMARK [2][-]{section*.177}{Poisonous Oil}{section*.144}% 179
\BOOKMARK [2][-]{section*.178}{Potent Antivenom}{section*.144}% 180
\BOOKMARK [2][-]{section*.179}{Potion of Weathering}{section*.144}% 181
\BOOKMARK [2][-]{section*.180}{Quickhoof Potion}{section*.144}% 182
\BOOKMARK [2][-]{section*.181}{Rad-Gone}{section*.144}% 183
\BOOKMARK [2][-]{section*.182}{Rad-Less}{section*.144}% 184
\BOOKMARK [2][-]{section*.183}{Sleeping Powder}{section*.144}% 185
\BOOKMARK [2][-]{section*.184}{Smoke Bombs}{section*.144}% 186
\BOOKMARK [2][-]{section*.185}{Spirit Renewal Potion}{section*.144}% 187
\BOOKMARK [2][-]{section*.186}{Superior Smoke Bomb}{section*.144}% 188
\BOOKMARK [2][-]{section*.187}{Thinner Oil}{section*.144}% 189
\BOOKMARK [2][-]{section*.188}{Vitality Booster}{section*.144}% 190
\BOOKMARK [2][-]{section*.189}{Wall Crawling Paste}{section*.144}% 191
\BOOKMARK [2][-]{section*.190}{World-Weathering Potion}{section*.144}% 192
\BOOKMARK [1][-]{section*.191}{Spirit Magic}{chapter.5}% 193
\BOOKMARK [2][-]{section*.192}{Incantations [any SPECIAL]}{section*.191}% 194
\BOOKMARK [3][-]{section*.193}{Cleanse\)}{section*.192}% 195
\BOOKMARK [3][-]{section*.194}{Phantom Lantern\)}{section*.192}% 196
\BOOKMARK [3][-]{section*.195}{Soothing Spectre}{section*.192}% 197
\BOOKMARK [3][-]{section*.196}{Spirit Spear\)}{section*.192}% 198
\BOOKMARK [3][-]{section*.197}{Telepathy}{section*.192}% 199
\BOOKMARK [3][-]{section*.198}{Wall of Mist}{section*.192}% 200
\BOOKMARK [1][-]{section*.199}{Windigo's Favor\)}{chapter.5}% 201
\BOOKMARK [2][-]{section*.200}{Spirit of Embers [AGI]}{section*.199}% 202
\BOOKMARK [3][-]{section*.201}{Burning Blood}{section*.200}% 203
\BOOKMARK [3][-]{section*.202}{Burning Passion}{section*.200}% 204
\BOOKMARK [3][-]{section*.203}{Fire Wheel}{section*.200}% 205
\BOOKMARK [3][-]{section*.204}{Fireball}{section*.200}% 206
\BOOKMARK [3][-]{section*.205}{Golden Glow}{section*.200}% 207
\BOOKMARK [3][-]{section*.206}{Ignite}{section*.200}% 208
\BOOKMARK [3][-]{section*.207}{Inner Fire}{section*.200}% 209
\BOOKMARK [3][-]{section*.208}{Phoenix Touch}{section*.200}% 210
\BOOKMARK [2][-]{section*.209}{Spirit of Machines [INT]}{section*.199}% 211
\BOOKMARK [3][-]{section*.210}{Dispel Magic}{section*.209}% 212
\BOOKMARK [3][-]{section*.211}{Engineer's Inspiration}{section*.209}% 213
\BOOKMARK [3][-]{section*.212}{Metal Barrier}{section*.209}% 214
\BOOKMARK [3][-]{section*.213}{Organize}{section*.209}% 215
\BOOKMARK [3][-]{section*.214}{Sabotage}{section*.209}% 216
\BOOKMARK [3][-]{section*.215}{Shrapnel Shot}{section*.209}% 217
\BOOKMARK [3][-]{section*.216}{Target}{section*.209}% 218
\BOOKMARK [3][-]{section*.217}{Trap Defense}{section*.209}% 219
\BOOKMARK [2][-]{section*.218}{Spirit of Nature [END]}{section*.199}% 220
\BOOKMARK [3][-]{section*.219}{Friendly Critter's Help}{section*.218}% 221
\BOOKMARK [3][-]{section*.220}{Healing Surge}{section*.218}% 222
\BOOKMARK [3][-]{section*.221}{Lightning Strike}{section*.218}% 223
\BOOKMARK [3][-]{section*.222}{Natural Protection}{section*.218}% 224
\BOOKMARK [3][-]{section*.223}{Petrify}{section*.218}% 225
\BOOKMARK [3][-]{section*.224}{Pocket Sand}{section*.218}% 226
\BOOKMARK [3][-]{section*.225}{Purification}{section*.218}% 227
\BOOKMARK [3][-]{section*.226}{Venom}{section*.218}% 228
\BOOKMARK [2][-]{section*.227}{Spirit of Serenity [PER]}{section*.199}% 229
\BOOKMARK [3][-]{section*.228}{Astral Copy}{section*.227}% 230
\BOOKMARK [3][-]{section*.229}{Comforting Words}{section*.227}% 231
\BOOKMARK [3][-]{section*.230}{Guiding Light}{section*.227}% 232
\BOOKMARK [3][-]{section*.231}{Magical Fireworks}{section*.227}% 233
\BOOKMARK [3][-]{section*.232}{Night Vision}{section*.227}% 234
\BOOKMARK [3][-]{section*.233}{Prismatic Coat}{section*.227}% 235
\BOOKMARK [3][-]{section*.234}{Prismatic Strike}{section*.227}% 236
\BOOKMARK [3][-]{section*.235}{Razzle Dazzle}{section*.227}% 237
\BOOKMARK [2][-]{section*.236}{Spirit of Shadows [INT]}{section*.199}% 238
\BOOKMARK [3][-]{section*.237}{Bane}{section*.236}% 239
\BOOKMARK [3][-]{section*.238}{Blood Weapons}{section*.236}% 240
\BOOKMARK [3][-]{section*.239}{Devouring Darkness}{section*.236}% 241
\BOOKMARK [3][-]{section*.240}{Doomtouch}{section*.236}% 242
\BOOKMARK [3][-]{section*.241}{Dreadful Charm}{section*.236}% 243
\BOOKMARK [3][-]{section*.242}{Life Surge}{section*.236}% 244
\BOOKMARK [1][-]{section*.243}{Shadowform}{chapter.5}% 245
\BOOKMARK [2][-]{section*.244}{Shadowsight}{section*.243}% 246
\BOOKMARK [2][-]{section*.245}{Spirit of Streams [END]}{section*.243}% 247
\BOOKMARK [3][-]{section*.246}{Ice Pillar}{section*.245}% 248
\BOOKMARK [3][-]{section*.247}{Restoration}{section*.245}% 249
\BOOKMARK [3][-]{section*.248}{Shivers}{section*.245}% 250
\BOOKMARK [3][-]{section*.249}{Steady Walk}{section*.245}% 251
\BOOKMARK [3][-]{section*.250}{Storm Cloud}{section*.245}% 252
\BOOKMARK [3][-]{section*.251}{Water Breathing}{section*.245}% 253
\BOOKMARK [3][-]{section*.252}{Waterjet}{section*.245}% 254
\BOOKMARK [3][-]{section*.253}{Wind Shield}{section*.245}% 255
\BOOKMARK [2][-]{section*.254}{Spirit of Trust [CHA]}{section*.243}% 256
\BOOKMARK [3][-]{section*.255}{Blink}{section*.254}% 257
\BOOKMARK [3][-]{section*.256}{Comforting Words}{section*.254}% 258
\BOOKMARK [3][-]{section*.257}{Eldritch Knives}{section*.254}% 259
\BOOKMARK [3][-]{section*.258}{Enhancement}{section*.254}% 260
\BOOKMARK [3][-]{section*.259}{Power of Friendship}{section*.254}% 261
\BOOKMARK [3][-]{section*.260}{Reminiscence}{section*.254}% 262
\BOOKMARK [3][-]{section*.261}{Shield}{section*.254}% 263
\BOOKMARK [3][-]{section*.262}{Spy Connections}{section*.254}% 264
\BOOKMARK [2][-]{section*.263}{Spirit of Whispers [CHA]}{section*.243}% 265
\BOOKMARK [3][-]{section*.264}{Banshee Wail}{section*.263}% 266
\BOOKMARK [3][-]{section*.265}{Discord}{section*.263}% 267
\BOOKMARK [3][-]{section*.266}{Hypnosis}{section*.263}% 268
\BOOKMARK [3][-]{section*.267}{Invisibility}{section*.263}% 269
\BOOKMARK [3][-]{section*.268}{Phase}{section*.263}% 270
\BOOKMARK [3][-]{section*.269}{Silver Shroud}{section*.263}% 271
\BOOKMARK [3][-]{section*.270}{Terror}{section*.263}% 272
\BOOKMARK [3][-]{section*.271}{Toxic Friend}{section*.263}% 273
