This is pdfTeX, Version 3.14159265-2.6-1.40.19 (MiKTeX 2.9.6630 64-bit) (preloaded format=pdflatex 2018.6.29)  14 MAR 2022 21:11
entering extended mode
**./MUMA_TEX.tex
(MUMA_TEX.tex
LaTeX2e <2017-04-15>
Babel <3.18> and hyphenation patterns for 75 language(s) loaded.
("C:\Users\Roope O\AppData\Local\Programs\MiKTeX 2.9\tex\latex\base\book.cls"
Document Class: book 2014/09/29 v1.4h Standard LaTeX document class
("C:\Users\Roope O\AppData\Local\Programs\MiKTeX 2.9\tex\latex\base\bk11.clo"
File: bk11.clo 2014/09/29 v1.4h Standard LaTeX file (size option)
)
\c@part=\count79
\c@chapter=\count80
\c@section=\count81
\c@subsection=\count82
\c@subsubsection=\count83
\c@paragraph=\count84
\c@subparagraph=\count85
\c@figure=\count86
\c@table=\count87
\abovecaptionskip=\skip41
\belowcaptionskip=\skip42
\bibindent=\dimen102
)
("C:\Users\Roope O\AppData\Local\Programs\MiKTeX 2.9\tex\latex\base\inputenc.st
y"
Package: inputenc 2015/03/17 v1.2c Input encoding file
\inpenc@prehook=\toks14
\inpenc@posthook=\toks15

("C:\Users\Roope O\AppData\Local\Programs\MiKTeX 2.9\tex\latex\base\latin1.def"
File: latin1.def 2015/03/17 v1.2c Input encoding file
))
("C:\Users\Roope O\AppData\Local\Programs\MiKTeX 2.9\tex\latex\amsmath\amsmath.
sty"
Package: amsmath 2017/09/02 v2.17a AMS math features
\@mathmargin=\skip43

For additional information on amsmath, use the `?' option.

("C:\Users\Roope O\AppData\Local\Programs\MiKTeX 2.9\tex\latex\amsmath\amstext.
sty"
Package: amstext 2000/06/29 v2.01 AMS text

("C:\Users\Roope O\AppData\Local\Programs\MiKTeX 2.9\tex\latex\amsmath\amsgen.s
ty"
File: amsgen.sty 1999/11/30 v2.0 generic functions
\@emptytoks=\toks16
\ex@=\dimen103
))
("C:\Users\Roope O\AppData\Local\Programs\MiKTeX 2.9\tex\latex\amsmath\amsbsy.s
ty"
Package: amsbsy 1999/11/29 v1.2d Bold Symbols
\pmbraise@=\dimen104
)
("C:\Users\Roope O\AppData\Local\Programs\MiKTeX 2.9\tex\latex\amsmath\amsopn.s
ty"
Package: amsopn 2016/03/08 v2.02 operator names
)
\inf@bad=\count88
LaTeX Info: Redefining \frac on input line 213.
\uproot@=\count89
\leftroot@=\count90
LaTeX Info: Redefining \overline on input line 375.
\classnum@=\count91
\DOTSCASE@=\count92
LaTeX Info: Redefining \ldots on input line 472.
LaTeX Info: Redefining \dots on input line 475.
LaTeX Info: Redefining \cdots on input line 596.
\Mathstrutbox@=\box26
\strutbox@=\box27
\big@size=\dimen105
LaTeX Font Info:    Redeclaring font encoding OML on input line 712.
LaTeX Font Info:    Redeclaring font encoding OMS on input line 713.
\macc@depth=\count93
\c@MaxMatrixCols=\count94
\dotsspace@=\muskip10
\c@parentequation=\count95
\dspbrk@lvl=\count96
\tag@help=\toks17
\row@=\count97
\column@=\count98
\maxfields@=\count99
\andhelp@=\toks18
\eqnshift@=\dimen106
\alignsep@=\dimen107
\tagshift@=\dimen108
\tagwidth@=\dimen109
\totwidth@=\dimen110
\lineht@=\dimen111
\@envbody=\toks19
\multlinegap=\skip44
\multlinetaggap=\skip45
\mathdisplay@stack=\toks20
LaTeX Info: Redefining \[ on input line 2817.
LaTeX Info: Redefining \] on input line 2818.
)
("C:\Users\Roope O\AppData\Local\Programs\MiKTeX 2.9\tex\latex\amsfonts\amsfont
s.sty"
Package: amsfonts 2013/01/14 v3.01 Basic AMSFonts support
\symAMSa=\mathgroup4
\symAMSb=\mathgroup5
LaTeX Font Info:    Overwriting math alphabet `\mathfrak' in version `bold'
(Font)                  U/euf/m/n --> U/euf/b/n on input line 106.
)
("C:\Users\Roope O\AppData\Local\Programs\MiKTeX 2.9\tex\latex\amsfonts\amssymb
.sty"
Package: amssymb 2013/01/14 v3.01 AMS font symbols
)
("C:\Users\Roope O\AppData\Local\Programs\MiKTeX 2.9\tex\latex\graphics\graphic
x.sty"
Package: graphicx 2017/06/01 v1.1a Enhanced LaTeX Graphics (DPC,SPQR)

("C:\Users\Roope O\AppData\Local\Programs\MiKTeX 2.9\tex\latex\graphics\keyval.
sty"
Package: keyval 2014/10/28 v1.15 key=value parser (DPC)
\KV@toks@=\toks21
)
("C:\Users\Roope O\AppData\Local\Programs\MiKTeX 2.9\tex\latex\graphics\graphic
s.sty"
Package: graphics 2017/06/25 v1.2c Standard LaTeX Graphics (DPC,SPQR)

("C:\Users\Roope O\AppData\Local\Programs\MiKTeX 2.9\tex\latex\graphics\trig.st
y"
Package: trig 2016/01/03 v1.10 sin cos tan (DPC)
)
("C:\Users\Roope O\AppData\Local\Programs\MiKTeX 2.9\tex\latex\graphics-cfg\gra
phics.cfg"
File: graphics.cfg 2016/06/04 v1.11 sample graphics configuration
)
Package graphics Info: Driver file: pdftex.def on input line 99.

("C:\Users\Roope O\AppData\Local\Programs\MiKTeX 2.9\tex\latex\graphics-def\pdf
tex.def"
File: pdftex.def 2018/01/08 v1.0l Graphics/color driver for pdftex
))
\Gin@req@height=\dimen112
\Gin@req@width=\dimen113
)
("C:\Users\Roope O\AppData\Local\Programs\MiKTeX 2.9\tex\latex\xcolor\xcolor.st
y"
Package: xcolor 2016/05/11 v2.12 LaTeX color extensions (UK)

("C:\Users\Roope O\AppData\Local\Programs\MiKTeX 2.9\tex\latex\graphics-cfg\col
or.cfg"
File: color.cfg 2016/01/02 v1.6 sample color configuration
)
Package xcolor Info: Driver file: pdftex.def on input line 225.

("C:\Users\Roope O\AppData\Local\Programs\MiKTeX 2.9\tex\latex\colortbl\colortb
l.sty"
Package: colortbl 2018/05/02 v1.0c Color table columns (DPC)

("C:\Users\Roope O\AppData\Local\Programs\MiKTeX 2.9\tex\latex\tools\array.sty"
Package: array 2016/10/06 v2.4d Tabular extension package (FMi)
\col@sep=\dimen114
\extrarowheight=\dimen115
\NC@list=\toks22
\extratabsurround=\skip46
\backup@length=\skip47
)
\everycr=\toks23
\minrowclearance=\skip48
)
\rownum=\count100
Package xcolor Info: Model `cmy' substituted by `cmy0' on input line 1348.
Package xcolor Info: Model `hsb' substituted by `rgb' on input line 1352.
Package xcolor Info: Model `RGB' extended on input line 1364.
Package xcolor Info: Model `HTML' substituted by `rgb' on input line 1366.
Package xcolor Info: Model `Hsb' substituted by `hsb' on input line 1367.
Package xcolor Info: Model `tHsb' substituted by `hsb' on input line 1368.
Package xcolor Info: Model `HSB' substituted by `hsb' on input line 1369.
Package xcolor Info: Model `Gray' substituted by `gray' on input line 1370.
Package xcolor Info: Model `wave' substituted by `hsb' on input line 1371.
)
("C:\Users\Roope O\AppData\Local\Programs\MiKTeX 2.9\tex\latex\wrapfig\wrapfig.
sty"
\wrapoverhang=\dimen116
\WF@size=\dimen117
\c@WF@wrappedlines=\count101
\WF@box=\box28
\WF@everypar=\toks24
Package: wrapfig 2003/01/31  v 3.6
)
("C:\Users\Roope O\AppData\Local\Programs\MiKTeX 2.9\tex\latex\tools\multicol.s
ty"
Package: multicol 2017/04/11 v1.8q multicolumn formatting (FMi)
\c@tracingmulticols=\count102


Package multicol Warning: May not work with the twocolumn option on input line 
134.

\mult@box=\box29
\multicol@leftmargin=\dimen118
\c@unbalance=\count103
\c@collectmore=\count104
\doublecol@number=\count105
\multicoltolerance=\count106
\multicolpretolerance=\count107
\full@width=\dimen119
\page@free=\dimen120
\premulticols=\dimen121
\postmulticols=\dimen122
\multicolsep=\skip49
\multicolbaselineskip=\skip50
\partial@page=\box30
\last@line=\box31
\maxbalancingoverflow=\dimen123
\mult@rightbox=\box32
\mult@grightbox=\box33
\mult@gfirstbox=\box34
\mult@firstbox=\box35
\@tempa=\box36
\@tempa=\box37
\@tempa=\box38
\@tempa=\box39
\@tempa=\box40
\@tempa=\box41
\@tempa=\box42
\@tempa=\box43
\@tempa=\box44
\@tempa=\box45
\@tempa=\box46
\@tempa=\box47
\@tempa=\box48
\@tempa=\box49
\@tempa=\box50
\@tempa=\box51
\@tempa=\box52
\c@columnbadness=\count108
\c@finalcolumnbadness=\count109
\last@try=\dimen124
\multicolovershoot=\dimen125
\multicolundershoot=\dimen126
\mult@nat@firstbox=\box53
\colbreak@box=\box54
\mc@col@check@num=\count110
)
("C:\Users\Roope O\AppData\Local\Programs\MiKTeX 2.9\tex\latex\multirow\multiro
w.sty"
Package: multirow 2016/11/25 v2.2 Span multiple rows of a table
\multirow@colwidth=\skip51
\multirow@cntb=\count111
\multirow@dima=\skip52
\bigstrutjot=\dimen127
)
("C:\Users\Roope O\AppData\Local\Programs\MiKTeX 2.9\tex\latex\paralist\paralis
t.sty"
Package: paralist 2017/01/22 v2.7 Extended list environments
\pltopsep=\skip53
\plpartopsep=\skip54
\plitemsep=\skip55
\plparsep=\skip56
\pl@lab=\toks25
)
("C:\Users\Roope O\AppData\Local\Programs\MiKTeX 2.9\tex\latex\tools\longtable.
sty"
Package: longtable 2014/10/28 v4.11 Multi-page Table package (DPC)
\LTleft=\skip57
\LTright=\skip58
\LTpre=\skip59
\LTpost=\skip60
\LTchunksize=\count112
\LTcapwidth=\dimen128
\LT@head=\box55
\LT@firsthead=\box56
\LT@foot=\box57
\LT@lastfoot=\box58
\LT@cols=\count113
\LT@rows=\count114
\c@LT@tables=\count115
\c@LT@chunks=\count116
\LT@p@ftn=\toks26
)
("C:\Users\Roope O\AppData\Local\Programs\MiKTeX 2.9\tex\latex\tabu\tabu.sty"
Package: tabu 2011/02/26 v2.8 - flexible LaTeX tabulars (FC)

("C:\Users\Roope O\AppData\Local\Programs\MiKTeX 2.9\tex\latex\ltxmisc\varwidth
.sty"
Package: varwidth 2009/03/30 ver 0.92;  Variable-width minipages
\@vwid@box=\box59
\sift@deathcycles=\count117
\@vwid@loff=\dimen129
\@vwid@roff=\dimen130
)
\c@taburow=\count118
\tabu@nbcols=\count119
\tabu@cnt=\count120
\tabu@Xcol=\count121
\tabu@alloc=\count122
\tabu@nested=\count123
\tabu@target=\dimen131
\tabu@spreadtarget=\dimen132
\tabu@naturalX=\dimen133
\tabucolX=\dimen134
\tabu@Xsum=\dimen135
\extrarowdepth=\dimen136
\abovetabulinesep=\dimen137
\belowtabulinesep=\dimen138
\tabustrutrule=\dimen139
\tabu@thebody=\toks27
\tabu@footnotes=\toks28
\tabu@box=\box60
\tabu@arstrutbox=\box61
\tabu@hleads=\box62
\tabu@vleads=\box63
\tabu@cellskip=\skip61
)
("C:\Users\Roope O\AppData\Local\Programs\MiKTeX 2.9\tex\latex\soul\soul.sty"
Package: soul 2003/11/17 v2.4 letterspacing/underlining (mf)
\SOUL@word=\toks29
\SOUL@lasttoken=\toks30
\SOUL@cmds=\toks31
\SOUL@buffer=\toks32
\SOUL@token=\toks33
\SOUL@spaceskip=\skip62
\SOUL@ttwidth=\dimen140
\SOUL@uldp=\dimen141
\SOUL@ulht=\dimen142
)
("C:\Users\Roope O\AppData\Local\Programs\MiKTeX 2.9\tex\latex\titling\titling.
sty"
Package: titling 2009/09/04 v2.1d maketitle typesetting
\thanksmarkwidth=\skip63
\thanksmargin=\skip64
\droptitle=\skip65
)
("C:\Users\Roope O\AppData\Local\Programs\MiKTeX 2.9\tex\latex\pdfpages\pdfpage
s.sty"
Package: pdfpages 2017/10/31 v0.5l Insert pages of external PDF documents (AM)

("C:\Users\Roope O\AppData\Local\Programs\MiKTeX 2.9\tex\latex\base\ifthen.sty"
Package: ifthen 2014/09/29 v1.1c Standard LaTeX ifthen package (DPC)
) ("C:\Users\Roope O\AppData\Local\Programs\MiKTeX 2.9\tex\latex\tools\calc.sty
"
Package: calc 2014/10/28 v4.3 Infix arithmetic (KKT,FJ)
\calc@Acount=\count124
\calc@Bcount=\count125
\calc@Adimen=\dimen143
\calc@Bdimen=\dimen144
\calc@Askip=\skip66
\calc@Bskip=\skip67
LaTeX Info: Redefining \setlength on input line 80.
LaTeX Info: Redefining \addtolength on input line 81.
\calc@Ccount=\count126
\calc@Cskip=\skip68
)
("C:\Users\Roope O\AppData\Local\Programs\MiKTeX 2.9\tex\latex\eso-pic\eso-pic.
sty"
Package: eso-pic 2018/04/12 v2.0h eso-pic (RN)

("C:\Users\Roope O\AppData\Local\Programs\MiKTeX 2.9\tex\generic\oberdiek\atbeg
shi.sty"
Package: atbegshi 2016/06/09 v1.18 At begin shipout hook (HO)

("C:\Users\Roope O\AppData\Local\Programs\MiKTeX 2.9\tex\generic\oberdiek\infwa
rerr.sty"
Package: infwarerr 2016/05/16 v1.4 Providing info/warning/error messages (HO)
)
("C:\Users\Roope O\AppData\Local\Programs\MiKTeX 2.9\tex\generic\oberdiek\ltxcm
ds.sty"
Package: ltxcmds 2016/05/16 v1.23 LaTeX kernel commands for general use (HO)
)
("C:\Users\Roope O\AppData\Local\Programs\MiKTeX 2.9\tex\generic\oberdiek\ifpdf
.sty"
Package: ifpdf 2017/03/15 v3.2 Provides the ifpdf switch
)))
\AM@pagewidth=\dimen145
\AM@pageheight=\dimen146

("C:\Users\Roope O\AppData\Local\Programs\MiKTeX 2.9\tex\latex\pdfpages\pppdfte
x.def"
File: pppdftex.def 2017/10/31 v0.5l Pdfpages driver for pdfTeX (AM)
)
\AM@pagebox=\box64
\AM@global@opts=\toks34
\AM@toc@title=\toks35
\c@AM@survey=\count127
\AM@templatesizebox=\box65
)
("C:\Users\Roope O\AppData\Local\Programs\MiKTeX 2.9\tex\latex\hyperref\hyperre
f.sty"
Package: hyperref 2018/02/06 v6.86b Hypertext links for LaTeX

("C:\Users\Roope O\AppData\Local\Programs\MiKTeX 2.9\tex\generic\oberdiek\hobsu
b-hyperref.sty"
Package: hobsub-hyperref 2016/05/16 v1.14 Bundle oberdiek, subset hyperref (HO)


("C:\Users\Roope O\AppData\Local\Programs\MiKTeX 2.9\tex\generic\oberdiek\hobsu
b-generic.sty"
Package: hobsub-generic 2016/05/16 v1.14 Bundle oberdiek, subset generic (HO)
Package: hobsub 2016/05/16 v1.14 Construct package bundles (HO)
Package hobsub Info: Skipping package `infwarerr' (already loaded).
Package hobsub Info: Skipping package `ltxcmds' (already loaded).
Package: ifluatex 2016/05/16 v1.4 Provides the ifluatex switch (HO)
Package ifluatex Info: LuaTeX not detected.
Package: ifvtex 2016/05/16 v1.6 Detect VTeX and its facilities (HO)
Package ifvtex Info: VTeX not detected.
Package: intcalc 2016/05/16 v1.2 Expandable calculations with integers (HO)
Package hobsub Info: Skipping package `ifpdf' (already loaded).
Package: etexcmds 2016/05/16 v1.6 Avoid name clashes with e-TeX commands (HO)
Package etexcmds Info: Could not find \expanded.
(etexcmds)             That can mean that you are not using pdfTeX 1.50 or
(etexcmds)             that some package has redefined \expanded.
(etexcmds)             In the latter case, load this package earlier.
Package: kvsetkeys 2016/05/16 v1.17 Key value parser (HO)
Package: kvdefinekeys 2016/05/16 v1.4 Define keys (HO)
Package: pdftexcmds 2018/01/21 v0.26 Utility functions of pdfTeX for LuaTeX (HO
)
Package pdftexcmds Info: LuaTeX not detected.
Package pdftexcmds Info: \pdf@primitive is available.
Package pdftexcmds Info: \pdf@ifprimitive is available.
Package pdftexcmds Info: \pdfdraftmode found.
Package: pdfescape 2016/05/16 v1.14 Implements pdfTeX's escape features (HO)
Package: bigintcalc 2016/05/16 v1.4 Expandable calculations on big integers (HO
)
Package: bitset 2016/05/16 v1.2 Handle bit-vector datatype (HO)
Package: uniquecounter 2016/05/16 v1.3 Provide unlimited unique counter (HO)
)
Package hobsub Info: Skipping package `hobsub' (already loaded).
Package: letltxmacro 2016/05/16 v1.5 Let assignment for LaTeX macros (HO)
Package: hopatch 2016/05/16 v1.3 Wrapper for package hooks (HO)
Package: xcolor-patch 2016/05/16 xcolor patch
Package: atveryend 2016/05/16 v1.9 Hooks at the very end of document (HO)
Package atveryend Info: \enddocument detected (standard20110627).
Package hobsub Info: Skipping package `atbegshi' (already loaded).
Package: refcount 2016/05/16 v3.5 Data extraction from label references (HO)
Package: hycolor 2016/05/16 v1.8 Color options for hyperref/bookmark (HO)
)
("C:\Users\Roope O\AppData\Local\Programs\MiKTeX 2.9\tex\generic\ifxetex\ifxete
x.sty"
Package: ifxetex 2010/09/12 v0.6 Provides ifxetex conditional
)
("C:\Users\Roope O\AppData\Local\Programs\MiKTeX 2.9\tex\latex\oberdiek\auxhook
.sty"
Package: auxhook 2016/05/16 v1.4 Hooks for auxiliary files (HO)
)
("C:\Users\Roope O\AppData\Local\Programs\MiKTeX 2.9\tex\latex\oberdiek\kvoptio
ns.sty"
Package: kvoptions 2016/05/16 v3.12 Key value format for package options (HO)
)
\@linkdim=\dimen147
\Hy@linkcounter=\count128
\Hy@pagecounter=\count129

("C:\Users\Roope O\AppData\Local\Programs\MiKTeX 2.9\tex\latex\hyperref\pd1enc.
def"
File: pd1enc.def 2018/02/06 v6.86b Hyperref: PDFDocEncoding definition (HO)
)
\Hy@SavedSpaceFactor=\count130

("C:\Users\Roope O\AppData\Local\Programs\MiKTeX 2.9\tex\latex\00miktex\hyperre
f.cfg"
File: hyperref.cfg 2002/06/06 v1.2 hyperref configuration of TeXLive
)
Package hyperref Info: Hyper figures OFF on input line 4509.
Package hyperref Info: Link nesting OFF on input line 4514.
Package hyperref Info: Hyper index ON on input line 4517.
Package hyperref Info: Plain pages OFF on input line 4524.
Package hyperref Info: Backreferencing OFF on input line 4529.
Package hyperref Info: Implicit mode ON; LaTeX internals redefined.
Package hyperref Info: Bookmarks ON on input line 4762.
\c@Hy@tempcnt=\count131

("C:\Users\Roope O\AppData\Local\Programs\MiKTeX 2.9\tex\latex\url\url.sty"
\Urlmuskip=\muskip11
Package: url 2013/09/16  ver 3.4  Verb mode for urls, etc.
)
LaTeX Info: Redefining \url on input line 5115.
\XeTeXLinkMargin=\dimen148
\Fld@menulength=\count132
\Field@Width=\dimen149
\Fld@charsize=\dimen150
Package hyperref Info: Hyper figures OFF on input line 6369.
Package hyperref Info: Link nesting OFF on input line 6374.
Package hyperref Info: Hyper index ON on input line 6377.
Package hyperref Info: backreferencing OFF on input line 6384.
Package hyperref Info: Link coloring OFF on input line 6389.
Package hyperref Info: Link coloring with OCG OFF on input line 6394.
Package hyperref Info: PDF/A mode OFF on input line 6399.
LaTeX Info: Redefining \ref on input line 6439.
LaTeX Info: Redefining \pageref on input line 6443.
\Hy@abspage=\count133
\c@Item=\count134
\c@Hfootnote=\count135
)
Package hyperref Info: Driver (autodetected): hpdftex.

("C:\Users\Roope O\AppData\Local\Programs\MiKTeX 2.9\tex\latex\hyperref\hpdftex
.def"
File: hpdftex.def 2018/02/06 v6.86b Hyperref driver for pdfTeX
\Fld@listcount=\count136
\c@bookmark@seq@number=\count137

("C:\Users\Roope O\AppData\Local\Programs\MiKTeX 2.9\tex\latex\oberdiek\rerunfi
lecheck.sty"
Package: rerunfilecheck 2016/05/16 v1.8 Rerun checks for auxiliary files (HO)
Package uniquecounter Info: New unique counter `rerunfilecheck' on input line 2
82.
)
\Hy@SectionHShift=\skip69
)
Package hyperref Info: Option `colorlinks' set `true' on input line 28.


Package hyperref Warning: Option `bookmarks' has already been used,
(hyperref)                setting the option has no effect on input line 28.

("C:\Users\Roope O\Documents\RPG RULES\Homebrew\WV\BUILD\MUMA_TEX.aux")
\openout1 = `MUMA_TEX.aux'.

LaTeX Font Info:    Checking defaults for OML/cmm/m/it on input line 33.
LaTeX Font Info:    ... okay on input line 33.
LaTeX Font Info:    Checking defaults for T1/cmr/m/n on input line 33.
LaTeX Font Info:    ... okay on input line 33.
LaTeX Font Info:    Checking defaults for OT1/cmr/m/n on input line 33.
LaTeX Font Info:    ... okay on input line 33.
LaTeX Font Info:    Checking defaults for OMS/cmsy/m/n on input line 33.
LaTeX Font Info:    ... okay on input line 33.
LaTeX Font Info:    Checking defaults for OMX/cmex/m/n on input line 33.
LaTeX Font Info:    ... okay on input line 33.
LaTeX Font Info:    Checking defaults for U/cmr/m/n on input line 33.
LaTeX Font Info:    ... okay on input line 33.
LaTeX Font Info:    Checking defaults for PD1/pdf/m/n on input line 33.
LaTeX Font Info:    ... okay on input line 33.

("C:\Users\Roope O\AppData\Local\Programs\MiKTeX 2.9\tex\context\base\supp-pdf.
mkii"
[Loading MPS to PDF converter (version 2006.09.02).]
\scratchcounter=\count138
\scratchdimen=\dimen151
\scratchbox=\box66
\nofMPsegments=\count139
\nofMParguments=\count140
\everyMPshowfont=\toks36
\MPscratchCnt=\count141
\MPscratchDim=\dimen152
\MPnumerator=\count142
\makeMPintoPDFobject=\count143
\everyMPtoPDFconversion=\toks37
)
("C:\Users\Roope O\AppData\Local\Programs\MiKTeX 2.9\tex\latex\oberdiek\epstopd
f-base.sty"
Package: epstopdf-base 2016/05/15 v2.6 Base part for package epstopdf

("C:\Users\Roope O\AppData\Local\Programs\MiKTeX 2.9\tex\latex\oberdiek\grfext.
sty"
Package: grfext 2016/05/16 v1.2 Manage graphics extensions (HO)
)
Package epstopdf-base Info: Redefining graphics rule for `.eps' on input line 4
38.
Package grfext Info: Graphics extension search list:
(grfext)             [.pdf,.png,.jpg,.mps,.jpeg,.jbig2,.jb2,.PDF,.PNG,.JPG,.JPE
G,.JBIG2,.JB2,.eps]
(grfext)             \AppendGraphicsExtensions on input line 456.
)
\AtBeginShipoutBox=\box67

("C:\Users\Roope O\AppData\Local\Programs\MiKTeX 2.9\tex\latex\oberdiek\pdflsca
pe.sty"
Package: pdflscape 2016/05/14 v0.11 Display of landscape pages in PDF (HO)

("C:\Users\Roope O\AppData\Local\Programs\MiKTeX 2.9\tex\latex\graphics\lscape.
sty"
Package: lscape 2000/10/22 v3.01 Landscape Pages (DPC)
)
Package pdflscape Info: Auto-detected driver: pdftex on input line 81.
)
Package hyperref Info: Link coloring ON on input line 33.

("C:\Users\Roope O\AppData\Local\Programs\MiKTeX 2.9\tex\latex\hyperref\nameref
.sty"
Package: nameref 2016/05/21 v2.44 Cross-referencing by name of section

("C:\Users\Roope O\AppData\Local\Programs\MiKTeX 2.9\tex\generic\oberdiek\getti
tlestring.sty"
Package: gettitlestring 2016/05/16 v1.5 Cleanup title references (HO)
)
\c@section@level=\count144
)
LaTeX Info: Redefining \ref on input line 33.
LaTeX Info: Redefining \pageref on input line 33.
LaTeX Info: Redefining \nameref on input line 33.

("C:\Users\Roope O\Documents\RPG RULES\Homebrew\WV\BUILD\MUMA_TEX.out")
("C:\Users\Roope O\Documents\RPG RULES\Homebrew\WV\BUILD\MUMA_TEX.out")
\@outlinefile=\write3
\openout3 = `MUMA_TEX.out'.

<WORD/COVER-MUMA.pdf, id=379, 597.23125pt x 845.1575pt>
File: WORD/COVER-MUMA.pdf Graphic file (type pdf)
<use WORD/COVER-MUMA.pdf>
Package pdftex.def Info: WORD/COVER-MUMA.pdf  used on input line 35.
(pdftex.def)             Requested size: 597.22978pt x 845.15544pt.
File: WORD/COVER-MUMA.pdf Graphic file (type pdf)
<use WORD/COVER-MUMA.pdf>
Package pdftex.def Info: WORD/COVER-MUMA.pdf  used on input line 35.
(pdftex.def)             Requested size: 597.22978pt x 845.15544pt.
<WORD/COVER-MUMA.pdf, id=382, page=1, 597.23125pt x 845.1575pt>
File: WORD/COVER-MUMA.pdf Graphic file (type pdf)
<use WORD/COVER-MUMA.pdf, page 1>
Package pdftex.def Info: WORD/COVER-MUMA.pdf , page1 used on input line 35.
(pdftex.def)             Requested size: 597.22978pt x 845.15544pt.
File: WORD/COVER-MUMA.pdf Graphic file (type pdf)
<use WORD/COVER-MUMA.pdf, page 1>
Package pdftex.def Info: WORD/COVER-MUMA.pdf , page1 used on input line 35.
(pdftex.def)             Requested size: 597.25711pt x 845.19412pt.
File: WORD/COVER-MUMA.pdf Graphic file (type pdf)
<use WORD/COVER-MUMA.pdf, page 1>
Package pdftex.def Info: WORD/COVER-MUMA.pdf , page1 used on input line 35.
(pdftex.def)             Requested size: 597.25711pt x 845.19412pt.
File: WORD/COVER-MUMA.pdf Graphic file (type pdf)
<use WORD/COVER-MUMA.pdf, page 1>
Package pdftex.def Info: WORD/COVER-MUMA.pdf , page1 used on input line 35.
(pdftex.def)             Requested size: 597.25711pt x 845.19412pt.

! Undefined control sequence.
\@outputdblcol ...}}\@combinedblfloats \@setmarks 
                                                  \@outputpage \begingroup \...
l.35 	\includepdf[pages={1}]{WORD/COVER-MUMA.pdf}
                                                 	
The control sequence at the end of the top line
of your error message was never \def'ed. If you have
misspelled it (e.g., `\hobx'), type `I' and the correct
spelling (e.g., `I\hbox'). Otherwise just continue,
and I'll forget about whatever was undefined.

File: WORD/COVER-MUMA.pdf Graphic file (type pdf)
<use WORD/COVER-MUMA.pdf, page 1>
Package pdftex.def Info: WORD/COVER-MUMA.pdf , page1 used on input line 35.
(pdftex.def)             Requested size: 597.25711pt x 845.19412pt.
[1

 <./WORD/COVER-MUMA.pdf>]
<ART/ISA_Logo.jpg, id=403, 77.53969pt x 74.52844pt>
File: ART/ISA_Logo.jpg Graphic file (type jpg)
<use ART/ISA_Logo.jpg>
Package pdftex.def Info: ART/ISA_Logo.jpg  used on input line 65.
(pdftex.def)             Requested size: 85.35826pt x 82.04292pt.
pdfTeX warning (ext4): destination with the same identifier (name{page.1}) has 
been already used, duplicate ignored
<to be read again> 
                   \relax 
l.69 	\twocolumn
                 [1{C:/Users/Roope O/AppData/Local/MiKTeX/2.9/pdftex/config/pdf
tex.map}

 <./ART/ISA_Logo.jpg>] [2



]
("C:\Users\Roope O\Documents\RPG RULES\Homebrew\WV\BUILD\MUMA_TEX.toc"
LaTeX Font Info:    Try loading font information for U+msa on input line 3.

("C:\Users\Roope O\AppData\Local\Programs\MiKTeX 2.9\tex\latex\amsfonts\umsa.fd
"
File: umsa.fd 2013/01/14 v3.01 AMS symbols A
)
LaTeX Font Info:    Try loading font information for U+msb on input line 3.

("C:\Users\Roope O\AppData\Local\Programs\MiKTeX 2.9\tex\latex\amsfonts\umsb.fd
"
File: umsb.fd 2013/01/14 v3.01 AMS symbols B
) [3] [4])
\tf@toc=\write4
\openout4 = `MUMA_TEX.toc'.

 [5] [6


]
Chapter 1.
[7

] [8


]
Chapter 2.

Underfull \hbox (badness 3179) in paragraph at lines 96--97
\OT1/cmr/m/it/10.95 friends and at-tack the clos-est
 []


Underfull \hbox (badness 2351) in paragraph at lines 100--101
[]\OT1/cmr/m/n/10.95 What com-monly dif-fer-en-ti-
 []

[9]
Underfull \hbox (badness 4981) in paragraph at lines 105--106
[]\OT1/cmr/m/n/10.95 Non-Mutated crea-tures are
 []

[10] [11

] [12


]
Chapter 3.
[13]
LaTeX Font Info:    Try loading font information for OMS+cmr on input line 199.


("C:\Users\Roope O\AppData\Local\Programs\MiKTeX 2.9\tex\latex\base\omscmr.fd"
File: omscmr.fd 2014/09/29 v2.5h Standard LaTeX font definitions
)
LaTeX Font Info:    Font shape `OMS/cmr/m/n' in size <10.95> not available
(Font)              Font shape `OMS/cmsy/m/n' tried instead on input line 199.
<"ART/Enemies/Alicorn Blue".jpg, id=561, 337.26pt x 337.26pt>
File: "ART/Enemies/Alicorn Blue".jpg Graphic file (type jpg)
<use "ART/Enemies/Alicorn Blue".jpg>
Package pdftex.def Info: "ART/Enemies/Alicorn Blue".jpg  used on input line 208
.
(pdftex.def)             Requested size: 316.39862pt x 316.40689pt.
[14 <./ART/Enemies/Alicorn Blue.jpg>] [15] [16] [17] [18

]
<"ART/Enemies/Bale phoenix".jpg, id=591, 264.99pt x 264.99pt>
File: "ART/Enemies/Bale phoenix".jpg Graphic file (type jpg)
<use "ART/Enemies/Bale phoenix".jpg>
Package pdftex.def Info: "ART/Enemies/Bale phoenix".jpg  used on input line 408
.
(pdftex.def)             Requested size: 226.0pt x 226.00272pt.
 [19 <./ART/Enemies/Bale phoenix.jpg>]
<"ART/Enemies/Bloodwing".jpg, id=598, 274.626pt x 274.626pt>
File: "ART/Enemies/Bloodwing".jpg Graphic file (type jpg)
<use "ART/Enemies/Bloodwing".jpg>
Package pdftex.def Info: "ART/Enemies/Bloodwing".jpg  used on input line 483.
(pdftex.def)             Requested size: 271.20276pt x 271.20172pt.
 [20

]
Underfull \hbox (badness 1231) in paragraph at lines 488--490
\OT1/cmr/m/n/10.95 i-cal com-po-nent to it that keeps
 []

[21 <./ART/Enemies/Bloodwing.jpg>] [22

] [23] [24] [25] [26]
LaTeX Font Info:    Font shape `OMS/cmr/bx/n' in size <10.95> not available
(Font)              Font shape `OMS/cmsy/b/n' tried instead on input line 746.
 [27

]
<"ART/Enemies/Brahmin2".jpg, id=644, 216.81pt x 216.81pt>
File: "ART/Enemies/Brahmin2".jpg Graphic file (type jpg)
<use "ART/Enemies/Brahmin2".jpg>
Package pdftex.def Info: "ART/Enemies/Brahmin2".jpg  used on input line 765.
(pdftex.def)             Requested size: 203.39862pt x 203.40773pt.
 [28 <./ART/Enemies/Brahmin2.jpg>] [29

] [30]
Overfull \hbox (2.7391pt too wide) in paragraph at lines 894--894
 []\OT1/cmr/m/n/10.95 Diplomacy| 
 []

[31

]
<"ART/Enemies/Changeling".jpg, id=668, 409.53pt x 409.53pt>
File: "ART/Enemies/Changeling".jpg Graphic file (type jpg)
<use "ART/Enemies/Changeling".jpg>
Package pdftex.def Info: "ART/Enemies/Changeling".jpg  used on input line 933.
(pdftex.def)             Requested size: 361.60138pt x 361.62479pt.
 [32 <./ART/Enemies/Changeling.jpg>] [33

]
<"ART/Enemies/Changeling Queen".jpg, id=679, 264.99pt x 264.99pt>
File: "ART/Enemies/Changeling Queen".jpg Graphic file (type jpg)
<use "ART/Enemies/Changeling Queen".jpg>
Package pdftex.def Info: "ART/Enemies/Changeling Queen".jpg  used on input line
 1008.
(pdftex.def)             Requested size: 248.60138pt x 248.60542pt.
 [34 <./ART/Enemies/Changeling Queen.jpg>] [35]
<"ART/Enemies/Chimera".jpg, id=690, 264.99pt x 264.99pt>
File: "ART/Enemies/Chimera".jpg Graphic file (type jpg)
<use "ART/Enemies/Chimera".jpg>
Package pdftex.def Info: "ART/Enemies/Chimera".jpg  used on input line 1083.
(pdftex.def)             Requested size: 248.60138pt x 248.60542pt.
 [36

]
Underfull \hbox (badness 2460) in paragraph at lines 1090--1091
[]\OT1/cmr/m/n/10.95 Thankfully an-tivenom, if de-liv-ered
 []

[37 <./ART/Enemies/Chimera.jpg>] [38

]
<ART/Enemies/Cockatrice.jpg, id=709, 337.26pt x 337.26pt>
File: ART/Enemies/Cockatrice.jpg Graphic file (type jpg)
<use ART/Enemies/Cockatrice.jpg>
Package pdftex.def Info: ART/Enemies/Cockatrice.jpg  used on input line 1171.
(pdftex.def)             Requested size: 316.39862pt x 316.40689pt.
 [39 <./ART/Enemies/Cockatrice.jpg>]
[40

] [41] [42

] [43] [44] [45

] [46] [47

] [48] [49

] [50] [51]
Overfull \hbox (4.74231pt too wide) in paragraph at lines 1647--1647
 []\OT1/cmr/m/n/10.95 Unarmed| 
 []

[52

]
Overfull \hbox (4.74231pt too wide) in paragraph at lines 1705--1705
 []\OT1/cmr/m/n/10.95 Unarmed| 
 []

[53]
Overfull \hbox (4.74231pt too wide) in paragraph at lines 1779--1779
 []\OT1/cmr/m/n/10.95 Unarmed| 
 []

[54]
<ART/Enemies/ghoul.jpg, id=799, 245.718pt x 245.718pt>
File: ART/Enemies/ghoul.jpg Graphic file (type jpg)
<use ART/Enemies/ghoul.jpg>
Package pdftex.def Info: ART/Enemies/ghoul.jpg  used on input line 1813.
(pdftex.def)             Requested size: 226.0pt x 226.0108pt.
 [55] [56 <./ART/Enemies/ghoul.jpg>] [57

] [58]
<"ART/Enemies/Fire ant".jpg, id=821, 383.031pt x 383.031pt>
File: "ART/Enemies/Fire ant".jpg Graphic file (type jpg)
<use "ART/Enemies/Fire ant".jpg>
Package pdftex.def Info: "ART/Enemies/Fire ant".jpg  used on input line 1961.
(pdftex.def)             Requested size: 361.60138pt x 361.62721pt.
 [59] [60 <./ART/Enemies/Fire ant.jpg>] [61

]
<"ART/Enemies/firebush".jpg, id=839, 337.26pt x 337.26pt>
File: "ART/Enemies/firebush".jpg Graphic file (type jpg)
<use "ART/Enemies/firebush".jpg>
Package pdftex.def Info: "ART/Enemies/firebush".jpg  used on input line 2030.
(pdftex.def)             Requested size: 316.39862pt x 316.40689pt.
 [62 <./ART/Enemies/firebush.jpg>] [63

] [64] [65

] [66] [67

]
[68] [69] [70] [71

] [72] [73

] [74]
<"ART/Enemies/Giant ant".jpg, id=916, 409.53pt x 409.53pt>
File: "ART/Enemies/Giant ant".jpg Graphic file (type jpg)
<use "ART/Enemies/Giant ant".jpg>
Package pdftex.def Info: "ART/Enemies/Giant ant".jpg  used on input line 2541.
(pdftex.def)             Requested size: 361.60138pt x 361.62479pt.
 [75] [76 <./ART/Enemies/Giant ant.jpg>]
Overfull \hbox (0.9515pt too wide) in paragraph at lines 2578--2578
 []\OT1/cmr/m/n/10.95 Intimidation| 
 []

[77

]
<"ART/Enemies/Hellhound".jpg, id=931, 317.988pt x 317.988pt>
File: "ART/Enemies/Hellhound".jpg Graphic file (type jpg)
<use "ART/Enemies/Hellhound".jpg>
Package pdftex.def Info: "ART/Enemies/Hellhound".jpg  used on input line 2620.
(pdftex.def)             Requested size: 293.79724pt x 293.81404pt.
 [78 <./ART/Enemies/Hellhound.jpg>] [79

]
<"ART/Enemies/horror".jpg, id=944, 310.761pt x 310.761pt>
File: "ART/Enemies/horror".jpg Graphic file (type jpg)
<use "ART/Enemies/horror".jpg>
Package pdftex.def Info: "ART/Enemies/horror".jpg  used on input line 2692.
(pdftex.def)             Requested size: 293.79724pt x 293.80347pt.
 [80 <./ART/Enemies/horror.jpg>]
[81

] [82] [83

] [84]
<"ART/Enemies/jackalope".jpg, id=974, 390.258pt x 390.258pt>
File: "ART/Enemies/jackalope".jpg Graphic file (type jpg)
<use "ART/Enemies/jackalope".jpg>
Package pdftex.def Info: "ART/Enemies/jackalope".jpg  used on input line 2907.
(pdftex.def)             Requested size: 361.60138pt x 361.6023pt.
 [85] [86 <./ART/Enemies/jackalope.jpg>] [87

] [88] [89

]
[90] [91

] [92] [93

] [94] [95

]
<"ART/Enemies/molerat".jpg, id=1035, 337.26pt x 337.26pt>
File: "ART/Enemies/molerat".jpg Graphic file (type jpg)
<use "ART/Enemies/molerat".jpg>
Package pdftex.def Info: "ART/Enemies/molerat".jpg  used on input line 3264.
(pdftex.def)             Requested size: 316.39862pt x 316.40689pt.
 [96 <./ART/Enemies/molerat.jpg>] [97

]
<"ART/Enemies/Moss Shambler".jpg, id=1047, 337.26pt x 337.26pt>
File: "ART/Enemies/Moss Shambler".jpg Graphic file (type jpg)
<use "ART/Enemies/Moss Shambler".jpg>
Package pdftex.def Info: "ART/Enemies/Moss Shambler".jpg  used on input line 33
32.
(pdftex.def)             Requested size: 316.39862pt x 316.40689pt.
 [98 <./ART/Enemies/Moss Shambler.jpg>] [99

] [100] [101

]
<"ART/Enemies/myling drone".jpg, id=1069, 383.031pt x 383.031pt>
File: "ART/Enemies/myling drone".jpg Graphic file (type jpg)
<use "ART/Enemies/myling drone".jpg>
Package pdftex.def Info: "ART/Enemies/myling drone".jpg  used on input line 347
3.
(pdftex.def)             Requested size: 361.60138pt x 361.62721pt.
 [102 <./ART/Enemies/myling drone.jpg>] [103

]
<"ART/Enemies/myling queen".jpg, id=1081, 252.945pt x 202.356pt>
File: "ART/Enemies/myling queen".jpg Graphic file (type jpg)
<use "ART/Enemies/myling queen".jpg>
Package pdftex.def Info: "ART/Enemies/myling queen".jpg  used on input line 354
2.
(pdftex.def)             Requested size: 226.0pt x 180.80334pt.
 [104 <./ART/Enemies/myling queen.jpg>] [105

] [106] [107

] [108]
[109

]
<"ART/Enemies/Radbun".jpg, id=1117, 332.442pt x 332.442pt>
File: "ART/Enemies/Radbun".jpg Graphic file (type jpg)
<use "ART/Enemies/Radbun".jpg>
Package pdftex.def Info: "ART/Enemies/Radbun".jpg  used on input line 3765.
(pdftex.def)             Requested size: 316.39862pt x 316.40144pt.
 [110 <./ART/Enemies/Radbun.jpg>] [111

] [112] [113

] [114] [115

] [116]
[117

] [118] [119

] [120] [121

] [122] [123

] [124] [125

] [126] [127

]
<ART/Enemies/raiders.jpg, id=1219, 289.08pt x 289.08pt>
File: ART/Enemies/raiders.jpg Graphic file (type jpg)
<use ART/Enemies/raiders.jpg>
Package pdftex.def Info: ART/Enemies/raiders.jpg  used on input line 4388.
(pdftex.def)             Requested size: 271.20276pt x 271.21472pt.

Underfull \hbox (badness 4144) in paragraph at lines 4391--4392
\OT1/cmr/m/n/10.95 match groups that wan-der the
 []

[128 <./ART/Enemies/raiders.jpg>]
Underfull \hbox (badness 10000) in paragraph at lines 4431--4438
[][]
 []

[129

]
<"ART/Enemies/robobrain".jpg, id=1231, 383.031pt x 383.031pt>
File: "ART/Enemies/robobrain".jpg Graphic file (type jpg)
<use "ART/Enemies/robobrain".jpg>
Package pdftex.def Info: "ART/Enemies/robobrain".jpg  used on input line 4474.
(pdftex.def)             Requested size: 361.60138pt x 361.62721pt.
 [130 <./ART/Enemies/robobrain.jpg>] [131

] [132] [133

]
<"ART/Enemies/Shade".jpg, id=1254, 337.26pt x 337.26pt>
File: "ART/Enemies/Shade".jpg Graphic file (type jpg)
<use "ART/Enemies/Shade".jpg>
Package pdftex.def Info: "ART/Enemies/Shade".jpg  used on input line 4612.
(pdftex.def)             Requested size: 316.39862pt x 316.40689pt.
 [134 <./ART/Enemies/Shade.jpg>] [135

]
<"ART/Enemies/slavers".jpg, id=1267, 409.53pt x 409.53pt>
File: "ART/Enemies/slavers".jpg Graphic file (type jpg)
<use "ART/Enemies/slavers".jpg>
Package pdftex.def Info: "ART/Enemies/slavers".jpg  used on input line 4685.
(pdftex.def)             Requested size: 361.60138pt x 361.62479pt.
 [136 <./ART/Enemies/slavers.jpg>] [137

] [138] [139] [140

]
[141] [142] [143

] [144] [145

] [146] [147

] [148] [149

]
<"ART/Enemies/spritebot".jpg, id=1347, 337.26pt x 337.26pt>
File: "ART/Enemies/spritebot".jpg Graphic file (type jpg)
<use "ART/Enemies/spritebot".jpg>
Package pdftex.def Info: "ART/Enemies/spritebot".jpg  used on input line 5241.
(pdftex.def)             Requested size: 271.20276pt x 271.20811pt.
 [150 <./ART/Enemies/spritebot.jpg>]
Overfull \hbox (0.9515pt too wide) in paragraph at lines 5278--5278
 []\OT1/cmr/m/n/10.95 Intimidation| 
 []

[151

] [152] [153

] [154] [155

] [156] [157

] [158] [159

] [160] [161

] [162]
<"ART/Enemies/triggerbloom".jpg, id=1424, 383.031pt x 423.2613pt>
File: "ART/Enemies/triggerbloom".jpg Graphic file (type jpg)
<use "ART/Enemies/triggerbloom".jpg>
Package pdftex.def Info: "ART/Enemies/triggerbloom".jpg  used on input line 572
0.
(pdftex.def)             Requested size: 361.60138pt x 399.60944pt.

[163] [164 <./ART/Enemies/triggerbloom.jpg>] [165

] [166] [167

] [168] [169

]
[170] [171

]
<ART/Enemies/weedling.jpg, id=1473, 264.99pt x 264.99pt>
File: ART/Enemies/weedling.jpg Graphic file (type jpg)
<use ART/Enemies/weedling.jpg>
Package pdftex.def Info: ART/Enemies/weedling.jpg  used on input line 5990.
(pdftex.def)             Requested size: 226.0pt x 226.00272pt.
 [172 <./ART/Enemies/weedling.jpg>] [173

] [174] [175

] [176] [177

]
[178] [179] [180

] [181] [182


]
Overfull \hbox (3.24408pt too wide) in paragraph at lines 6348--6360
[] 
 []

Package atveryend Info: Empty hook `BeforeClearDocument' on input line 6363.
[183]
Package atveryend Info: Empty hook `AfterLastShipout' on input line 6363.
 ("C:\Users\Roope O\Documents\RPG RULES\Homebrew\WV\BUILD\MUMA_TEX.aux")
Package atveryend Info: Executing hook `AtVeryEndDocument' on input line 6363.
Package atveryend Info: Executing hook `AtEndAfterFileList' on input line 6363.

Package rerunfilecheck Info: File `MUMA_TEX.out' has not changed.
(rerunfilecheck)             Checksum: 671309C68BF1E421232439B578FD31C6;5573.
Package atveryend Info: Empty hook `AtVeryVeryEnd' on input line 6363.
 ) 
Here is how much of TeX's memory you used:
 9407 strings out of 493305
 137695 string characters out of 3128930
 236117 words of memory out of 3000000
 12258 multiletter control sequences out of 15000+200000
 12644 words of font info for 46 fonts, out of 3000000 for 9000
 1141 hyphenation exceptions out of 8191
 41i,18n,43p,723b,458s stack positions out of 5000i,500n,10000p,200000b,50000s
<C:/Users/Roope O/AppData/Local/Programs/MiKTeX 2.9/fonts/type1/public/amsfon
ts/cm/cmbsy10.pfb><C:/Users/Roope O/AppData/Local/Programs/MiKTeX 2.9/fonts/typ
e1/public/amsfonts/cm/cmbx10.pfb><C:/Users/Roope O/AppData/Local/Programs/MiKTe
X 2.9/fonts/type1/public/amsfonts/cm/cmbx12.pfb><C:/Users/Roope O/AppData/Local
/Programs/MiKTeX 2.9/fonts/type1/public/amsfonts/cm/cmbxti10.pfb><C:/Users/Roop
e O/AppData/Local/Programs/MiKTeX 2.9/fonts/type1/public/amsfonts/cm/cmmi10.pfb
><C:/Users/Roope O/AppData/Local/Programs/MiKTeX 2.9/fonts/type1/public/amsfont
s/cm/cmr10.pfb><C:/Users/Roope O/AppData/Local/Programs/MiKTeX 2.9/fonts/type1/
public/amsfonts/cm/cmsl10.pfb><C:/Users/Roope O/AppData/Local/Programs/MiKTeX 2
.9/fonts/type1/public/amsfonts/cm/cmsy10.pfb><C:/Users/Roope O/AppData/Local/Pr
ograms/MiKTeX 2.9/fonts/type1/public/amsfonts/cm/cmti10.pfb>
Output written on MUMA_TEX.pdf (184 pages, 11433849 bytes).
PDF statistics:
 1684 PDF objects out of 1728 (max. 8388607)
 523 named destinations out of 1000 (max. 500000)
 913 words of extra memory for PDF output out of 10000 (max. 10000000)

