\BOOKMARK [0][-]{chapter.1}{\376\377\000I\000n\000t\000r\000o\000d\000u\000c\000t\000i\000o\000n}{}% 1
\BOOKMARK [0][-]{chapter.2}{\376\377\000R\000u\000l\000e\000s}{}% 2
\BOOKMARK [1][-]{section.2.1}{\376\377\000G\000a\000t\000h\000e\000r\000i\000n\000g\000\040\000I\000n\000f\000o\000r\000m\000a\000t\000i\000o\000n}{chapter.2}% 3
\BOOKMARK [0][-]{chapter.3}{\376\377\000C\000r\000i\000t\000t\000e\000r\000s\000\040\000\046\000\040\000M\000u\000t\000a\000n\000t\000s}{}% 4
\BOOKMARK [1][-]{section*.5}{\376\377\000A\000l\000i\000c\000o\000r\000n\000s}{chapter.3}% 5
\BOOKMARK [2][-]{section*.6}{\376\377\000B\000l\000u\000e\000\040\000A\000l\000i\000c\000o\000r\000n}{section*.5}% 6
\BOOKMARK [2][-]{section*.6}{\376\377\000B\000l\000u\000e\000\040\000A\000l\000i\000c\000o\000r\000n}{section*.5}% 7
\BOOKMARK [2][-]{section*.9}{\376\377\000G\000r\000e\000e\000n\000\040\000A\000l\000i\000c\000o\000r\000n}{section*.5}% 8
\BOOKMARK [2][-]{section*.11}{\376\377\000P\000u\000r\000p\000l\000e\000\040\000A\000l\000i\000c\000o\000r\000n}{section*.5}% 9
\BOOKMARK [1][-]{section*.15}{\376\377\000B\000a\000l\000e\000f\000i\000r\000e\000\040\000P\000h\000o\000e\000n\000i\000x}{chapter.3}% 10
\BOOKMARK [1][-]{section*.19}{\376\377\000B\000l\000o\000o\000d\000w\000i\000n\000g}{chapter.3}% 11
\BOOKMARK [1][-]{section*.23}{\376\377\000B\000l\000o\000a\000t\000s\000p\000r\000i\000t\000e}{chapter.3}% 12
\BOOKMARK [2][-]{section*.26}{\376\377\000F\000i\000l\000l\000y\000d\000e\000l\000p\000h\000i\000a\000\040\000B\000l\000o\000a\000t\000s\000p\000r\000i\000t\000e}{section*.23}% 13
\BOOKMARK [2][-]{section*.29}{\376\377\000N\000e\000c\000r\000o\000s\000p\000r\000i\000t\000e}{section*.23}% 14
\BOOKMARK [1][-]{section*.33}{\376\377\000B\000r\000a\000h\000m\000i\000n}{chapter.3}% 15
\BOOKMARK [1][-]{section*.37}{\376\377\000B\000u\000g\000b\000e\000a\000r}{chapter.3}% 16
\BOOKMARK [1][-]{section*.41}{\376\377\000C\000h\000a\000n\000g\000e\000l\000i\000n\000g}{chapter.3}% 17
\BOOKMARK [2][-]{section*.44}{\376\377\000C\000h\000a\000n\000g\000e\000l\000i\000n\000g\000\040\000Q\000u\000e\000e\000n}{section*.41}% 18
\BOOKMARK [1][-]{section*.48}{\376\377\000C\000h\000i\000m\000e\000r\000a}{chapter.3}% 19
\BOOKMARK [1][-]{section*.52}{\376\377\000C\000o\000c\000k\000a\000t\000r\000i\000c\000e}{chapter.3}% 20
\BOOKMARK [1][-]{section*.56}{\376\377\000D\000r\000a\000g\000o\000n}{chapter.3}% 21
\BOOKMARK [2][-]{section*.59}{\376\377\000B\000a\000l\000e\000f\000i\000r\000e\000\040\000D\000r\000a\000g\000o\000n}{section*.56}% 22
\BOOKMARK [1][-]{section*.63}{\376\377\000E\000n\000c\000l\000a\000v\000e}{chapter.3}% 23
\BOOKMARK [1][-]{section*.67}{\376\377\000E\000q\000u\000i\000t\000r\000o\000n}{chapter.3}% 24
\BOOKMARK [1][-]{section*.71}{\376\377\000F\000e\000r\000a\000l\000\040\000D\000o\000g}{chapter.3}% 25
\BOOKMARK [2][-]{section*.74}{\376\377\000F\000e\000r\000a\000l\000\040\000M\000o\000n\000g\000r\000e\000l}{section*.71}% 26
\BOOKMARK [1][-]{section*.78}{\376\377\000F\000e\000r\000a\000l\000\040\000G\000h\000o\000u\000l}{chapter.3}% 27
\BOOKMARK [2][-]{section*.81}{\376\377\000G\000l\000o\000w\000i\000n\000g\000\040\000O\000n\000e}{section*.78}% 28
\BOOKMARK [2][-]{section*.84}{\376\377\000C\000a\000n\000t\000e\000r\000l\000o\000t\000\040\000G\000h\000o\000u\000l}{section*.78}% 29
\BOOKMARK [1][-]{section*.88}{\376\377\000F\000i\000r\000e\000\040\000A\000n\000t}{chapter.3}% 30
\BOOKMARK [2][-]{section*.91}{\376\377\000F\000i\000r\000e\000\040\000A\000n\000t\000\040\000Q\000u\000e\000e\000n}{section*.88}% 31
\BOOKMARK [1][-]{section*.95}{\376\377\000F\000i\000r\000e\000b\000u\000s\000h}{chapter.3}% 32
\BOOKMARK [1][-]{section*.99}{\376\377\000F\000l\000a\000s\000h\000\040\000B\000e\000e}{chapter.3}% 33
\BOOKMARK [1][-]{section*.103}{\376\377\000F\000l\000o\000a\000t\000e\000r}{chapter.3}% 34
\BOOKMARK [1][-]{section*.107}{\376\377\000G\000e\000c\000k\000o}{chapter.3}% 35
\BOOKMARK [2][-]{section*.110}{\376\377\000F\000i\000r\000e\000\040\000G\000e\000c\000k\000o}{section*.107}% 36
\BOOKMARK [2][-]{section*.113}{\376\377\000G\000o\000l\000d\000e\000n\000\040\000G\000e\000c\000k\000o}{section*.107}% 37
\BOOKMARK [1][-]{section*.117}{\376\377\000G\000h\000o\000s\000t}{chapter.3}% 38
\BOOKMARK [1][-]{section*.121}{\376\377\000G\000i\000a\000n\000t\000\040\000A\000n\000t}{chapter.3}% 39
\BOOKMARK [2][-]{section*.124}{\376\377\000G\000i\000a\000n\000t\000\040\000A\000n\000t\000\040\000Q\000u\000e\000e\000n}{section*.121}% 40
\BOOKMARK [1][-]{section*.128}{\376\377\000H\000e\000l\000l\000h\000o\000u\000n\000d}{chapter.3}% 41
\BOOKMARK [1][-]{section*.132}{\376\377\000H\000o\000s\000p\000i\000t\000a\000l\000\040\000H\000o\000r\000r\000o\000r}{chapter.3}% 42
\BOOKMARK [1][-]{section*.136}{\376\377\000H\000y\000d\000r\000a}{chapter.3}% 43
\BOOKMARK [1][-]{section*.140}{\376\377\000J\000a\000c\000k\000a\000l\000o\000p\000e}{chapter.3}% 44
\BOOKMARK [2][-]{section*.143}{\376\377\000A\000l\000-\000M\000i\000'\000r\000a\000j}{section*.140}% 45
\BOOKMARK [1][-]{section*.147}{\376\377\000M\000a\000n\000t\000i\000c\000o\000r\000e}{chapter.3}% 46
\BOOKMARK [1][-]{section*.151}{\376\377\000M\000e\000r\000c\000e\000n\000a\000r\000y}{chapter.3}% 47
\BOOKMARK [1][-]{section*.155}{\376\377\000M\000i\000s\000t\000e\000r\000\040\000H\000o\000o\000f\000y}{chapter.3}% 48
\BOOKMARK [2][-]{section*.158}{\376\377\000S\000i\000r\000\040\000G\000a\000l\000l\000a\000n\000t}{section*.155}% 49
\BOOKMARK [1][-]{section*.162}{\376\377\000M\000o\000l\000e\000r\000a\000t}{chapter.3}% 50
\BOOKMARK [1][-]{section*.166}{\376\377\000M\000o\000s\000s\000\040\000S\000h\000a\000m\000b\000l\000e\000r}{chapter.3}% 51
\BOOKMARK [2][-]{section*.169}{\376\377\000B\000l\000a\000c\000k\000\040\000F\000u\000n\000g\000u\000s\000\040\000S\000h\000a\000m\000b\000l\000e\000r}{section*.166}% 52
\BOOKMARK [1][-]{section*.173}{\376\377\000M\000y\000l\000i\000n\000g}{chapter.3}% 53
\BOOKMARK [2][-]{section*.176}{\376\377\000M\000y\000l\000i\000n\000g\000\040\000Q\000u\000e\000e\000n}{section*.173}% 54
\BOOKMARK [1][-]{section*.180}{\376\377\000P\000o\000s\000s\000e\000s\000s\000e\000d\000\040\000S\000h\000a\000m\000a\000n\000/\000A\000n\000g\000r\000y\000\040\000S\000p\000i\000r\000i\000t}{chapter.3}% 55
\BOOKMARK [1][-]{section*.183}{\376\377\000P\000o\000s\000s\000e\000s\000s\000e\000d\000\040\000S\000h\000a\000m\000a\000n\000/\000M\000a\000l\000i\000c\000i\000o\000u\000s\000\040\000S\000p\000i\000r\000i\000t}{chapter.3}% 56
\BOOKMARK [1][-]{section*.187}{\376\377\000P\000r\000o\000t\000o\000c\000h\000i\000m\000e\000r\000a}{chapter.3}% 57
\BOOKMARK [1][-]{section*.191}{\376\377\000P\000u\000c\000k\000w\000u\000d\000g\000i\000e}{chapter.3}% 58
\BOOKMARK [1][-]{section*.195}{\376\377\000Q\000u\000a\000r\000r\000a\000y\000\040\000E\000e\000l}{chapter.3}% 59
\BOOKMARK [1][-]{section*.199}{\376\377\000R\000a\000d\000b\000i\000t}{chapter.3}% 60
\BOOKMARK [1][-]{section*.203}{\376\377\000R\000a\000d\000-\000B\000u\000t\000t\000e\000r\000f\000l\000y}{chapter.3}% 61
\BOOKMARK [1][-]{section*.207}{\376\377\000R\000a\000d\000h\000o\000g}{chapter.3}% 62
\BOOKMARK [1][-]{section*.211}{\376\377\000R\000a\000d\000r\000e\000l}{chapter.3}% 63
\BOOKMARK [1][-]{section*.215}{\376\377\000R\000a\000d\000i\000g\000a\000t\000o\000r}{chapter.3}% 64
\BOOKMARK [2][-]{section*.218}{\376\377\000G\000i\000a\000n\000t\000\040\000C\000r\000a\000g\000a\000d\000i\000l\000e}{section*.215}% 65
\BOOKMARK [1][-]{section*.222}{\376\377\000R\000a\000d\000r\000o\000a\000c\000h}{chapter.3}% 66
\BOOKMARK [1][-]{section*.226}{\376\377\000R\000a\000d\000s\000c\000o\000r\000p\000i\000o\000n}{chapter.3}% 67
\BOOKMARK [1][-]{section*.230}{\376\377\000R\000a\000d\000s\000t\000a\000g}{chapter.3}% 68
\BOOKMARK [1][-]{section*.234}{\376\377\000R\000a\000i\000d\000e\000r}{chapter.3}% 69
\BOOKMARK [1][-]{section*.238}{\376\377\000R\000o\000b\000o\000b\000r\000a\000i\000n}{chapter.3}% 70
\BOOKMARK [1][-]{section*.242}{\376\377\000S\000a\000l\000a\000m\000a\000n\000d\000e\000r}{chapter.3}% 71
\BOOKMARK [1][-]{section*.246}{\376\377\000S\000h\000a\000d\000e}{chapter.3}% 72
\BOOKMARK [1][-]{section*.250}{\376\377\000S\000l\000a\000v\000e\000r}{chapter.3}% 73
\BOOKMARK [1][-]{section*.254}{\376\377\000S\000n\000a\000k\000e\000,\000\040\000T\000w\000o\000-\000h\000e\000a\000d\000e\000d}{chapter.3}% 74
\BOOKMARK [2][-]{section*.257}{\376\377\000S\000n\000a\000k\000e\000,\000\040\000T\000h\000r\000e\000e\000-\000h\000e\000a\000d\000e\000d}{section*.254}% 75
\BOOKMARK [1][-]{section*.261}{\376\377\000S\000p\000i\000d\000e\000r}{chapter.3}% 76
\BOOKMARK [2][-]{section*.264}{\376\377\000S\000p\000i\000d\000e\000r\000,\000\040\000G\000i\000a\000n\000t}{section*.261}% 77
\BOOKMARK [1][-]{section*.268}{\376\377\000S\000p\000i\000d\000e\000r\000-\000B\000o\000t}{chapter.3}% 78
\BOOKMARK [1][-]{section*.272}{\376\377\000S\000p\000o\000r\000e\000\040\000C\000a\000r\000r\000i\000e\000r}{chapter.3}% 79
\BOOKMARK [1][-]{section*.276}{\376\377\000S\000p\000o\000r\000e\000\040\000P\000l\000a\000n\000t}{chapter.3}% 80
\BOOKMARK [1][-]{section*.280}{\376\377\000S\000p\000r\000i\000t\000e\000\040\000B\000o\000t}{chapter.3}% 81
\BOOKMARK [1][-]{section*.284}{\376\377\000S\000t\000e\000e\000l\000\040\000R\000a\000n\000g\000e\000r}{chapter.3}% 82
\BOOKMARK [1][-]{section*.288}{\376\377\000S\000t\000a\000r\000-\000S\000p\000a\000w\000n}{chapter.3}% 83
\BOOKMARK [1][-]{section*.292}{\376\377\000T\000a\000n\000k\000b\000u\000g}{chapter.3}% 84
\BOOKMARK [1][-]{section*.296}{\376\377\000T\000h\000u\000g}{chapter.3}% 85
\BOOKMARK [1][-]{section*.300}{\376\377\000T\000i\000m\000b\000e\000r\000w\000o\000l\000f}{chapter.3}% 86
\BOOKMARK [1][-]{section*.304}{\376\377\000T\000r\000i\000g\000g\000e\000r\000b\000l\000o\000o\000m}{chapter.3}% 87
\BOOKMARK [2][-]{section*.307}{\376\377\000P\000a\000l\000e\000\040\000T\000r\000i\000g\000g\000e\000r\000b\000l\000o\000o\000m}{section*.304}% 88
\BOOKMARK [1][-]{section*.311}{\376\377\000T\000u\000r\000r\000e\000t}{chapter.3}% 89
\BOOKMARK [1][-]{section*.315}{\376\377\000T\000w\000i\000t\000t\000e\000r\000m\000i\000t\000e}{chapter.3}% 90
\BOOKMARK [1][-]{section*.319}{\376\377\000U\000l\000t\000r\000a\000-\000S\000e\000n\000t\000i\000n\000e\000l}{chapter.3}% 91
\BOOKMARK [1][-]{section*.323}{\376\377\000W\000e\000e\000d\000l\000i\000n\000g}{chapter.3}% 92
\BOOKMARK [1][-]{section*.327}{\376\377\000W\000i\000n\000d\000i\000g\000o}{chapter.3}% 93
\BOOKMARK [1][-]{section*.331}{\376\377\000W\000o\000o\000d\000-\000R\000o\000t\000\040\000W\000a\000s\000p}{chapter.3}% 94
\BOOKMARK [1][-]{section*.335}{\376\377\000Y\000a\000o\000\040\000G\000u\000a\000i}{chapter.3}% 95
\BOOKMARK [2][-]{section*.338}{\376\377\000G\000h\000o\000u\000l\000i\000f\000i\000e\000d\000\040\000Y\000a\000o\000\040\000G\000u\000a\000i}{section*.335}% 96
\BOOKMARK [1][-]{section*.342}{\376\377\000Z\000e\000b\000r\000a}{chapter.3}% 97
\BOOKMARK [0][-]{chapter*.346}{\376\377\000C\000r\000i\000t\000t\000e\000r\000s\000\040\000b\000y\000\040\000C\000a\000t\000e\000g\000o\000r\000y}{}% 98
