This is pdfTeX, Version 3.14159265-2.6-1.40.19 (MiKTeX 2.9.6630 64-bit) (preloaded format=pdflatex 2018.6.29)  14 MAR 2022 21:29
entering extended mode
**./WANDFILE_TEX.tex
(WANDFILE_TEX.tex
LaTeX2e <2017-04-15>
Babel <3.18> and hyphenation patterns for 75 language(s) loaded.
("C:\Users\Roope O\AppData\Local\Programs\MiKTeX 2.9\tex\latex\base\book.cls"
Document Class: book 2014/09/29 v1.4h Standard LaTeX document class
("C:\Users\Roope O\AppData\Local\Programs\MiKTeX 2.9\tex\latex\base\bk11.clo"
File: bk11.clo 2014/09/29 v1.4h Standard LaTeX file (size option)
)
\c@part=\count79
\c@chapter=\count80
\c@section=\count81
\c@subsection=\count82
\c@subsubsection=\count83
\c@paragraph=\count84
\c@subparagraph=\count85
\c@figure=\count86
\c@table=\count87
\abovecaptionskip=\skip41
\belowcaptionskip=\skip42
\bibindent=\dimen102
)
("C:\Users\Roope O\AppData\Local\Programs\MiKTeX 2.9\tex\latex\base\inputenc.st
y"
Package: inputenc 2015/03/17 v1.2c Input encoding file
\inpenc@prehook=\toks14
\inpenc@posthook=\toks15

("C:\Users\Roope O\AppData\Local\Programs\MiKTeX 2.9\tex\latex\base\latin1.def"
File: latin1.def 2015/03/17 v1.2c Input encoding file
))
("C:\Users\Roope O\AppData\Local\Programs\MiKTeX 2.9\tex\latex\amsmath\amsmath.
sty"
Package: amsmath 2017/09/02 v2.17a AMS math features
\@mathmargin=\skip43

For additional information on amsmath, use the `?' option.

("C:\Users\Roope O\AppData\Local\Programs\MiKTeX 2.9\tex\latex\amsmath\amstext.
sty"
Package: amstext 2000/06/29 v2.01 AMS text

("C:\Users\Roope O\AppData\Local\Programs\MiKTeX 2.9\tex\latex\amsmath\amsgen.s
ty"
File: amsgen.sty 1999/11/30 v2.0 generic functions
\@emptytoks=\toks16
\ex@=\dimen103
))
("C:\Users\Roope O\AppData\Local\Programs\MiKTeX 2.9\tex\latex\amsmath\amsbsy.s
ty"
Package: amsbsy 1999/11/29 v1.2d Bold Symbols
\pmbraise@=\dimen104
)
("C:\Users\Roope O\AppData\Local\Programs\MiKTeX 2.9\tex\latex\amsmath\amsopn.s
ty"
Package: amsopn 2016/03/08 v2.02 operator names
)
\inf@bad=\count88
LaTeX Info: Redefining \frac on input line 213.
\uproot@=\count89
\leftroot@=\count90
LaTeX Info: Redefining \overline on input line 375.
\classnum@=\count91
\DOTSCASE@=\count92
LaTeX Info: Redefining \ldots on input line 472.
LaTeX Info: Redefining \dots on input line 475.
LaTeX Info: Redefining \cdots on input line 596.
\Mathstrutbox@=\box26
\strutbox@=\box27
\big@size=\dimen105
LaTeX Font Info:    Redeclaring font encoding OML on input line 712.
LaTeX Font Info:    Redeclaring font encoding OMS on input line 713.
\macc@depth=\count93
\c@MaxMatrixCols=\count94
\dotsspace@=\muskip10
\c@parentequation=\count95
\dspbrk@lvl=\count96
\tag@help=\toks17
\row@=\count97
\column@=\count98
\maxfields@=\count99
\andhelp@=\toks18
\eqnshift@=\dimen106
\alignsep@=\dimen107
\tagshift@=\dimen108
\tagwidth@=\dimen109
\totwidth@=\dimen110
\lineht@=\dimen111
\@envbody=\toks19
\multlinegap=\skip44
\multlinetaggap=\skip45
\mathdisplay@stack=\toks20
LaTeX Info: Redefining \[ on input line 2817.
LaTeX Info: Redefining \] on input line 2818.
)
("C:\Users\Roope O\AppData\Local\Programs\MiKTeX 2.9\tex\latex\amsfonts\amsfont
s.sty"
Package: amsfonts 2013/01/14 v3.01 Basic AMSFonts support
\symAMSa=\mathgroup4
\symAMSb=\mathgroup5
LaTeX Font Info:    Overwriting math alphabet `\mathfrak' in version `bold'
(Font)                  U/euf/m/n --> U/euf/b/n on input line 106.
)
("C:\Users\Roope O\AppData\Local\Programs\MiKTeX 2.9\tex\latex\amsfonts\amssymb
.sty"
Package: amssymb 2013/01/14 v3.01 AMS font symbols
)
("C:\Users\Roope O\AppData\Local\Programs\MiKTeX 2.9\tex\latex\graphics\graphic
x.sty"
Package: graphicx 2017/06/01 v1.1a Enhanced LaTeX Graphics (DPC,SPQR)

("C:\Users\Roope O\AppData\Local\Programs\MiKTeX 2.9\tex\latex\graphics\keyval.
sty"
Package: keyval 2014/10/28 v1.15 key=value parser (DPC)
\KV@toks@=\toks21
)
("C:\Users\Roope O\AppData\Local\Programs\MiKTeX 2.9\tex\latex\graphics\graphic
s.sty"
Package: graphics 2017/06/25 v1.2c Standard LaTeX Graphics (DPC,SPQR)

("C:\Users\Roope O\AppData\Local\Programs\MiKTeX 2.9\tex\latex\graphics\trig.st
y"
Package: trig 2016/01/03 v1.10 sin cos tan (DPC)
)
("C:\Users\Roope O\AppData\Local\Programs\MiKTeX 2.9\tex\latex\graphics-cfg\gra
phics.cfg"
File: graphics.cfg 2016/06/04 v1.11 sample graphics configuration
)
Package graphics Info: Driver file: pdftex.def on input line 99.

("C:\Users\Roope O\AppData\Local\Programs\MiKTeX 2.9\tex\latex\graphics-def\pdf
tex.def"
File: pdftex.def 2018/01/08 v1.0l Graphics/color driver for pdftex
))
\Gin@req@height=\dimen112
\Gin@req@width=\dimen113
)
("C:\Users\Roope O\AppData\Local\Programs\MiKTeX 2.9\tex\latex\xcolor\xcolor.st
y"
Package: xcolor 2016/05/11 v2.12 LaTeX color extensions (UK)

("C:\Users\Roope O\AppData\Local\Programs\MiKTeX 2.9\tex\latex\graphics-cfg\col
or.cfg"
File: color.cfg 2016/01/02 v1.6 sample color configuration
)
Package xcolor Info: Driver file: pdftex.def on input line 225.

("C:\Users\Roope O\AppData\Local\Programs\MiKTeX 2.9\tex\latex\colortbl\colortb
l.sty"
Package: colortbl 2018/05/02 v1.0c Color table columns (DPC)

("C:\Users\Roope O\AppData\Local\Programs\MiKTeX 2.9\tex\latex\tools\array.sty"
Package: array 2016/10/06 v2.4d Tabular extension package (FMi)
\col@sep=\dimen114
\extrarowheight=\dimen115
\NC@list=\toks22
\extratabsurround=\skip46
\backup@length=\skip47
)
\everycr=\toks23
\minrowclearance=\skip48
)
\rownum=\count100
Package xcolor Info: Model `cmy' substituted by `cmy0' on input line 1348.
Package xcolor Info: Model `hsb' substituted by `rgb' on input line 1352.
Package xcolor Info: Model `RGB' extended on input line 1364.
Package xcolor Info: Model `HTML' substituted by `rgb' on input line 1366.
Package xcolor Info: Model `Hsb' substituted by `hsb' on input line 1367.
Package xcolor Info: Model `tHsb' substituted by `hsb' on input line 1368.
Package xcolor Info: Model `HSB' substituted by `hsb' on input line 1369.
Package xcolor Info: Model `Gray' substituted by `gray' on input line 1370.
Package xcolor Info: Model `wave' substituted by `hsb' on input line 1371.
)
("C:\Users\Roope O\AppData\Local\Programs\MiKTeX 2.9\tex\latex\wrapfig\wrapfig.
sty"
\wrapoverhang=\dimen116
\WF@size=\dimen117
\c@WF@wrappedlines=\count101
\WF@box=\box28
\WF@everypar=\toks24
Package: wrapfig 2003/01/31  v 3.6
)
("C:\Users\Roope O\AppData\Local\Programs\MiKTeX 2.9\tex\latex\tools\multicol.s
ty"
Package: multicol 2017/04/11 v1.8q multicolumn formatting (FMi)
\c@tracingmulticols=\count102


Package multicol Warning: May not work with the twocolumn option on input line 
134.

\mult@box=\box29
\multicol@leftmargin=\dimen118
\c@unbalance=\count103
\c@collectmore=\count104
\doublecol@number=\count105
\multicoltolerance=\count106
\multicolpretolerance=\count107
\full@width=\dimen119
\page@free=\dimen120
\premulticols=\dimen121
\postmulticols=\dimen122
\multicolsep=\skip49
\multicolbaselineskip=\skip50
\partial@page=\box30
\last@line=\box31
\maxbalancingoverflow=\dimen123
\mult@rightbox=\box32
\mult@grightbox=\box33
\mult@gfirstbox=\box34
\mult@firstbox=\box35
\@tempa=\box36
\@tempa=\box37
\@tempa=\box38
\@tempa=\box39
\@tempa=\box40
\@tempa=\box41
\@tempa=\box42
\@tempa=\box43
\@tempa=\box44
\@tempa=\box45
\@tempa=\box46
\@tempa=\box47
\@tempa=\box48
\@tempa=\box49
\@tempa=\box50
\@tempa=\box51
\@tempa=\box52
\c@columnbadness=\count108
\c@finalcolumnbadness=\count109
\last@try=\dimen124
\multicolovershoot=\dimen125
\multicolundershoot=\dimen126
\mult@nat@firstbox=\box53
\colbreak@box=\box54
\mc@col@check@num=\count110
)
("C:\Users\Roope O\AppData\Local\Programs\MiKTeX 2.9\tex\latex\multirow\multiro
w.sty"
Package: multirow 2016/11/25 v2.2 Span multiple rows of a table
\multirow@colwidth=\skip51
\multirow@cntb=\count111
\multirow@dima=\skip52
\bigstrutjot=\dimen127
)
("C:\Users\Roope O\AppData\Local\Programs\MiKTeX 2.9\tex\latex\paralist\paralis
t.sty"
Package: paralist 2017/01/22 v2.7 Extended list environments
\pltopsep=\skip53
\plpartopsep=\skip54
\plitemsep=\skip55
\plparsep=\skip56
\pl@lab=\toks25
)
("C:\Users\Roope O\AppData\Local\Programs\MiKTeX 2.9\tex\latex\tools\longtable.
sty"
Package: longtable 2014/10/28 v4.11 Multi-page Table package (DPC)
\LTleft=\skip57
\LTright=\skip58
\LTpre=\skip59
\LTpost=\skip60
\LTchunksize=\count112
\LTcapwidth=\dimen128
\LT@head=\box55
\LT@firsthead=\box56
\LT@foot=\box57
\LT@lastfoot=\box58
\LT@cols=\count113
\LT@rows=\count114
\c@LT@tables=\count115
\c@LT@chunks=\count116
\LT@p@ftn=\toks26
)
("C:\Users\Roope O\AppData\Local\Programs\MiKTeX 2.9\tex\latex\tabu\tabu.sty"
Package: tabu 2011/02/26 v2.8 - flexible LaTeX tabulars (FC)

("C:\Users\Roope O\AppData\Local\Programs\MiKTeX 2.9\tex\latex\ltxmisc\varwidth
.sty"
Package: varwidth 2009/03/30 ver 0.92;  Variable-width minipages
\@vwid@box=\box59
\sift@deathcycles=\count117
\@vwid@loff=\dimen129
\@vwid@roff=\dimen130
)
\c@taburow=\count118
\tabu@nbcols=\count119
\tabu@cnt=\count120
\tabu@Xcol=\count121
\tabu@alloc=\count122
\tabu@nested=\count123
\tabu@target=\dimen131
\tabu@spreadtarget=\dimen132
\tabu@naturalX=\dimen133
\tabucolX=\dimen134
\tabu@Xsum=\dimen135
\extrarowdepth=\dimen136
\abovetabulinesep=\dimen137
\belowtabulinesep=\dimen138
\tabustrutrule=\dimen139
\tabu@thebody=\toks27
\tabu@footnotes=\toks28
\tabu@box=\box60
\tabu@arstrutbox=\box61
\tabu@hleads=\box62
\tabu@vleads=\box63
\tabu@cellskip=\skip61
)
("C:\Users\Roope O\AppData\Local\Programs\MiKTeX 2.9\tex\latex\soul\soul.sty"
Package: soul 2003/11/17 v2.4 letterspacing/underlining (mf)
\SOUL@word=\toks29
\SOUL@lasttoken=\toks30
\SOUL@cmds=\toks31
\SOUL@buffer=\toks32
\SOUL@token=\toks33
\SOUL@spaceskip=\skip62
\SOUL@ttwidth=\dimen140
\SOUL@uldp=\dimen141
\SOUL@ulht=\dimen142
)
("C:\Users\Roope O\AppData\Local\Programs\MiKTeX 2.9\tex\latex\titling\titling.
sty"
Package: titling 2009/09/04 v2.1d maketitle typesetting
\thanksmarkwidth=\skip63
\thanksmargin=\skip64
\droptitle=\skip65
)
("C:\Users\Roope O\AppData\Local\Programs\MiKTeX 2.9\tex\latex\pdfpages\pdfpage
s.sty"
Package: pdfpages 2017/10/31 v0.5l Insert pages of external PDF documents (AM)

("C:\Users\Roope O\AppData\Local\Programs\MiKTeX 2.9\tex\latex\base\ifthen.sty"
Package: ifthen 2014/09/29 v1.1c Standard LaTeX ifthen package (DPC)
) ("C:\Users\Roope O\AppData\Local\Programs\MiKTeX 2.9\tex\latex\tools\calc.sty
"
Package: calc 2014/10/28 v4.3 Infix arithmetic (KKT,FJ)
\calc@Acount=\count124
\calc@Bcount=\count125
\calc@Adimen=\dimen143
\calc@Bdimen=\dimen144
\calc@Askip=\skip66
\calc@Bskip=\skip67
LaTeX Info: Redefining \setlength on input line 80.
LaTeX Info: Redefining \addtolength on input line 81.
\calc@Ccount=\count126
\calc@Cskip=\skip68
)
("C:\Users\Roope O\AppData\Local\Programs\MiKTeX 2.9\tex\latex\eso-pic\eso-pic.
sty"
Package: eso-pic 2018/04/12 v2.0h eso-pic (RN)

("C:\Users\Roope O\AppData\Local\Programs\MiKTeX 2.9\tex\generic\oberdiek\atbeg
shi.sty"
Package: atbegshi 2016/06/09 v1.18 At begin shipout hook (HO)

("C:\Users\Roope O\AppData\Local\Programs\MiKTeX 2.9\tex\generic\oberdiek\infwa
rerr.sty"
Package: infwarerr 2016/05/16 v1.4 Providing info/warning/error messages (HO)
)
("C:\Users\Roope O\AppData\Local\Programs\MiKTeX 2.9\tex\generic\oberdiek\ltxcm
ds.sty"
Package: ltxcmds 2016/05/16 v1.23 LaTeX kernel commands for general use (HO)
)
("C:\Users\Roope O\AppData\Local\Programs\MiKTeX 2.9\tex\generic\oberdiek\ifpdf
.sty"
Package: ifpdf 2017/03/15 v3.2 Provides the ifpdf switch
)))
\AM@pagewidth=\dimen145
\AM@pageheight=\dimen146

("C:\Users\Roope O\AppData\Local\Programs\MiKTeX 2.9\tex\latex\pdfpages\pppdfte
x.def"
File: pppdftex.def 2017/10/31 v0.5l Pdfpages driver for pdfTeX (AM)
)
\AM@pagebox=\box64
\AM@global@opts=\toks34
\AM@toc@title=\toks35
\c@AM@survey=\count127
\AM@templatesizebox=\box65
)
("C:\Users\Roope O\AppData\Local\Programs\MiKTeX 2.9\tex\latex\hyperref\hyperre
f.sty"
Package: hyperref 2018/02/06 v6.86b Hypertext links for LaTeX

("C:\Users\Roope O\AppData\Local\Programs\MiKTeX 2.9\tex\generic\oberdiek\hobsu
b-hyperref.sty"
Package: hobsub-hyperref 2016/05/16 v1.14 Bundle oberdiek, subset hyperref (HO)


("C:\Users\Roope O\AppData\Local\Programs\MiKTeX 2.9\tex\generic\oberdiek\hobsu
b-generic.sty"
Package: hobsub-generic 2016/05/16 v1.14 Bundle oberdiek, subset generic (HO)
Package: hobsub 2016/05/16 v1.14 Construct package bundles (HO)
Package hobsub Info: Skipping package `infwarerr' (already loaded).
Package hobsub Info: Skipping package `ltxcmds' (already loaded).
Package: ifluatex 2016/05/16 v1.4 Provides the ifluatex switch (HO)
Package ifluatex Info: LuaTeX not detected.
Package: ifvtex 2016/05/16 v1.6 Detect VTeX and its facilities (HO)
Package ifvtex Info: VTeX not detected.
Package: intcalc 2016/05/16 v1.2 Expandable calculations with integers (HO)
Package hobsub Info: Skipping package `ifpdf' (already loaded).
Package: etexcmds 2016/05/16 v1.6 Avoid name clashes with e-TeX commands (HO)
Package etexcmds Info: Could not find \expanded.
(etexcmds)             That can mean that you are not using pdfTeX 1.50 or
(etexcmds)             that some package has redefined \expanded.
(etexcmds)             In the latter case, load this package earlier.
Package: kvsetkeys 2016/05/16 v1.17 Key value parser (HO)
Package: kvdefinekeys 2016/05/16 v1.4 Define keys (HO)
Package: pdftexcmds 2018/01/21 v0.26 Utility functions of pdfTeX for LuaTeX (HO
)
Package pdftexcmds Info: LuaTeX not detected.
Package pdftexcmds Info: \pdf@primitive is available.
Package pdftexcmds Info: \pdf@ifprimitive is available.
Package pdftexcmds Info: \pdfdraftmode found.
Package: pdfescape 2016/05/16 v1.14 Implements pdfTeX's escape features (HO)
Package: bigintcalc 2016/05/16 v1.4 Expandable calculations on big integers (HO
)
Package: bitset 2016/05/16 v1.2 Handle bit-vector datatype (HO)
Package: uniquecounter 2016/05/16 v1.3 Provide unlimited unique counter (HO)
)
Package hobsub Info: Skipping package `hobsub' (already loaded).
Package: letltxmacro 2016/05/16 v1.5 Let assignment for LaTeX macros (HO)
Package: hopatch 2016/05/16 v1.3 Wrapper for package hooks (HO)
Package: xcolor-patch 2016/05/16 xcolor patch
Package: atveryend 2016/05/16 v1.9 Hooks at the very end of document (HO)
Package atveryend Info: \enddocument detected (standard20110627).
Package hobsub Info: Skipping package `atbegshi' (already loaded).
Package: refcount 2016/05/16 v3.5 Data extraction from label references (HO)
Package: hycolor 2016/05/16 v1.8 Color options for hyperref/bookmark (HO)
)
("C:\Users\Roope O\AppData\Local\Programs\MiKTeX 2.9\tex\generic\ifxetex\ifxete
x.sty"
Package: ifxetex 2010/09/12 v0.6 Provides ifxetex conditional
)
("C:\Users\Roope O\AppData\Local\Programs\MiKTeX 2.9\tex\latex\oberdiek\auxhook
.sty"
Package: auxhook 2016/05/16 v1.4 Hooks for auxiliary files (HO)
)
("C:\Users\Roope O\AppData\Local\Programs\MiKTeX 2.9\tex\latex\oberdiek\kvoptio
ns.sty"
Package: kvoptions 2016/05/16 v3.12 Key value format for package options (HO)
)
\@linkdim=\dimen147
\Hy@linkcounter=\count128
\Hy@pagecounter=\count129

("C:\Users\Roope O\AppData\Local\Programs\MiKTeX 2.9\tex\latex\hyperref\pd1enc.
def"
File: pd1enc.def 2018/02/06 v6.86b Hyperref: PDFDocEncoding definition (HO)
)
\Hy@SavedSpaceFactor=\count130

("C:\Users\Roope O\AppData\Local\Programs\MiKTeX 2.9\tex\latex\00miktex\hyperre
f.cfg"
File: hyperref.cfg 2002/06/06 v1.2 hyperref configuration of TeXLive
)
Package hyperref Info: Hyper figures OFF on input line 4509.
Package hyperref Info: Link nesting OFF on input line 4514.
Package hyperref Info: Hyper index ON on input line 4517.
Package hyperref Info: Plain pages OFF on input line 4524.
Package hyperref Info: Backreferencing OFF on input line 4529.
Package hyperref Info: Implicit mode ON; LaTeX internals redefined.
Package hyperref Info: Bookmarks ON on input line 4762.
\c@Hy@tempcnt=\count131

("C:\Users\Roope O\AppData\Local\Programs\MiKTeX 2.9\tex\latex\url\url.sty"
\Urlmuskip=\muskip11
Package: url 2013/09/16  ver 3.4  Verb mode for urls, etc.
)
LaTeX Info: Redefining \url on input line 5115.
\XeTeXLinkMargin=\dimen148
\Fld@menulength=\count132
\Field@Width=\dimen149
\Fld@charsize=\dimen150
Package hyperref Info: Hyper figures OFF on input line 6369.
Package hyperref Info: Link nesting OFF on input line 6374.
Package hyperref Info: Hyper index ON on input line 6377.
Package hyperref Info: backreferencing OFF on input line 6384.
Package hyperref Info: Link coloring OFF on input line 6389.
Package hyperref Info: Link coloring with OCG OFF on input line 6394.
Package hyperref Info: PDF/A mode OFF on input line 6399.
LaTeX Info: Redefining \ref on input line 6439.
LaTeX Info: Redefining \pageref on input line 6443.
\Hy@abspage=\count133
\c@Item=\count134
\c@Hfootnote=\count135
)
Package hyperref Info: Driver (autodetected): hpdftex.

("C:\Users\Roope O\AppData\Local\Programs\MiKTeX 2.9\tex\latex\hyperref\hpdftex
.def"
File: hpdftex.def 2018/02/06 v6.86b Hyperref driver for pdfTeX
\Fld@listcount=\count136
\c@bookmark@seq@number=\count137

("C:\Users\Roope O\AppData\Local\Programs\MiKTeX 2.9\tex\latex\oberdiek\rerunfi
lecheck.sty"
Package: rerunfilecheck 2016/05/16 v1.8 Rerun checks for auxiliary files (HO)
Package uniquecounter Info: New unique counter `rerunfilecheck' on input line 2
82.
)
\Hy@SectionHShift=\skip69
)
Package hyperref Info: Option `colorlinks' set `true' on input line 26.

("C:\Users\Roope O\Documents\RPG RULES\Homebrew\WV\BUILD\WANDFILE_TEX.aux")
\openout1 = `WANDFILE_TEX.aux'.

LaTeX Font Info:    Checking defaults for OML/cmm/m/it on input line 31.
LaTeX Font Info:    ... okay on input line 31.
LaTeX Font Info:    Checking defaults for T1/cmr/m/n on input line 31.
LaTeX Font Info:    ... okay on input line 31.
LaTeX Font Info:    Checking defaults for OT1/cmr/m/n on input line 31.
LaTeX Font Info:    ... okay on input line 31.
LaTeX Font Info:    Checking defaults for OMS/cmsy/m/n on input line 31.
LaTeX Font Info:    ... okay on input line 31.
LaTeX Font Info:    Checking defaults for OMX/cmex/m/n on input line 31.
LaTeX Font Info:    ... okay on input line 31.
LaTeX Font Info:    Checking defaults for U/cmr/m/n on input line 31.
LaTeX Font Info:    ... okay on input line 31.
LaTeX Font Info:    Checking defaults for PD1/pdf/m/n on input line 31.
LaTeX Font Info:    ... okay on input line 31.

("C:\Users\Roope O\AppData\Local\Programs\MiKTeX 2.9\tex\context\base\supp-pdf.
mkii"
[Loading MPS to PDF converter (version 2006.09.02).]
\scratchcounter=\count138
\scratchdimen=\dimen151
\scratchbox=\box66
\nofMPsegments=\count139
\nofMParguments=\count140
\everyMPshowfont=\toks36
\MPscratchCnt=\count141
\MPscratchDim=\dimen152
\MPnumerator=\count142
\makeMPintoPDFobject=\count143
\everyMPtoPDFconversion=\toks37
)
("C:\Users\Roope O\AppData\Local\Programs\MiKTeX 2.9\tex\latex\oberdiek\epstopd
f-base.sty"
Package: epstopdf-base 2016/05/15 v2.6 Base part for package epstopdf

("C:\Users\Roope O\AppData\Local\Programs\MiKTeX 2.9\tex\latex\oberdiek\grfext.
sty"
Package: grfext 2016/05/16 v1.2 Manage graphics extensions (HO)
)
Package epstopdf-base Info: Redefining graphics rule for `.eps' on input line 4
38.
Package grfext Info: Graphics extension search list:
(grfext)             [.pdf,.png,.jpg,.mps,.jpeg,.jbig2,.jb2,.PDF,.PNG,.JPG,.JPE
G,.JBIG2,.JB2,.eps]
(grfext)             \AppendGraphicsExtensions on input line 456.
)
\AtBeginShipoutBox=\box67

("C:\Users\Roope O\AppData\Local\Programs\MiKTeX 2.9\tex\latex\oberdiek\pdflsca
pe.sty"
Package: pdflscape 2016/05/14 v0.11 Display of landscape pages in PDF (HO)

("C:\Users\Roope O\AppData\Local\Programs\MiKTeX 2.9\tex\latex\graphics\lscape.
sty"
Package: lscape 2000/10/22 v3.01 Landscape Pages (DPC)
)
Package pdflscape Info: Auto-detected driver: pdftex on input line 81.
)
Package hyperref Info: Link coloring ON on input line 31.

("C:\Users\Roope O\AppData\Local\Programs\MiKTeX 2.9\tex\latex\hyperref\nameref
.sty"
Package: nameref 2016/05/21 v2.44 Cross-referencing by name of section

("C:\Users\Roope O\AppData\Local\Programs\MiKTeX 2.9\tex\generic\oberdiek\getti
tlestring.sty"
Package: gettitlestring 2016/05/16 v1.5 Cleanup title references (HO)
)
\c@section@level=\count144
)
LaTeX Info: Redefining \ref on input line 31.
LaTeX Info: Redefining \pageref on input line 31.
LaTeX Info: Redefining \nameref on input line 31.

("C:\Users\Roope O\Documents\RPG RULES\Homebrew\WV\BUILD\WANDFILE_TEX.out")
("C:\Users\Roope O\Documents\RPG RULES\Homebrew\WV\BUILD\WANDFILE_TEX.out")
\@outlinefile=\write3
\openout3 = `WANDFILE_TEX.out'.

<WORD/COVER-WANDFILE.pdf, id=143, 597.23125pt x 845.1575pt>
File: WORD/COVER-WANDFILE.pdf Graphic file (type pdf)
<use WORD/COVER-WANDFILE.pdf>
Package pdftex.def Info: WORD/COVER-WANDFILE.pdf  used on input line 33.
(pdftex.def)             Requested size: 597.22978pt x 845.15544pt.
File: WORD/COVER-WANDFILE.pdf Graphic file (type pdf)
<use WORD/COVER-WANDFILE.pdf>
Package pdftex.def Info: WORD/COVER-WANDFILE.pdf  used on input line 33.
(pdftex.def)             Requested size: 597.22978pt x 845.15544pt.
<WORD/COVER-WANDFILE.pdf, id=146, page=1, 597.23125pt x 845.1575pt>
File: WORD/COVER-WANDFILE.pdf Graphic file (type pdf)
<use WORD/COVER-WANDFILE.pdf, page 1>
Package pdftex.def Info: WORD/COVER-WANDFILE.pdf , page1 used on input line 33.

(pdftex.def)             Requested size: 597.22978pt x 845.15544pt.
File: WORD/COVER-WANDFILE.pdf Graphic file (type pdf)
<use WORD/COVER-WANDFILE.pdf, page 1>
Package pdftex.def Info: WORD/COVER-WANDFILE.pdf , page1 used on input line 33.

(pdftex.def)             Requested size: 597.25711pt x 845.19412pt.
File: WORD/COVER-WANDFILE.pdf Graphic file (type pdf)
<use WORD/COVER-WANDFILE.pdf, page 1>
Package pdftex.def Info: WORD/COVER-WANDFILE.pdf , page1 used on input line 33.

(pdftex.def)             Requested size: 597.25711pt x 845.19412pt.
File: WORD/COVER-WANDFILE.pdf Graphic file (type pdf)
<use WORD/COVER-WANDFILE.pdf, page 1>
Package pdftex.def Info: WORD/COVER-WANDFILE.pdf , page1 used on input line 33.

(pdftex.def)             Requested size: 597.25711pt x 845.19412pt.

! Undefined control sequence.
\@outputdblcol ...}}\@combinedblfloats \@setmarks 
                                                  \@outputpage \begingroup \...
l.33 ...udepdf[pages={1}]{WORD/COVER-WANDFILE.pdf}
                                                  		
The control sequence at the end of the top line
of your error message was never \def'ed. If you have
misspelled it (e.g., `\hobx'), type `I' and the correct
spelling (e.g., `I\hbox'). Otherwise just continue,
and I'll forget about whatever was undefined.

File: WORD/COVER-WANDFILE.pdf Graphic file (type pdf)
<use WORD/COVER-WANDFILE.pdf, page 1>
Package pdftex.def Info: WORD/COVER-WANDFILE.pdf , page1 used on input line 33.

(pdftex.def)             Requested size: 597.25711pt x 845.19412pt.
[1

 <./WORD/COVER-WANDFILE.pdf>]
<ART/ISA_Logo.jpg, id=167, 77.53969pt x 74.52844pt>
File: ART/ISA_Logo.jpg Graphic file (type jpg)
<use ART/ISA_Logo.jpg>
Package pdftex.def Info: ART/ISA_Logo.jpg  used on input line 66.
(pdftex.def)             Requested size: 85.35826pt x 82.04292pt.
pdfTeX warning (ext4): destination with the same identifier (name{page.1}) has 
been already used, duplicate ignored
<to be read again> 
                   \relax 
l.69 	\twocolumn
                 [1{C:/Users/Roope O/AppData/Local/MiKTeX/2.9/pdftex/config/pdf
tex.map}

 <./ART/ISA_Logo.jpg>] [2



]
("C:\Users\Roope O\Documents\RPG RULES\Homebrew\WV\BUILD\WANDFILE_TEX.toc"
LaTeX Font Info:    Try loading font information for U+msa on input line 3.

("C:\Users\Roope O\AppData\Local\Programs\MiKTeX 2.9\tex\latex\amsfonts\umsa.fd
"
File: umsa.fd 2013/01/14 v3.01 AMS symbols A
)
LaTeX Font Info:    Try loading font information for U+msb on input line 3.

("C:\Users\Roope O\AppData\Local\Programs\MiKTeX 2.9\tex\latex\amsfonts\umsb.fd
"
File: umsb.fd 2013/01/14 v3.01 AMS symbols B
) [3])
\tf@toc=\write4
\openout4 = `WANDFILE_TEX.toc'.

 [4]
Chapter 1.
[5


] [6

]
Chapter 2.
<ART/Races/ABY_F.jpg, id=234, 1405.25pt x 1405.25pt>
File: ART/Races/ABY_F.jpg Graphic file (type jpg)
<use ART/Races/ABY_F.jpg>
Package pdftex.def Info: ART/Races/ABY_F.jpg  used on input line 102.
(pdftex.def)             Requested size: 176.80067pt x 176.79227pt.
<ART/Races/ABY_M.jpg, id=235, 1405.25pt x 1405.25pt>
File: ART/Races/ABY_M.jpg Graphic file (type jpg)
<use ART/Races/ABY_M.jpg>
Package pdftex.def Info: ART/Races/ABY_M.jpg  used on input line 107.
(pdftex.def)             Requested size: 176.80067pt x 176.79227pt.

Underfull \hbox (badness 3179) in paragraph at lines 112--113
[]\OT1/cmr/m/n/10.95 Though food and shel-ter is plenty in
 []

[7]
Underfull \hbox (badness 10000) in paragraph at lines 122--123
[]\OT1/cmr/m/n/10.95 Abyssinians' eyes are
 []


Underfull \hbox (badness 10000) in paragraph at lines 124--125
[]\OT1/cmr/m/n/10.95 Abyssinians per-form
 []


Underfull \hbox (badness 2005) in paragraph at lines 124--125
\OT1/cmr/m/n/10.95 Abyssini-ans craft these ar-ti-facts from
 []


Underfull \hbox (badness 4995) in paragraph at lines 124--125
\OT1/cmr/m/n/10.95 spells with-out said cat-a-lyst re-moves
 []

[8 <./ART/Races/ABY_F.jpg> <./ART/Races/ABY_M.jpg>]
<ART/Races/BAT_F.jpg, id=244, 1405.25pt x 1405.25pt>
File: ART/Races/BAT_F.jpg Graphic file (type jpg)
<use ART/Races/BAT_F.jpg>
Package pdftex.def Info: ART/Races/BAT_F.jpg  used on input line 135.
(pdftex.def)             Requested size: 176.80067pt x 176.79227pt.
<ART/Races/BAT_M.jpg, id=245, 1405.25pt x 1405.25pt>
File: ART/Races/BAT_M.jpg Graphic file (type jpg)
<use ART/Races/BAT_M.jpg>
Package pdftex.def Info: ART/Races/BAT_M.jpg  used on input line 140.
(pdftex.def)             Requested size: 176.80067pt x 176.79227pt.

Underfull \hbox (badness 1237) in paragraph at lines 145--146
\OT1/cmr/m/n/10.95 Princess Luna as her per-sonal guard and
 []

[9

 <./ART/Races/BAT_F.jpg> <./ART/Races/BAT_M.jpg>]
<ART/Races/BRAH_F.jpg, id=250, 345.15572pt x 345.15572pt>
File: ART/Races/BRAH_F.jpg Graphic file (type jpg)
<use ART/Races/BRAH_F.jpg>
Package pdftex.def Info: ART/Races/BRAH_F.jpg  used on input line 166.
(pdftex.def)             Requested size: 176.80067pt x 176.80653pt.
<ART/Races/BRAH_M.jpg, id=251, 135.43512pt x 135.43512pt>
File: ART/Races/BRAH_M.jpg Graphic file (type jpg)
<use ART/Races/BRAH_M.jpg>
Package pdftex.def Info: ART/Races/BRAH_M.jpg  used on input line 171.
(pdftex.def)             Requested size: 176.80067pt x 176.8158pt.

Underfull \hbox (badness 4366) in paragraph at lines 186--187
[]\OT1/cmr/m/n/10.95 Brahmin are vis-i-bly larger
 []

[10

 <./ART/Races/BRAH_F.jpg> <./ART/Races/BRAH_M.jpg>]
<ART/Races/BUF_F.jpg, id=256, 1405.25pt x 1405.25pt>
File: ART/Races/BUF_F.jpg Graphic file (type jpg)
<use ART/Races/BUF_F.jpg>
Package pdftex.def Info: ART/Races/BUF_F.jpg  used on input line 197.
(pdftex.def)             Requested size: 176.80067pt x 176.79227pt.
<ART/Races/BUF_M.jpg, id=257, 1405.25pt x 1405.25pt>
File: ART/Races/BUF_M.jpg Graphic file (type jpg)
<use ART/Races/BUF_M.jpg>
Package pdftex.def Info: ART/Races/BUF_M.jpg  used on input line 202.
(pdftex.def)             Requested size: 176.80067pt x 176.79227pt.

Underfull \hbox (badness 1603) in paragraph at lines 205--206
\OT1/cmr/m/n/10.95 roamed the south-ern-most plains and arid
 []


Underfull \hbox (badness 10000) in paragraph at lines 207--208
\OT1/cmr/m/n/10.95 buf-falo main-tain their iden-tity strongly
 []


Underfull \hbox (badness 1337) in paragraph at lines 220--221
[]\OT1/cmr/m/n/10.95 Buffalo have a long his-tory with
 []

[11

 <./ART/Races/BUF_F.jpg> <./ART/Races/BUF_M.jpg>]
<ART/Races/CHN_F.jpg, id=262, 1433.355pt x 1433.355pt>
File: ART/Races/CHN_F.jpg Graphic file (type jpg)
<use ART/Races/CHN_F.jpg>
Package pdftex.def Info: ART/Races/CHN_F.jpg  used on input line 230.
(pdftex.def)             Requested size: 176.80067pt x 176.78497pt.
<ART/Races/CHN_M.jpg, id=263, 1289.81876pt x 1449.415pt>
File: ART/Races/CHN_M.jpg Graphic file (type jpg)
<use ART/Races/CHN_M.jpg>
Package pdftex.def Info: ART/Races/CHN_M.jpg  used on input line 235.
(pdftex.def)             Requested size: 154.69933pt x 173.83383pt.

Underfull \hbox (badness 10000) in paragraph at lines 250--251
[]\OT1/cmr/m/n/10.95 Changelings have a
 []


Underfull \hbox (badness 2573) in paragraph at lines 250--251
\OT1/cmr/m/n/10.95 schools and their own unique spells.
 []


Underfull \hbox (badness 2393) in paragraph at lines 253--254
\OT1/cmr/m/n/10.95 in-juries faster than a softer crea-ture
 []

[12

 <./ART/Races/CHN_F.jpg> <./ART/Races/CHN_M.jpg>]
<ART/Races/CRP_F.jpg, id=269, 1405.25pt x 1405.25pt>
File: ART/Races/CRP_F.jpg Graphic file (type jpg)
<use ART/Races/CRP_F.jpg>
Package pdftex.def Info: ART/Races/CRP_F.jpg  used on input line 263.
(pdftex.def)             Requested size: 176.80067pt x 176.79227pt.
<ART/Races/CRP_M.jpg, id=270, 1405.25pt x 1405.25pt>
File: ART/Races/CRP_M.jpg Graphic file (type jpg)
<use ART/Races/CRP_M.jpg>
Package pdftex.def Info: ART/Races/CRP_M.jpg  used on input line 268.
(pdftex.def)             Requested size: 176.80067pt x 176.79227pt.

Underfull \hbox (badness 1264) in paragraph at lines 273--274
\OT1/cmr/m/n/10.95 sured that the stray bomb that hit near
 []


Underfull \hbox (badness 1838) in paragraph at lines 282--283
[]\OT1/cmr/m/n/10.95 Much like their earth
 []

[13

 <./ART/Races/CRP_F.jpg> <./ART/Races/CRP_M.jpg>]
<ART/Races/DER_F.jpg, id=275, 1405.25pt x 1405.25pt>
File: ART/Races/DER_F.jpg Graphic file (type jpg)
<use ART/Races/DER_F.jpg>
Package pdftex.def Info: ART/Races/DER_F.jpg  used on input line 292.
(pdftex.def)             Requested size: 176.80067pt x 176.79227pt.
<ART/Races/DER_M.jpg, id=276, 1405.25pt x 1405.25pt>
File: ART/Races/DER_M.jpg Graphic file (type jpg)
<use ART/Races/DER_M.jpg>
Package pdftex.def Info: ART/Races/DER_M.jpg  used on input line 297.
(pdftex.def)             Requested size: 176.80067pt x 176.79227pt.

Underfull \hbox (badness 3219) in paragraph at lines 312--313
[]\OT1/cmr/m/n/10.95 Deer uti-lize their
 []


Underfull \hbox (badness 1546) in paragraph at lines 314--315
[]\OT1/cmr/m/n/10.95 Deer are quick and ag-ile
 []

[14

 <./ART/Races/DER_F.jpg> <./ART/Races/DER_M.jpg>]
<ART/Races/DDG_F.jpg, id=281, 1405.25pt x 1405.25pt>
File: ART/Races/DDG_F.jpg Graphic file (type jpg)
<use ART/Races/DDG_F.jpg>
Package pdftex.def Info: ART/Races/DDG_F.jpg  used on input line 325.
(pdftex.def)             Requested size: 176.80067pt x 176.79227pt.
<ART/Races/DDG_M.jpg, id=282, 135.43512pt x 135.43512pt>
File: ART/Races/DDG_M.jpg Graphic file (type jpg)
<use ART/Races/DDG_M.jpg>
Package pdftex.def Info: ART/Races/DDG_M.jpg  used on input line 330.
(pdftex.def)             Requested size: 176.80067pt x 176.8158pt.
 [15

 <./ART/Races/DDG_F.jpg> <./ART/Races/DDG_M.jpg>]
<ART/Races/DNK_F.jpg, id=287, 1405.25pt x 1405.25pt>
File: ART/Races/DNK_F.jpg Graphic file (type jpg)
<use ART/Races/DNK_F.jpg>
Package pdftex.def Info: ART/Races/DNK_F.jpg  used on input line 360.
(pdftex.def)             Requested size: 176.80067pt x 176.79227pt.
<ART/Races/DNK_M.jpg, id=288, 1405.25pt x 1405.25pt>
File: ART/Races/DNK_M.jpg Graphic file (type jpg)
<use ART/Races/DNK_M.jpg>
Package pdftex.def Info: ART/Races/DNK_M.jpg  used on input line 365.
(pdftex.def)             Requested size: 176.80067pt x 176.79227pt.

Underfull \hbox (badness 1107) in paragraph at lines 377--378
[]\OT1/cmr/m/n/10.95 Though don-keys lack the
 []

[16

 <./ART/Races/DNK_F.jpg> <./ART/Races/DNK_M.jpg>]
<ART/Races/HAR_F.jpg, id=293, 1405.25pt x 1405.25pt>
File: ART/Races/HAR_F.jpg Graphic file (type jpg)
<use ART/Races/HAR_F.jpg>
Package pdftex.def Info: ART/Races/HAR_F.jpg  used on input line 389.
(pdftex.def)             Requested size: 176.80067pt x 176.79227pt.
<ART/Races/HAR_M.jpg, id=294, 1405.25pt x 1405.25pt>
File: ART/Races/HAR_M.jpg Graphic file (type jpg)
<use ART/Races/HAR_M.jpg>
Package pdftex.def Info: ART/Races/HAR_M.jpg  used on input line 394.
(pdftex.def)             Requested size: 176.80067pt x 176.79227pt.

Underfull \hbox (badness 10000) in paragraph at lines 408--409
[]\OT1/cmr/m/n/10.95 Harpies have slim-mer
 []


Underfull \hbox (badness 1769) in paragraph at lines 409--410
[]\OT1/cmr/m/n/10.95 Harpies take ex-
 []

[17

 <./ART/Races/HAR_F.jpg> <./ART/Races/HAR_M.jpg>]
<ART/Races/HIP_F.jpg, id=300, 1405.25pt x 1405.25pt>
File: ART/Races/HIP_F.jpg Graphic file (type jpg)
<use ART/Races/HIP_F.jpg>
Package pdftex.def Info: ART/Races/HIP_F.jpg  used on input line 420.
(pdftex.def)             Requested size: 176.80067pt x 176.79227pt.
<ART/Races/HIP_M.jpg, id=301, 135.43512pt x 135.43512pt>
File: ART/Races/HIP_M.jpg Graphic file (type jpg)
<use ART/Races/HIP_M.jpg>
Package pdftex.def Info: ART/Races/HIP_M.jpg  used on input line 425.
(pdftex.def)             Requested size: 176.80067pt x 176.8158pt.

Underfull \hbox (badness 4634) in paragraph at lines 428--429
\OT1/cmr/m/n/10.95 have be-come slightly more com-mon-place
 []


Underfull \hbox (badness 4144) in paragraph at lines 430--431
\OT1/cmr/m/n/10.95 a-lypse, the hip-pogriff with their leader,
 []


Underfull \hbox (badness 10000) in paragraph at lines 444--445
[]\OT1/cmr/m/n/10.95 Hippogriffs have a
 []

[18

 <./ART/Races/HIP_F.jpg> <./ART/Races/HIP_M.jpg>]
<ART/Races/KIR_F.jpg, id=307, 1405.25pt x 1405.25pt>
File: ART/Races/KIR_F.jpg Graphic file (type jpg)
<use ART/Races/KIR_F.jpg>
Package pdftex.def Info: ART/Races/KIR_F.jpg  used on input line 454.
(pdftex.def)             Requested size: 176.80067pt x 176.79227pt.
<ART/Races/KIR_M.jpg, id=308, 1405.25pt x 1405.25pt>
File: ART/Races/KIR_M.jpg Graphic file (type jpg)
<use ART/Races/KIR_M.jpg>
Package pdftex.def Info: ART/Races/KIR_M.jpg  used on input line 459.
(pdftex.def)             Requested size: 176.80067pt x 176.79227pt.

Underfull \vbox (badness 1231) has occurred while \output is active []


Underfull \hbox (badness 4886) in paragraph at lines 473--474
[]\OT1/cmr/m/n/10.95 Kirins can chan-nel their
 []


Underfull \hbox (badness 10000) in paragraph at lines 474--475
[]\OT1/cmr/m/n/10.95 Kirins have dragon-like
 []

[19

 <./ART/Races/KIR_F.jpg> <./ART/Races/KIR_M.jpg>]
<ART/Races/MIN_F.jpg, id=313, 1405.25pt x 1405.25pt>
File: ART/Races/MIN_F.jpg Graphic file (type jpg)
<use ART/Races/MIN_F.jpg>
Package pdftex.def Info: ART/Races/MIN_F.jpg  used on input line 485.
(pdftex.def)             Requested size: 176.80067pt x 176.79227pt.
<ART/Races/MIN_M.jpg, id=314, 1405.25pt x 1405.25pt>
File: ART/Races/MIN_M.jpg Graphic file (type jpg)
<use ART/Races/MIN_M.jpg>
Package pdftex.def Info: ART/Races/MIN_M.jpg  used on input line 490.
(pdftex.def)             Requested size: 176.80067pt x 176.79227pt.

Underfull \hbox (badness 10000) in paragraph at lines 497--498
[]\OT1/cmr/m/n/10.95 New cities, aptly named No-pos
 []


Underfull \hbox (badness 1975) in paragraph at lines 497--498
\OT1/cmr/m/n/10.95 Pasiphaerium and No-pos Aster-po-lis, were
 []


Underfull \hbox (badness 1067) in paragraph at lines 501--502
[]\OT1/cmr/m/n/10.95 Minotaurs are vis-i-bly larger
 []

[20

 <./ART/Races/MIN_F.jpg> <./ART/Races/MIN_M.jpg>]
<ART/Races/YAK_F.jpg, id=319, 1405.25pt x 1405.25pt>
File: ART/Races/YAK_F.jpg Graphic file (type jpg)
<use ART/Races/YAK_F.jpg>
Package pdftex.def Info: ART/Races/YAK_F.jpg  used on input line 513.
(pdftex.def)             Requested size: 176.80067pt x 176.79227pt.
<ART/Races/YAK_M.jpg, id=320, 1405.25pt x 1405.25pt>
File: ART/Races/YAK_M.jpg Graphic file (type jpg)
<use ART/Races/YAK_M.jpg>
Package pdftex.def Info: ART/Races/YAK_M.jpg  used on input line 518.
(pdftex.def)             Requested size: 176.80067pt x 176.79227pt.

Underfull \hbox (badness 1152) in paragraph at lines 534--535
[]\OT1/cmr/m/n/10.95 Yak are able to pull heav-ier
 []

[21

 <./ART/Races/YAK_F.jpg> <./ART/Races/YAK_M.jpg>]
<ART/Races/EP_F.jpg, id=325, 344.6723pt x 344.6723pt>
File: ART/Races/EP_F.jpg Graphic file (type jpg)
<use ART/Races/EP_F.jpg>
Package pdftex.def Info: ART/Races/EP_F.jpg  used on input line 544.
(pdftex.def)             Requested size: 176.80067pt x 176.80609pt.
<ART/Races/EP_M.jpg, id=326, 345.15572pt x 345.15572pt>
File: ART/Races/EP_M.jpg Graphic file (type jpg)
<use ART/Races/EP_M.jpg>
Package pdftex.def Info: ART/Races/EP_M.jpg  used on input line 549.
(pdftex.def)             Requested size: 176.80067pt x 176.80653pt.
 [22

 <./ART/Races/EP_F.jpg> <./ART/Races/EP_M.jpg>]
<ART/Races/PEG_F.jpg, id=332, 344.1889pt x 344.1889pt>
File: ART/Races/PEG_F.jpg Graphic file (type jpg)
<use ART/Races/PEG_F.jpg>
Package pdftex.def Info: ART/Races/PEG_F.jpg  used on input line 575.
(pdftex.def)             Requested size: 176.80067pt x 176.79971pt.
<ART/Races/PEG_M.jpg, id=333, 345.15572pt x 345.15572pt>
File: ART/Races/PEG_M.jpg Graphic file (type jpg)
<use ART/Races/PEG_M.jpg>
Package pdftex.def Info: ART/Races/PEG_M.jpg  used on input line 580.
(pdftex.def)             Requested size: 176.80067pt x 176.80653pt.

Underfull \hbox (badness 1533) in paragraph at lines 591--592
[]\OT1/cmr/m/n/10.95 Pegasi may per-form
 []

[23

 <./ART/Races/PEG_F.jpg> <./ART/Races/PEG_M.jpg>]
<ART/Races/UNI_F.jpg, id=339, 344.1889pt x 344.1889pt>
File: ART/Races/UNI_F.jpg Graphic file (type jpg)
<use ART/Races/UNI_F.jpg>
Package pdftex.def Info: ART/Races/UNI_F.jpg  used on input line 600.
(pdftex.def)             Requested size: 176.80067pt x 176.79971pt.
<ART/Races/UNI_M.jpg, id=340, 344.1889pt x 344.1889pt>
File: ART/Races/UNI_M.jpg Graphic file (type jpg)
<use ART/Races/UNI_M.jpg>
Package pdftex.def Info: ART/Races/UNI_M.jpg  used on input line 605.
(pdftex.def)             Requested size: 176.80067pt x 176.79971pt.
 [24

 <./ART/Races/UNI_F.jpg> <./ART/Races/UNI_M.jpg>]
<ART/Races/GRI_F.jpg, id=347, 344.1889pt x 344.1889pt>
File: ART/Races/GRI_F.jpg Graphic file (type jpg)
<use ART/Races/GRI_F.jpg>
Package pdftex.def Info: ART/Races/GRI_F.jpg  used on input line 628.
(pdftex.def)             Requested size: 176.80067pt x 176.79971pt.
<ART/Races/GRI_M.jpg, id=348, 345.15572pt x 345.15572pt>
File: ART/Races/GRI_M.jpg Graphic file (type jpg)
<use ART/Races/GRI_M.jpg>
Package pdftex.def Info: ART/Races/GRI_M.jpg  used on input line 633.
(pdftex.def)             Requested size: 176.80067pt x 176.80653pt.

Underfull \hbox (badness 3168) in paragraph at lines 643--644
\OT1/cmr/m/n/10.95 abil-ity to per-form Aerial Ma-neu-vers.
 []


Underfull \hbox (badness 1472) in paragraph at lines 644--645
[]\OT1/cmr/m/n/10.95 Griffons pos-sess nat-u-ral talons,
 []

[25

 <./ART/Races/GRI_F.jpg> <./ART/Races/GRI_M.jpg>]
<ART/Races/ZEB_F.jpg, id=354, 345.39743pt x 345.39743pt>
File: ART/Races/ZEB_F.jpg Graphic file (type jpg)
<use ART/Races/ZEB_F.jpg>
Package pdftex.def Info: ART/Races/ZEB_F.jpg  used on input line 653.
(pdftex.def)             Requested size: 176.80067pt x 176.7986pt.
<ART/Races/ZEB_M.jpg, id=355, 344.1889pt x 344.1889pt>
File: ART/Races/ZEB_M.jpg Graphic file (type jpg)
<use ART/Races/ZEB_M.jpg>
Package pdftex.def Info: ART/Races/ZEB_M.jpg  used on input line 658.
(pdftex.def)             Requested size: 176.80067pt x 176.79971pt.

Underfull \hbox (badness 1454) in paragraph at lines 663--664
\OT1/cmr/m/n/10.95 to al-ter one's self. In ad-di-tion to this,
 []


Underfull \hbox (badness 10000) in paragraph at lines 670--671
[]\OT1/cmr/m/n/10.95 Zebras can use
 []


Underfull \hbox (badness 3108) in paragraph at lines 670--671
\OT1/cmr/m/n/10.95 alchemy to cre-ate Brews, Tal-is-mans,
 []


Underfull \hbox (badness 4168) in paragraph at lines 671--672
[]\OT1/cmr/m/n/10.95 Zebras are nat-u-rally re-
 []

[26

 <./ART/Races/ZEB_F.jpg> <./ART/Races/ZEB_M.jpg>]
Chapter 3.

Underfull \vbox (badness 10000) has occurred while \output is active []

 [27


]
Underfull \hbox (badness 1365) in paragraph at lines 726--727
\OT1/cmr/m/n/10.95 avail-able to you, de-cided by you. Your
 []

[28]
Underfull \hbox (badness 1038) in paragraph at lines 785--786
[]\OT1/cmr/m/n/10.95 This trait can-not be taken with \OT1/cmr/bx/n/10.95 Small

 []

[29]
Underfull \hbox (badness 6708) in paragraph at lines 815--816
\OT1/cmr/bx/it/10.95 Reserved for Abyssini-ans, di-a-mond
 []

[30]
Chapter 4.

Underfull \hbox (badness 1796) in paragraph at lines 829--830
\OT1/cmr/m/n/10.95 Changelings start with a Shapeshift spell
 []


Underfull \hbox (badness 2717) in paragraph at lines 849--850
\OT1/cmr/m/n/10.95 Formshift, Bodyshift and Mind-shift. A
 []

[31


]
Underfull \hbox (badness 10000) in paragraph at lines 892--893
[]\OT1/cmr/m/n/10.95 Balefire Phoenix's Bi-o-log-i-cal
 []


Underfull \hbox (badness 5548) in paragraph at lines 904--905
[]\OT1/cmr/m/n/10.95 4 crea-ture com-bat
 []

[32]
Underfull \hbox (badness 1033) in paragraph at lines 945--947
\OT1/cmr/m/n/10.95 ob-ject, how-ever this is merely a cos-metic
 []

[33]
Underfull \hbox (badness 4634) in paragraph at lines 1032--1033
[]\OT1/cmr/m/n/10.95 +1 DT, +1 END
 []


Underfull \hbox (badness 2221) in paragraph at lines 1032--1033
\OT1/cmr/m/n/10.95 against Burn-ing, Freez-ing or
 []


Underfull \hbox (badness 10000) in paragraph at lines 1033--1034
\OT1/cmr/m/n/10.95 against Burn-ing, Bleed-ing,
 []


Underfull \hbox (badness 3792) in paragraph at lines 1034--1035
[]\OT1/cmr/m/n/10.95 +1 DT, +1 END
 []


Underfull \hbox (badness 10000) in paragraph at lines 1034--1035
\OT1/cmr/m/n/10.95 against Burn-ing, Bleed-ing,
 []

[34] [35]
LaTeX Font Info:    Try loading font information for OMS+cmr on input line 1176
.

("C:\Users\Roope O\AppData\Local\Programs\MiKTeX 2.9\tex\latex\base\omscmr.fd"
File: omscmr.fd 2014/09/29 v2.5h Standard LaTeX font definitions
)
LaTeX Font Info:    Font shape `OMS/cmr/m/n' in size <10.95> not available
(Font)              Font shape `OMS/cmsy/m/n' tried instead on input line 1176.


Underfull \hbox (badness 1205) in paragraph at lines 1182--1183
[]\OT1/cmr/m/n/10.95 The co-coon's DT is de-ter-mined by the
 []


Underfull \hbox (badness 10000) in paragraph at lines 1221--1222
[]\OT1/cmr/m/n/10.95 Tiny Splash Tem-
 []

[36]
Underfull \hbox (badness 2521) in paragraph at lines 1223--1224
[]\OT1/cmr/m/n/10.95 Large Splash Tem-
 []


Underfull \hbox (badness 3323) in paragraph at lines 1253--1254
[]\OT1/cmr/m/n/10.95 The tar-gets in range also can-not use
 []


Underfull \hbox (badness 2384) in paragraph at lines 1253--1254
\OT1/cmr/m/n/10.95 Withdraw-action to move away from the
 []


Underfull \hbox (badness 10000) in paragraph at lines 1260--1261
[]\OT1/cmr/m/n/10.95 Small Splash, 3
 []

[37] [38] [39]
Underfull \hbox (badness 1394) in paragraph at lines 1442--1444
[]\OT1/cmr/m/n/10.95 The spell's range is de-ter-mined by the
 []


Underfull \hbox (badness 10000) in paragraph at lines 1513--1514
[]\OT1/cmr/m/n/10.95 Large Splash,
 []

[40] [41]
Underfull \hbox (badness 10000) in paragraph at lines 1666--1667
[]\OT1/cmr/m/n/10.95 Medium Dis-trac-
 []

[42] [43] [44

]
Underfull \hbox (badness 1014) in paragraph at lines 1860--1861
[]\OT1/cmr/bx/n/10.95 Earth: \OT1/cmr/m/n/10.95 Orbs have 20% base Crip-ple
 []


Underfull \hbox (badness 1019) in paragraph at lines 1907--1908
\OT1/cmr/m/n/10.95 space once the caster's Po-tency al-lows it.
 []

[45] [46]
Underfull \hbox (badness 1418) in paragraph at lines 2077--2078
[]\OT1/cmr/m/n/10.95 Telekinesis is di-vided in two cat-e-gories,
 []


Underfull \hbox (badness 2495) in paragraph at lines 2079--2080
[]\OT1/cmr/m/n/10.95 Upon learn-ing the spell, the char-ac-ter
 []

[47]
Underfull \hbox (badness 1237) in paragraph at lines 2115--2116
[]\OT1/cmr/m/n/10.95 When lev-i-tat-ing weapons with Pre-ci-sion
 []

[48]
Underfull \hbox (badness 3098) in paragraph at lines 2231--2232
[]\OT1/cmr/bx/n/10.95 Example: \OT1/cmr/m/n/10.95 Sapling Sprout casts
 []


Underfull \hbox (badness 1038) in paragraph at lines 2231--2232
\OT1/cmr/m/n/10.95 Mag-ne-tize on her gun and on
 []


Underfull \hbox (badness 7362) in paragraph at lines 2262--2263
[]\OT1/cmr/m/n/10.95 +2 DT, +1 base
 []


Underfull \hbox (badness 1924) in paragraph at lines 2263--2264
[]\OT1/cmr/m/n/10.95 +3 DT, +2 base
 []

[49]
Underfull \hbox (badness 6204) in paragraph at lines 2264--2265
[]\OT1/cmr/m/n/10.95 +4 DT, +3 base
 []


Underfull \hbox (badness 8189) in paragraph at lines 2325--2326
[]\OT1/cmr/m/n/10.95 Large Splash; 4
 []

[50]
Underfull \hbox (badness 10000) in paragraph at lines 2401--2402
[]\OT1/cmr/m/n/10.95 Small Splash; 1
 []

[51] [52] [53]
Underfull \hbox (badness 1048) in paragraph at lines 2620--2621
[]\OT1/cmr/m/n/10.95 The caster en-chants their body to pro-
 []


Underfull \hbox (badness 10000) in paragraph at lines 2650--2651
[]\OT1/cmr/m/n/10.95 Tiny Splash Tem-
 []


Underfull \hbox (badness 2521) in paragraph at lines 2652--2653
[]\OT1/cmr/m/n/10.95 Large Splash Tem-
 []


Underfull \hbox (badness 1043) in paragraph at lines 2678--2679
[]\OT1/cmr/m/n/10.95 The caster con-jures up a slightly grim-
 []

[54] [55]
Underfull \hbox (badness 10000) in paragraph at lines 2805--2806
[]\OT1/cmr/m/n/10.95 Tiny Splash, 1
 []


Underfull \hbox (badness 10000) in paragraph at lines 2806--2807
[]\OT1/cmr/m/n/10.95 Small Splash, 2
 []


Underfull \hbox (badness 10000) in paragraph at lines 2807--2808
[]\OT1/cmr/m/n/10.95 Large Splash, 2
 []

[56]
Underfull \hbox (badness 3601) in paragraph at lines 2878--2879
[]\OT1/cmr/m/n/10.95 The poi-son-ing chance de-pends on the
 []

[57] [58] [59] [60] [61]
Package atveryend Info: Empty hook `BeforeClearDocument' on input line 3336.
 [62]
Package atveryend Info: Empty hook `AfterLastShipout' on input line 3336.

("C:\Users\Roope O\Documents\RPG RULES\Homebrew\WV\BUILD\WANDFILE_TEX.aux")
Package atveryend Info: Executing hook `AtVeryEndDocument' on input line 3336.
Package atveryend Info: Executing hook `AtEndAfterFileList' on input line 3336.

Package rerunfilecheck Info: File `WANDFILE_TEX.out' has not changed.
(rerunfilecheck)             Checksum: FC431D4925E67E09930356AA830656BF;2006.
Package atveryend Info: Empty hook `AtVeryVeryEnd' on input line 3336.
 ) 
Here is how much of TeX's memory you used:
 9067 strings out of 493305
 133623 string characters out of 3128930
 236101 words of memory out of 3000000
 12236 multiletter control sequences out of 15000+200000
 12389 words of font info for 45 fonts, out of 3000000 for 9000
 1141 hyphenation exceptions out of 8191
 41i,18n,43p,669b,454s stack positions out of 5000i,500n,10000p,200000b,50000s
<C:/Users/Roope O/AppData/Local/Programs/MiKTeX 2.9/fonts/type1/public/amsfon
ts/cm/cmbx10.pfb><C:/Users/Roope O/AppData/Local/Programs/MiKTeX 2.9/fonts/type
1/public/amsfonts/cm/cmbx12.pfb><C:/Users/Roope O/AppData/Local/Programs/MiKTeX
 2.9/fonts/type1/public/amsfonts/cm/cmbxti10.pfb><C:/Users/Roope O/AppData/Loca
l/Programs/MiKTeX 2.9/fonts/type1/public/amsfonts/cm/cmmi10.pfb><C:/Users/Roope
 O/AppData/Local/Programs/MiKTeX 2.9/fonts/type1/public/amsfonts/cm/cmr10.pfb><
C:/Users/Roope O/AppData/Local/Programs/MiKTeX 2.9/fonts/type1/public/amsfonts/
cm/cmsl10.pfb><C:/Users/Roope O/AppData/Local/Programs/MiKTeX 2.9/fonts/type1/p
ublic/amsfonts/cm/cmsy10.pfb><C:/Users/Roope O/AppData/Local/Programs/MiKTeX 2.
9/fonts/type1/public/amsfonts/cm/cmti10.pfb>
Output written on WANDFILE_TEX.pdf (63 pages, 16554376 bytes).
PDF statistics:
 673 PDF objects out of 1000 (max. 8388607)
 195 named destinations out of 1000 (max. 500000)
 496 words of extra memory for PDF output out of 10000 (max. 10000000)

